[0.051s] Invoking command in '/home/william/repos/control_system_ws/build/custom_interfaces': CMAKE_PREFIX_PATH=${CMAKE_PREFIX_PATH}:/home/william/repos/control_system_ws/install/shimmer_imu:/home/william/repos/control_system_ws/install/shimmer_emg:/home/william/repos/control_system_ws/install/shimmer:/opt/ros/humble /usr/bin/cmake --build /home/william/repos/control_system_ws/build/custom_interfaces -- -j16 -l16
[0.086s] [35m[1mConsolidate compiler generated dependencies of target custom_interfaces__rosidl_generator_c[0m
[0.095s] [  3%] Built target custom_interfaces__cpp
[0.096s] [ 12%] Built target custom_interfaces__rosidl_generator_c
[0.105s] [ 12%] Built target ament_cmake_python_copy_custom_interfaces
[0.105s] [35m[1mConsolidate compiler generated dependencies of target custom_interfaces__rosidl_typesupport_cpp[0m
[0.105s] [35m[1mConsolidate compiler generated dependencies of target custom_interfaces__rosidl_typesupport_introspection_cpp[0m
[0.105s] [35m[1mConsolidate compiler generated dependencies of target custom_interfaces__rosidl_typesupport_fastrtps_cpp[0m
[0.106s] [35m[1mConsolidate compiler generated dependencies of target custom_interfaces__rosidl_typesupport_fastrtps_c[0m
[0.106s] [35m[1mConsolidate compiler generated dependencies of target custom_interfaces__rosidl_typesupport_introspection_c[0m
[0.107s] [35m[1mConsolidate compiler generated dependencies of target custom_interfaces__rosidl_typesupport_c[0m
[0.120s] [ 32%] Built target custom_interfaces__rosidl_typesupport_c
[0.120s] [ 32%] Built target custom_interfaces__rosidl_typesupport_introspection_c
[0.120s] [ 41%] Built target custom_interfaces__rosidl_typesupport_cpp
[0.120s] [ 51%] Built target custom_interfaces__rosidl_typesupport_introspection_cpp
[0.121s] [ 61%] Built target custom_interfaces__rosidl_typesupport_fastrtps_cpp
[0.121s] [ 70%] Built target custom_interfaces__rosidl_typesupport_fastrtps_c
[0.143s] [ 70%] Built target custom_interfaces
[0.164s] [ 74%] Built target custom_interfaces__py
[0.174s] [35m[1mConsolidate compiler generated dependencies of target custom_interfaces__rosidl_generator_py[0m
[0.189s] [ 80%] Built target custom_interfaces__rosidl_generator_py
[0.200s] [35m[1mConsolidate compiler generated dependencies of target custom_interfaces__rosidl_typesupport_c__pyext[0m
[0.200s] [35m[1mConsolidate compiler generated dependencies of target custom_interfaces__rosidl_typesupport_fastrtps_c__pyext[0m
[0.200s] [35m[1mConsolidate compiler generated dependencies of target custom_interfaces__rosidl_typesupport_introspection_c__pyext[0m
[0.216s] [100%] Built target custom_interfaces__rosidl_typesupport_introspection_c__pyext
[0.216s] [100%] Built target custom_interfaces__rosidl_typesupport_fastrtps_c__pyext
[0.217s] [100%] Built target custom_interfaces__rosidl_typesupport_c__pyext
[0.281s] running egg_info
[0.293s] writing custom_interfaces.egg-info/PKG-INFO
[0.294s] writing dependency_links to custom_interfaces.egg-info/dependency_links.txt
[0.294s] writing top-level names to custom_interfaces.egg-info/top_level.txt
[0.331s] reading manifest file 'custom_interfaces.egg-info/SOURCES.txt'
[0.332s] writing manifest file 'custom_interfaces.egg-info/SOURCES.txt'
[0.356s] [100%] Built target ament_cmake_python_build_custom_interfaces_egg
[0.370s] Invoked command in '/home/william/repos/control_system_ws/build/custom_interfaces' returned '0': CMAKE_PREFIX_PATH=${CMAKE_PREFIX_PATH}:/home/william/repos/control_system_ws/install/shimmer_imu:/home/william/repos/control_system_ws/install/shimmer_emg:/home/william/repos/control_system_ws/install/shimmer:/opt/ros/humble /usr/bin/cmake --build /home/william/repos/control_system_ws/build/custom_interfaces -- -j16 -l16
[0.441s] Invoking command in '/home/william/repos/control_system_ws/build/custom_interfaces': CMAKE_PREFIX_PATH=${CMAKE_PREFIX_PATH}:/home/william/repos/control_system_ws/install/shimmer_imu:/home/william/repos/control_system_ws/install/shimmer_emg:/home/william/repos/control_system_ws/install/shimmer:/opt/ros/humble /usr/bin/cmake --install /home/william/repos/control_system_ws/build/custom_interfaces
[0.449s] -- Install configuration: ""
[0.449s] -- Up-to-date: /home/william/repos/control_system_ws/install/custom_interfaces/share/ament_index/resource_index/rosidl_interfaces/custom_interfaces
[0.449s] -- Up-to-date: /home/william/repos/control_system_ws/install/custom_interfaces/include/custom_interfaces/custom_interfaces
[0.449s] -- Up-to-date: /home/william/repos/control_system_ws/install/custom_interfaces/include/custom_interfaces/custom_interfaces/msg
[0.449s] -- Up-to-date: /home/william/repos/control_system_ws/install/custom_interfaces/include/custom_interfaces/custom_interfaces/msg/detail
[0.449s] -- Up-to-date: /home/william/repos/control_system_ws/install/custom_interfaces/include/custom_interfaces/custom_interfaces/msg/detail/emg__struct.h
[0.450s] -- Up-to-date: /home/william/repos/control_system_ws/install/custom_interfaces/include/custom_interfaces/custom_interfaces/msg/detail/emg__functions.h
[0.450s] -- Up-to-date: /home/william/repos/control_system_ws/install/custom_interfaces/include/custom_interfaces/custom_interfaces/msg/detail/emg__type_support.h
[0.450s] -- Up-to-date: /home/william/repos/control_system_ws/install/custom_interfaces/include/custom_interfaces/custom_interfaces/msg/detail/emg__functions.c
[0.450s] -- Up-to-date: /home/william/repos/control_system_ws/install/custom_interfaces/include/custom_interfaces/custom_interfaces/msg/rosidl_generator_c__visibility_control.h
[0.450s] -- Up-to-date: /home/william/repos/control_system_ws/install/custom_interfaces/include/custom_interfaces/custom_interfaces/msg/emg.h
[0.450s] -- Up-to-date: /home/william/repos/control_system_ws/install/custom_interfaces/share/custom_interfaces/environment/library_path.sh
[0.450s] -- Up-to-date: /home/william/repos/control_system_ws/install/custom_interfaces/share/custom_interfaces/environment/library_path.dsv
[0.450s] -- Up-to-date: /home/william/repos/control_system_ws/install/custom_interfaces/lib/libcustom_interfaces__rosidl_generator_c.so
[0.450s] -- Up-to-date: /home/william/repos/control_system_ws/install/custom_interfaces/include/custom_interfaces/custom_interfaces
[0.450s] -- Up-to-date: /home/william/repos/control_system_ws/install/custom_interfaces/include/custom_interfaces/custom_interfaces/msg
[0.451s] -- Up-to-date: /home/william/repos/control_system_ws/install/custom_interfaces/include/custom_interfaces/custom_interfaces/msg/detail
[0.451s] -- Up-to-date: /home/william/repos/control_system_ws/install/custom_interfaces/include/custom_interfaces/custom_interfaces/msg/detail/emg__rosidl_typesupport_fastrtps_c.h
[0.451s] -- Up-to-date: /home/william/repos/control_system_ws/install/custom_interfaces/include/custom_interfaces/custom_interfaces/msg/rosidl_typesupport_fastrtps_c__visibility_control.h
[0.451s] -- Up-to-date: /home/william/repos/control_system_ws/install/custom_interfaces/lib/libcustom_interfaces__rosidl_typesupport_fastrtps_c.so
[0.451s] -- Up-to-date: /home/william/repos/control_system_ws/install/custom_interfaces/include/custom_interfaces/custom_interfaces
[0.451s] -- Up-to-date: /home/william/repos/control_system_ws/install/custom_interfaces/include/custom_interfaces/custom_interfaces/msg
[0.451s] -- Up-to-date: /home/william/repos/control_system_ws/install/custom_interfaces/include/custom_interfaces/custom_interfaces/msg/detail
[0.451s] -- Up-to-date: /home/william/repos/control_system_ws/install/custom_interfaces/include/custom_interfaces/custom_interfaces/msg/detail/emg__rosidl_typesupport_introspection_c.h
[0.451s] -- Up-to-date: /home/william/repos/control_system_ws/install/custom_interfaces/include/custom_interfaces/custom_interfaces/msg/detail/emg__type_support.c
[0.451s] -- Up-to-date: /home/william/repos/control_system_ws/install/custom_interfaces/include/custom_interfaces/custom_interfaces/msg/rosidl_typesupport_introspection_c__visibility_control.h
[0.451s] -- Up-to-date: /home/william/repos/control_system_ws/install/custom_interfaces/lib/libcustom_interfaces__rosidl_typesupport_introspection_c.so
[0.451s] -- Up-to-date: /home/william/repos/control_system_ws/install/custom_interfaces/lib/libcustom_interfaces__rosidl_typesupport_c.so
[0.452s] -- Up-to-date: /home/william/repos/control_system_ws/install/custom_interfaces/include/custom_interfaces/custom_interfaces
[0.452s] -- Up-to-date: /home/william/repos/control_system_ws/install/custom_interfaces/include/custom_interfaces/custom_interfaces/msg
[0.452s] -- Up-to-date: /home/william/repos/control_system_ws/install/custom_interfaces/include/custom_interfaces/custom_interfaces/msg/detail
[0.452s] -- Up-to-date: /home/william/repos/control_system_ws/install/custom_interfaces/include/custom_interfaces/custom_interfaces/msg/detail/emg__traits.hpp
[0.452s] -- Up-to-date: /home/william/repos/control_system_ws/install/custom_interfaces/include/custom_interfaces/custom_interfaces/msg/detail/emg__builder.hpp
[0.452s] -- Up-to-date: /home/william/repos/control_system_ws/install/custom_interfaces/include/custom_interfaces/custom_interfaces/msg/detail/emg__struct.hpp
[0.452s] -- Up-to-date: /home/william/repos/control_system_ws/install/custom_interfaces/include/custom_interfaces/custom_interfaces/msg/emg.hpp
[0.452s] -- Up-to-date: /home/william/repos/control_system_ws/install/custom_interfaces/include/custom_interfaces/custom_interfaces
[0.452s] -- Up-to-date: /home/william/repos/control_system_ws/install/custom_interfaces/include/custom_interfaces/custom_interfaces/msg
[0.453s] -- Up-to-date: /home/william/repos/control_system_ws/install/custom_interfaces/include/custom_interfaces/custom_interfaces/msg/detail
[0.453s] -- Up-to-date: /home/william/repos/control_system_ws/install/custom_interfaces/include/custom_interfaces/custom_interfaces/msg/detail/emg__rosidl_typesupport_fastrtps_cpp.hpp
[0.453s] -- Up-to-date: /home/william/repos/control_system_ws/install/custom_interfaces/include/custom_interfaces/custom_interfaces/msg/detail/dds_fastrtps
[0.453s] -- Up-to-date: /home/william/repos/control_system_ws/install/custom_interfaces/include/custom_interfaces/custom_interfaces/msg/rosidl_typesupport_fastrtps_cpp__visibility_control.h
[0.453s] -- Up-to-date: /home/william/repos/control_system_ws/install/custom_interfaces/lib/libcustom_interfaces__rosidl_typesupport_fastrtps_cpp.so
[0.453s] -- Up-to-date: /home/william/repos/control_system_ws/install/custom_interfaces/include/custom_interfaces/custom_interfaces
[0.453s] -- Up-to-date: /home/william/repos/control_system_ws/install/custom_interfaces/include/custom_interfaces/custom_interfaces/msg
[0.453s] -- Up-to-date: /home/william/repos/control_system_ws/install/custom_interfaces/include/custom_interfaces/custom_interfaces/msg/detail
[0.453s] -- Up-to-date: /home/william/repos/control_system_ws/install/custom_interfaces/include/custom_interfaces/custom_interfaces/msg/detail/emg__rosidl_typesupport_introspection_cpp.hpp
[0.453s] -- Up-to-date: /home/william/repos/control_system_ws/install/custom_interfaces/include/custom_interfaces/custom_interfaces/msg/detail/emg__type_support.cpp
[0.453s] -- Up-to-date: /home/william/repos/control_system_ws/install/custom_interfaces/lib/libcustom_interfaces__rosidl_typesupport_introspection_cpp.so
[0.453s] -- Up-to-date: /home/william/repos/control_system_ws/install/custom_interfaces/lib/libcustom_interfaces__rosidl_typesupport_cpp.so
[0.454s] -- Up-to-date: /home/william/repos/control_system_ws/install/custom_interfaces/share/custom_interfaces/environment/pythonpath.sh
[0.454s] -- Up-to-date: /home/william/repos/control_system_ws/install/custom_interfaces/share/custom_interfaces/environment/pythonpath.dsv
[0.454s] -- Up-to-date: /home/william/repos/control_system_ws/install/custom_interfaces/local/lib/python3.10/dist-packages/custom_interfaces-0.0.0-py3.10.egg-info
[0.454s] -- Installing: /home/william/repos/control_system_ws/install/custom_interfaces/local/lib/python3.10/dist-packages/custom_interfaces-0.0.0-py3.10.egg-info/SOURCES.txt
[0.454s] -- Installing: /home/william/repos/control_system_ws/install/custom_interfaces/local/lib/python3.10/dist-packages/custom_interfaces-0.0.0-py3.10.egg-info/PKG-INFO
[0.454s] -- Installing: /home/william/repos/control_system_ws/install/custom_interfaces/local/lib/python3.10/dist-packages/custom_interfaces-0.0.0-py3.10.egg-info/top_level.txt
[0.454s] -- Installing: /home/william/repos/control_system_ws/install/custom_interfaces/local/lib/python3.10/dist-packages/custom_interfaces-0.0.0-py3.10.egg-info/dependency_links.txt
[0.454s] -- Up-to-date: /home/william/repos/control_system_ws/install/custom_interfaces/local/lib/python3.10/dist-packages/custom_interfaces
[0.454s] -- Up-to-date: /home/william/repos/control_system_ws/install/custom_interfaces/local/lib/python3.10/dist-packages/custom_interfaces/custom_interfaces_s__rosidl_typesupport_fastrtps_c.cpython-310-x86_64-linux-gnu.so
[0.454s] -- Up-to-date: /home/william/repos/control_system_ws/install/custom_interfaces/local/lib/python3.10/dist-packages/custom_interfaces/_custom_interfaces_s.ep.rosidl_typesupport_fastrtps_c.c
[0.454s] -- Up-to-date: /home/william/repos/control_system_ws/install/custom_interfaces/local/lib/python3.10/dist-packages/custom_interfaces/_custom_interfaces_s.ep.rosidl_typesupport_c.c
[0.454s] -- Up-to-date: /home/william/repos/control_system_ws/install/custom_interfaces/local/lib/python3.10/dist-packages/custom_interfaces/libcustom_interfaces__rosidl_generator_py.so
[0.454s] -- Up-to-date: /home/william/repos/control_system_ws/install/custom_interfaces/local/lib/python3.10/dist-packages/custom_interfaces/custom_interfaces_s__rosidl_typesupport_introspection_c.cpython-310-x86_64-linux-gnu.so
[0.455s] -- Up-to-date: /home/william/repos/control_system_ws/install/custom_interfaces/local/lib/python3.10/dist-packages/custom_interfaces/custom_interfaces_s__rosidl_typesupport_c.cpython-310-x86_64-linux-gnu.so
[0.455s] -- Up-to-date: /home/william/repos/control_system_ws/install/custom_interfaces/local/lib/python3.10/dist-packages/custom_interfaces/_custom_interfaces_s.ep.rosidl_typesupport_introspection_c.c
[0.455s] -- Up-to-date: /home/william/repos/control_system_ws/install/custom_interfaces/local/lib/python3.10/dist-packages/custom_interfaces/msg
[0.455s] -- Up-to-date: /home/william/repos/control_system_ws/install/custom_interfaces/local/lib/python3.10/dist-packages/custom_interfaces/msg/_emg_s.c
[0.455s] -- Up-to-date: /home/william/repos/control_system_ws/install/custom_interfaces/local/lib/python3.10/dist-packages/custom_interfaces/msg/__init__.py
[0.455s] -- Up-to-date: /home/william/repos/control_system_ws/install/custom_interfaces/local/lib/python3.10/dist-packages/custom_interfaces/msg/_emg.py
[0.455s] -- Up-to-date: /home/william/repos/control_system_ws/install/custom_interfaces/local/lib/python3.10/dist-packages/custom_interfaces/__init__.py
[0.479s] Listing '/home/william/repos/control_system_ws/install/custom_interfaces/local/lib/python3.10/dist-packages/custom_interfaces'...
[0.479s] Listing '/home/william/repos/control_system_ws/install/custom_interfaces/local/lib/python3.10/dist-packages/custom_interfaces/msg'...
[0.482s] -- Up-to-date: /home/william/repos/control_system_ws/install/custom_interfaces/local/lib/python3.10/dist-packages/custom_interfaces/custom_interfaces_s__rosidl_typesupport_fastrtps_c.cpython-310-x86_64-linux-gnu.so
[0.483s] -- Up-to-date: /home/william/repos/control_system_ws/install/custom_interfaces/local/lib/python3.10/dist-packages/custom_interfaces/custom_interfaces_s__rosidl_typesupport_introspection_c.cpython-310-x86_64-linux-gnu.so
[0.483s] -- Up-to-date: /home/william/repos/control_system_ws/install/custom_interfaces/local/lib/python3.10/dist-packages/custom_interfaces/custom_interfaces_s__rosidl_typesupport_c.cpython-310-x86_64-linux-gnu.so
[0.483s] -- Up-to-date: /home/william/repos/control_system_ws/install/custom_interfaces/lib/libcustom_interfaces__rosidl_generator_py.so
[0.483s] -- Up-to-date: /home/william/repos/control_system_ws/install/custom_interfaces/share/custom_interfaces/msg/EMG.idl
[0.483s] -- Up-to-date: /home/william/repos/control_system_ws/install/custom_interfaces/share/custom_interfaces/msg/EMG.msg
[0.484s] -- Up-to-date: /home/william/repos/control_system_ws/install/custom_interfaces/share/ament_index/resource_index/package_run_dependencies/custom_interfaces
[0.484s] -- Up-to-date: /home/william/repos/control_system_ws/install/custom_interfaces/share/ament_index/resource_index/parent_prefix_path/custom_interfaces
[0.484s] -- Up-to-date: /home/william/repos/control_system_ws/install/custom_interfaces/share/custom_interfaces/environment/ament_prefix_path.sh
[0.484s] -- Up-to-date: /home/william/repos/control_system_ws/install/custom_interfaces/share/custom_interfaces/environment/ament_prefix_path.dsv
[0.484s] -- Up-to-date: /home/william/repos/control_system_ws/install/custom_interfaces/share/custom_interfaces/environment/path.sh
[0.484s] -- Up-to-date: /home/william/repos/control_system_ws/install/custom_interfaces/share/custom_interfaces/environment/path.dsv
[0.484s] -- Up-to-date: /home/william/repos/control_system_ws/install/custom_interfaces/share/custom_interfaces/local_setup.bash
[0.484s] -- Up-to-date: /home/william/repos/control_system_ws/install/custom_interfaces/share/custom_interfaces/local_setup.sh
[0.484s] -- Up-to-date: /home/william/repos/control_system_ws/install/custom_interfaces/share/custom_interfaces/local_setup.zsh
[0.484s] -- Up-to-date: /home/william/repos/control_system_ws/install/custom_interfaces/share/custom_interfaces/local_setup.dsv
[0.484s] -- Installing: /home/william/repos/control_system_ws/install/custom_interfaces/share/custom_interfaces/package.dsv
[0.485s] -- Up-to-date: /home/william/repos/control_system_ws/install/custom_interfaces/share/ament_index/resource_index/packages/custom_interfaces
[0.485s] -- Up-to-date: /home/william/repos/control_system_ws/install/custom_interfaces/share/custom_interfaces/cmake/export_custom_interfaces__rosidl_generator_cExport.cmake
[0.485s] -- Up-to-date: /home/william/repos/control_system_ws/install/custom_interfaces/share/custom_interfaces/cmake/export_custom_interfaces__rosidl_generator_cExport-noconfig.cmake
[0.485s] -- Up-to-date: /home/william/repos/control_system_ws/install/custom_interfaces/share/custom_interfaces/cmake/export_custom_interfaces__rosidl_typesupport_fastrtps_cExport.cmake
[0.485s] -- Up-to-date: /home/william/repos/control_system_ws/install/custom_interfaces/share/custom_interfaces/cmake/export_custom_interfaces__rosidl_typesupport_fastrtps_cExport-noconfig.cmake
[0.485s] -- Up-to-date: /home/william/repos/control_system_ws/install/custom_interfaces/share/custom_interfaces/cmake/custom_interfaces__rosidl_typesupport_introspection_cExport.cmake
[0.485s] -- Up-to-date: /home/william/repos/control_system_ws/install/custom_interfaces/share/custom_interfaces/cmake/custom_interfaces__rosidl_typesupport_introspection_cExport-noconfig.cmake
[0.485s] -- Up-to-date: /home/william/repos/control_system_ws/install/custom_interfaces/share/custom_interfaces/cmake/custom_interfaces__rosidl_typesupport_cExport.cmake
[0.485s] -- Up-to-date: /home/william/repos/control_system_ws/install/custom_interfaces/share/custom_interfaces/cmake/custom_interfaces__rosidl_typesupport_cExport-noconfig.cmake
[0.485s] -- Up-to-date: /home/william/repos/control_system_ws/install/custom_interfaces/share/custom_interfaces/cmake/export_custom_interfaces__rosidl_generator_cppExport.cmake
[0.485s] -- Up-to-date: /home/william/repos/control_system_ws/install/custom_interfaces/share/custom_interfaces/cmake/export_custom_interfaces__rosidl_typesupport_fastrtps_cppExport.cmake
[0.486s] -- Up-to-date: /home/william/repos/control_system_ws/install/custom_interfaces/share/custom_interfaces/cmake/export_custom_interfaces__rosidl_typesupport_fastrtps_cppExport-noconfig.cmake
[0.486s] -- Up-to-date: /home/william/repos/control_system_ws/install/custom_interfaces/share/custom_interfaces/cmake/custom_interfaces__rosidl_typesupport_introspection_cppExport.cmake
[0.486s] -- Up-to-date: /home/william/repos/control_system_ws/install/custom_interfaces/share/custom_interfaces/cmake/custom_interfaces__rosidl_typesupport_introspection_cppExport-noconfig.cmake
[0.486s] -- Up-to-date: /home/william/repos/control_system_ws/install/custom_interfaces/share/custom_interfaces/cmake/custom_interfaces__rosidl_typesupport_cppExport.cmake
[0.486s] -- Up-to-date: /home/william/repos/control_system_ws/install/custom_interfaces/share/custom_interfaces/cmake/custom_interfaces__rosidl_typesupport_cppExport-noconfig.cmake
[0.486s] -- Up-to-date: /home/william/repos/control_system_ws/install/custom_interfaces/share/custom_interfaces/cmake/export_custom_interfaces__rosidl_generator_pyExport.cmake
[0.486s] -- Up-to-date: /home/william/repos/control_system_ws/install/custom_interfaces/share/custom_interfaces/cmake/export_custom_interfaces__rosidl_generator_pyExport-noconfig.cmake
[0.486s] -- Up-to-date: /home/william/repos/control_system_ws/install/custom_interfaces/share/custom_interfaces/cmake/rosidl_cmake-extras.cmake
[0.486s] -- Up-to-date: /home/william/repos/control_system_ws/install/custom_interfaces/share/custom_interfaces/cmake/ament_cmake_export_dependencies-extras.cmake
[0.486s] -- Up-to-date: /home/william/repos/control_system_ws/install/custom_interfaces/share/custom_interfaces/cmake/ament_cmake_export_include_directories-extras.cmake
[0.486s] -- Up-to-date: /home/william/repos/control_system_ws/install/custom_interfaces/share/custom_interfaces/cmake/ament_cmake_export_libraries-extras.cmake
[0.486s] -- Up-to-date: /home/william/repos/control_system_ws/install/custom_interfaces/share/custom_interfaces/cmake/ament_cmake_export_targets-extras.cmake
[0.486s] -- Up-to-date: /home/william/repos/control_system_ws/install/custom_interfaces/share/custom_interfaces/cmake/rosidl_cmake_export_typesupport_targets-extras.cmake
[0.486s] -- Up-to-date: /home/william/repos/control_system_ws/install/custom_interfaces/share/custom_interfaces/cmake/rosidl_cmake_export_typesupport_libraries-extras.cmake
[0.487s] -- Up-to-date: /home/william/repos/control_system_ws/install/custom_interfaces/share/custom_interfaces/cmake/custom_interfacesConfig.cmake
[0.487s] -- Up-to-date: /home/william/repos/control_system_ws/install/custom_interfaces/share/custom_interfaces/cmake/custom_interfacesConfig-version.cmake
[0.487s] -- Up-to-date: /home/william/repos/control_system_ws/install/custom_interfaces/share/custom_interfaces/package.xml
[0.488s] Invoked command in '/home/william/repos/control_system_ws/build/custom_interfaces' returned '0': CMAKE_PREFIX_PATH=${CMAKE_PREFIX_PATH}:/home/william/repos/control_system_ws/install/shimmer_imu:/home/william/repos/control_system_ws/install/shimmer_emg:/home/william/repos/control_system_ws/install/shimmer:/opt/ros/humble /usr/bin/cmake --install /home/william/repos/control_system_ws/build/custom_interfaces
