[1.169s] DEBUG:colcon:Command line arguments: ['/usr/bin/colcon', 'build']
[1.170s] DEBUG:colcon:Parsed command line arguments: Namespace(log_base=None, log_level=None, verb_name='build', build_base='build', install_base='install', merge_install=False, symlink_install=False, test_result_base=None, continue_on_error=False, executor='parallel', parallel_workers=4, event_handlers=None, ignore_user_meta=False, metas=['./colcon.meta'], base_paths=['.'], packages_ignore=None, packages_ignore_regex=None, paths=None, packages_up_to=None, packages_up_to_regex=None, packages_above=None, packages_above_and_dependencies=None, packages_above_depth=None, packages_select_by_dep=None, packages_skip_by_dep=None, packages_skip_up_to=None, packages_select_build_failed=False, packages_skip_build_finished=False, packages_select_test_failures=False, packages_skip_test_passed=False, packages_select=None, packages_skip=None, packages_select_regex=None, packages_skip_regex=None, packages_start=None, packages_end=None, allow_overriding=[], cmake_args=None, cmake_target=None, cmake_target_skip_unavailable=False, cmake_clean_cache=False, cmake_clean_first=False, cmake_force_configure=False, ament_cmake_args=None, catkin_cmake_args=None, catkin_skip_building_tests=False, verb_parser=<colcon_defaults.argument_parser.defaults.DefaultArgumentsDecorator object at 0xffff90092a40>, verb_extension=<colcon_core.verb.build.BuildVerb object at 0xffff90402e60>, main=<bound method BuildVerb.main of <colcon_core.verb.build.BuildVerb object at 0xffff90402e60>>)
[2.280s] Level 1:colcon.colcon_core.package_discovery:discover_packages(colcon_meta) check parameters
[2.280s] Level 1:colcon.colcon_core.package_discovery:discover_packages(recursive) check parameters
[2.280s] Level 1:colcon.colcon_core.package_discovery:discover_packages(ignore) check parameters
[2.280s] Level 1:colcon.colcon_core.package_discovery:discover_packages(path) check parameters
[2.281s] Level 1:colcon.colcon_core.package_discovery:discover_packages(colcon_meta) discover
[2.281s] Level 1:colcon.colcon_core.package_discovery:discover_packages(recursive) discover
[2.281s] INFO:colcon.colcon_core.package_discovery:Crawling recursively for packages in '/home/pi/MasterThesis'
[2.281s] Level 1:colcon.colcon_core.package_identification:_identify(.) by extensions ['ignore', 'ignore_ament_install']
[2.282s] Level 1:colcon.colcon_core.package_identification:_identify(.) by extension 'ignore'
[2.283s] Level 1:colcon.colcon_core.package_identification:_identify(.) by extension 'ignore_ament_install'
[2.283s] Level 1:colcon.colcon_core.package_identification:_identify(.) by extensions ['colcon_pkg']
[2.283s] Level 1:colcon.colcon_core.package_identification:_identify(.) by extension 'colcon_pkg'
[2.284s] Level 1:colcon.colcon_core.package_identification:_identify(.) by extensions ['colcon_meta']
[2.284s] Level 1:colcon.colcon_core.package_identification:_identify(.) by extension 'colcon_meta'
[2.284s] Level 1:colcon.colcon_core.package_identification:_identify(.) by extensions ['ros']
[2.284s] Level 1:colcon.colcon_core.package_identification:_identify(.) by extension 'ros'
[2.364s] Level 1:colcon.colcon_core.package_identification:_identify(.) by extensions ['cmake', 'python']
[2.364s] Level 1:colcon.colcon_core.package_identification:_identify(.) by extension 'cmake'
[2.365s] Level 1:colcon.colcon_core.package_identification:_identify(.) by extension 'python'
[2.365s] Level 1:colcon.colcon_core.package_identification:_identify(.) by extensions ['python_setup_py']
[2.365s] Level 1:colcon.colcon_core.package_identification:_identify(.) by extension 'python_setup_py'
[2.365s] Level 1:colcon.colcon_core.package_identification:_identify(build) by extensions ['ignore', 'ignore_ament_install']
[2.366s] Level 1:colcon.colcon_core.package_identification:_identify(build) by extension 'ignore'
[2.366s] Level 1:colcon.colcon_core.package_identification:_identify(build) ignored
[2.367s] Level 1:colcon.colcon_core.package_identification:_identify(install) by extensions ['ignore', 'ignore_ament_install']
[2.367s] Level 1:colcon.colcon_core.package_identification:_identify(install) by extension 'ignore'
[2.367s] Level 1:colcon.colcon_core.package_identification:_identify(install) ignored
[2.368s] Level 1:colcon.colcon_core.package_identification:_identify(log) by extensions ['ignore', 'ignore_ament_install']
[2.368s] Level 1:colcon.colcon_core.package_identification:_identify(log) by extension 'ignore'
[2.369s] Level 1:colcon.colcon_core.package_identification:_identify(log) ignored
[2.369s] Level 1:colcon.colcon_core.package_identification:_identify(src) by extensions ['ignore', 'ignore_ament_install']
[2.369s] Level 1:colcon.colcon_core.package_identification:_identify(src) by extension 'ignore'
[2.369s] Level 1:colcon.colcon_core.package_identification:_identify(src) by extension 'ignore_ament_install'
[2.370s] Level 1:colcon.colcon_core.package_identification:_identify(src) by extensions ['colcon_pkg']
[2.370s] Level 1:colcon.colcon_core.package_identification:_identify(src) by extension 'colcon_pkg'
[2.370s] Level 1:colcon.colcon_core.package_identification:_identify(src) by extensions ['colcon_meta']
[2.370s] Level 1:colcon.colcon_core.package_identification:_identify(src) by extension 'colcon_meta'
[2.370s] Level 1:colcon.colcon_core.package_identification:_identify(src) by extensions ['ros']
[2.370s] Level 1:colcon.colcon_core.package_identification:_identify(src) by extension 'ros'
[2.371s] Level 1:colcon.colcon_core.package_identification:_identify(src) by extensions ['cmake', 'python']
[2.371s] Level 1:colcon.colcon_core.package_identification:_identify(src) by extension 'cmake'
[2.371s] Level 1:colcon.colcon_core.package_identification:_identify(src) by extension 'python'
[2.371s] Level 1:colcon.colcon_core.package_identification:_identify(src) by extensions ['python_setup_py']
[2.371s] Level 1:colcon.colcon_core.package_identification:_identify(src) by extension 'python_setup_py'
[2.372s] Level 1:colcon.colcon_core.package_identification:_identify(src/custom_interfaces) by extensions ['ignore', 'ignore_ament_install']
[2.372s] Level 1:colcon.colcon_core.package_identification:_identify(src/custom_interfaces) by extension 'ignore'
[2.372s] Level 1:colcon.colcon_core.package_identification:_identify(src/custom_interfaces) by extension 'ignore_ament_install'
[2.372s] Level 1:colcon.colcon_core.package_identification:_identify(src/custom_interfaces) by extensions ['colcon_pkg']
[2.372s] Level 1:colcon.colcon_core.package_identification:_identify(src/custom_interfaces) by extension 'colcon_pkg'
[2.373s] Level 1:colcon.colcon_core.package_identification:_identify(src/custom_interfaces) by extensions ['colcon_meta']
[2.373s] Level 1:colcon.colcon_core.package_identification:_identify(src/custom_interfaces) by extension 'colcon_meta'
[2.373s] Level 1:colcon.colcon_core.package_identification:_identify(src/custom_interfaces) by extensions ['ros']
[2.373s] Level 1:colcon.colcon_core.package_identification:_identify(src/custom_interfaces) by extension 'ros'
[2.386s] DEBUG:colcon.colcon_core.package_identification:Package 'src/custom_interfaces' with type 'ros.ament_cmake' and name 'custom_interfaces'
[2.387s] Level 1:colcon.colcon_core.package_identification:_identify(src/shimmer_emg) by extensions ['ignore', 'ignore_ament_install']
[2.388s] Level 1:colcon.colcon_core.package_identification:_identify(src/shimmer_emg) by extension 'ignore'
[2.388s] Level 1:colcon.colcon_core.package_identification:_identify(src/shimmer_emg) by extension 'ignore_ament_install'
[2.388s] Level 1:colcon.colcon_core.package_identification:_identify(src/shimmer_emg) by extensions ['colcon_pkg']
[2.388s] Level 1:colcon.colcon_core.package_identification:_identify(src/shimmer_emg) by extension 'colcon_pkg'
[2.388s] Level 1:colcon.colcon_core.package_identification:_identify(src/shimmer_emg) by extensions ['colcon_meta']
[2.389s] Level 1:colcon.colcon_core.package_identification:_identify(src/shimmer_emg) by extension 'colcon_meta'
[2.389s] Level 1:colcon.colcon_core.package_identification:_identify(src/shimmer_emg) by extensions ['ros']
[2.389s] Level 1:colcon.colcon_core.package_identification:_identify(src/shimmer_emg) by extension 'ros'
[2.391s] DEBUG:colcon.colcon_core.package_identification:Package 'src/shimmer_emg' with type 'ros.ament_python' and name 'shimmer_emg'
[2.392s] Level 1:colcon.colcon_core.package_discovery:discover_packages(recursive) using defaults
[2.392s] Level 1:colcon.colcon_core.package_discovery:discover_packages(ignore) discover
[2.392s] Level 1:colcon.colcon_core.package_discovery:discover_packages(ignore) using defaults
[2.392s] Level 1:colcon.colcon_core.package_discovery:discover_packages(path) discover
[2.392s] Level 1:colcon.colcon_core.package_discovery:discover_packages(path) using defaults
[2.532s] Level 1:colcon.colcon_core.package_discovery:discover_packages(prefix_path) check parameters
[2.533s] Level 1:colcon.colcon_core.package_discovery:discover_packages(prefix_path) discover
[2.555s] DEBUG:colcon.colcon_installed_package_information.package_discovery:Found 180 installed packages in /opt/ros/humble
[2.560s] Level 1:colcon.colcon_core.package_discovery:discover_packages(prefix_path) using defaults
[2.669s] Level 5:colcon.colcon_core.verb:set package 'custom_interfaces' build argument 'cmake_args' from command line to 'None'
[2.669s] Level 5:colcon.colcon_core.verb:set package 'custom_interfaces' build argument 'cmake_target' from command line to 'None'
[2.669s] Level 5:colcon.colcon_core.verb:set package 'custom_interfaces' build argument 'cmake_target_skip_unavailable' from command line to 'False'
[2.670s] Level 5:colcon.colcon_core.verb:set package 'custom_interfaces' build argument 'cmake_clean_cache' from command line to 'False'
[2.670s] Level 5:colcon.colcon_core.verb:set package 'custom_interfaces' build argument 'cmake_clean_first' from command line to 'False'
[2.670s] Level 5:colcon.colcon_core.verb:set package 'custom_interfaces' build argument 'cmake_force_configure' from command line to 'False'
[2.670s] Level 5:colcon.colcon_core.verb:set package 'custom_interfaces' build argument 'ament_cmake_args' from command line to 'None'
[2.670s] Level 5:colcon.colcon_core.verb:set package 'custom_interfaces' build argument 'catkin_cmake_args' from command line to 'None'
[2.670s] Level 5:colcon.colcon_core.verb:set package 'custom_interfaces' build argument 'catkin_skip_building_tests' from command line to 'False'
[2.670s] DEBUG:colcon.colcon_core.verb:Building package 'custom_interfaces' with the following arguments: {'ament_cmake_args': None, 'build_base': '/home/pi/MasterThesis/build/custom_interfaces', 'catkin_cmake_args': None, 'catkin_skip_building_tests': False, 'cmake_args': None, 'cmake_clean_cache': False, 'cmake_clean_first': False, 'cmake_force_configure': False, 'cmake_target': None, 'cmake_target_skip_unavailable': False, 'install_base': '/home/pi/MasterThesis/install/custom_interfaces', 'merge_install': False, 'path': '/home/pi/MasterThesis/src/custom_interfaces', 'symlink_install': False, 'test_result_base': None}
[2.672s] Level 5:colcon.colcon_core.verb:set package 'shimmer_emg' build argument 'cmake_args' from command line to 'None'
[2.672s] Level 5:colcon.colcon_core.verb:set package 'shimmer_emg' build argument 'cmake_target' from command line to 'None'
[2.672s] Level 5:colcon.colcon_core.verb:set package 'shimmer_emg' build argument 'cmake_target_skip_unavailable' from command line to 'False'
[2.672s] Level 5:colcon.colcon_core.verb:set package 'shimmer_emg' build argument 'cmake_clean_cache' from command line to 'False'
[2.672s] Level 5:colcon.colcon_core.verb:set package 'shimmer_emg' build argument 'cmake_clean_first' from command line to 'False'
[2.672s] Level 5:colcon.colcon_core.verb:set package 'shimmer_emg' build argument 'cmake_force_configure' from command line to 'False'
[2.672s] Level 5:colcon.colcon_core.verb:set package 'shimmer_emg' build argument 'ament_cmake_args' from command line to 'None'
[2.672s] Level 5:colcon.colcon_core.verb:set package 'shimmer_emg' build argument 'catkin_cmake_args' from command line to 'None'
[2.672s] Level 5:colcon.colcon_core.verb:set package 'shimmer_emg' build argument 'catkin_skip_building_tests' from command line to 'False'
[2.673s] DEBUG:colcon.colcon_core.verb:Building package 'shimmer_emg' with the following arguments: {'ament_cmake_args': None, 'build_base': '/home/pi/MasterThesis/build/shimmer_emg', 'catkin_cmake_args': None, 'catkin_skip_building_tests': False, 'cmake_args': None, 'cmake_clean_cache': False, 'cmake_clean_first': False, 'cmake_force_configure': False, 'cmake_target': None, 'cmake_target_skip_unavailable': False, 'install_base': '/home/pi/MasterThesis/install/shimmer_emg', 'merge_install': False, 'path': '/home/pi/MasterThesis/src/shimmer_emg', 'symlink_install': False, 'test_result_base': None}
[2.673s] INFO:colcon.colcon_core.executor:Executing jobs using 'parallel' executor
[2.676s] DEBUG:colcon.colcon_parallel_executor.executor.parallel:run_until_complete
[2.677s] INFO:colcon.colcon_ros.task.ament_cmake.build:Building ROS package in '/home/pi/MasterThesis/src/custom_interfaces' with build type 'ament_cmake'
[2.678s] INFO:colcon.colcon_cmake.task.cmake.build:Building CMake package in '/home/pi/MasterThesis/src/custom_interfaces'
[2.705s] INFO:colcon.colcon_core.plugin_system:Skipping extension 'colcon_core.shell.bat': Not used on non-Windows systems
[2.706s] INFO:colcon.colcon_core.shell:Skip shell extension 'powershell' for command environment: Not usable outside of PowerShell
[2.706s] DEBUG:colcon.colcon_core.shell:Skip shell extension 'dsv' for command environment
[2.868s] DEBUG:colcon.colcon_core.event_handler.log_command:Invoking command in '/home/pi/MasterThesis/build/custom_interfaces': CMAKE_PREFIX_PATH=/opt/ros/humble /usr/bin/cmake --build /home/pi/MasterThesis/build/custom_interfaces -- -j4 -l4
[3.254s] DEBUG:colcon.colcon_core.event_handler.log_command:Invoked command in '/home/pi/MasterThesis/build/custom_interfaces' returned '2': CMAKE_PREFIX_PATH=/opt/ros/humble /usr/bin/cmake --build /home/pi/MasterThesis/build/custom_interfaces -- -j4 -l4
[3.571s] Level 1:colcon.colcon_core.environment:create_environment_scripts_only(custom_interfaces)
[3.607s] Level 1:colcon.colcon_core.environment:checking '/home/pi/MasterThesis/install/custom_interfaces' for CMake module files
[3.614s] Level 1:colcon.colcon_core.environment:checking '/home/pi/MasterThesis/install/custom_interfaces' for CMake config files
[3.618s] Level 1:colcon.colcon_core.shell:create_environment_hook('custom_interfaces', 'cmake_prefix_path')
[3.620s] INFO:colcon.colcon_core.shell:Creating environment hook '/home/pi/MasterThesis/install/custom_interfaces/share/custom_interfaces/hook/cmake_prefix_path.ps1'
[3.662s] INFO:colcon.colcon_core.shell:Creating environment descriptor '/home/pi/MasterThesis/install/custom_interfaces/share/custom_interfaces/hook/cmake_prefix_path.dsv'
[3.740s] INFO:colcon.colcon_core.shell:Creating environment hook '/home/pi/MasterThesis/install/custom_interfaces/share/custom_interfaces/hook/cmake_prefix_path.sh'
[3.820s] Level 1:colcon.colcon_core.environment:checking '/home/pi/MasterThesis/install/custom_interfaces/lib'
[3.822s] Level 1:colcon.colcon_core.shell:create_environment_hook('custom_interfaces', 'ld_library_path_lib')
[3.825s] INFO:colcon.colcon_core.shell:Creating environment hook '/home/pi/MasterThesis/install/custom_interfaces/share/custom_interfaces/hook/ld_library_path_lib.ps1'
[3.827s] INFO:colcon.colcon_core.shell:Creating environment descriptor '/home/pi/MasterThesis/install/custom_interfaces/share/custom_interfaces/hook/ld_library_path_lib.dsv'
[3.829s] INFO:colcon.colcon_core.shell:Creating environment hook '/home/pi/MasterThesis/install/custom_interfaces/share/custom_interfaces/hook/ld_library_path_lib.sh'
[3.830s] Level 1:colcon.colcon_core.environment:checking '/home/pi/MasterThesis/install/custom_interfaces/bin'
[3.831s] Level 1:colcon.colcon_core.environment:checking '/home/pi/MasterThesis/install/custom_interfaces/lib/pkgconfig/custom_interfaces.pc'
[3.832s] Level 1:colcon.colcon_core.environment:checking '/home/pi/MasterThesis/install/custom_interfaces/lib/python3.10/site-packages'
[3.832s] Level 1:colcon.colcon_core.environment:checking '/home/pi/MasterThesis/install/custom_interfaces/bin'
[3.834s] INFO:colcon.colcon_core.shell:Creating package script '/home/pi/MasterThesis/install/custom_interfaces/share/custom_interfaces/package.ps1'
[3.974s] INFO:colcon.colcon_core.shell:Creating package descriptor '/home/pi/MasterThesis/install/custom_interfaces/share/custom_interfaces/package.dsv'
[4.120s] INFO:colcon.colcon_core.shell:Creating package script '/home/pi/MasterThesis/install/custom_interfaces/share/custom_interfaces/package.sh'
[4.174s] INFO:colcon.colcon_core.shell:Creating package script '/home/pi/MasterThesis/install/custom_interfaces/share/custom_interfaces/package.bash'
[4.261s] INFO:colcon.colcon_core.shell:Creating package script '/home/pi/MasterThesis/install/custom_interfaces/share/custom_interfaces/package.zsh'
[4.347s] Level 1:colcon.colcon_core.environment:create_file_with_runtime_dependencies(/home/pi/MasterThesis/install/custom_interfaces/share/colcon-core/packages/custom_interfaces)
[4.360s] DEBUG:colcon.colcon_parallel_executor.executor.parallel:closing loop
[4.361s] DEBUG:colcon.colcon_parallel_executor.executor.parallel:loop closed
[4.361s] DEBUG:colcon.colcon_parallel_executor.executor.parallel:run_until_complete finished with '2'
[4.361s] DEBUG:colcon.colcon_core.event_reactor:joining thread
[4.603s] INFO:colcon.colcon_core.plugin_system:Skipping extension 'colcon_notification.desktop_notification.notify_send': Could not find 'notify-send'
[4.603s] INFO:colcon.colcon_core.plugin_system:Skipping extension 'colcon_notification.desktop_notification.terminal_notifier': Not used on non-Darwin systems
[4.604s] INFO:colcon.colcon_core.plugin_system:Skipping extension 'colcon_notification.desktop_notification.win32': Not used on non-Windows systems
[4.604s] INFO:colcon.colcon_notification.desktop_notification:Sending desktop notification using 'notify2'
[4.641s] DEBUG:colcon.colcon_notification.desktop_notification.notify2:Failed to initialize notify2: org.freedesktop.DBus.Error.ServiceUnknown: The name org.freedesktop.Notifications was not provided by any .service files
[4.642s] DEBUG:colcon.colcon_core.event_reactor:joined thread
[4.643s] INFO:colcon.colcon_core.shell:Creating prefix script '/home/pi/MasterThesis/install/local_setup.ps1'
[4.648s] INFO:colcon.colcon_core.shell:Creating prefix util module '/home/pi/MasterThesis/install/_local_setup_util_ps1.py'
[4.739s] INFO:colcon.colcon_core.shell:Creating prefix chain script '/home/pi/MasterThesis/install/setup.ps1'
[5.244s] INFO:colcon.colcon_core.shell:Creating prefix script '/home/pi/MasterThesis/install/local_setup.sh'
[5.390s] INFO:colcon.colcon_core.shell:Creating prefix util module '/home/pi/MasterThesis/install/_local_setup_util_sh.py'
[5.394s] INFO:colcon.colcon_core.shell:Creating prefix chain script '/home/pi/MasterThesis/install/setup.sh'
[5.571s] INFO:colcon.colcon_core.shell:Creating prefix script '/home/pi/MasterThesis/install/local_setup.bash'
[5.866s] INFO:colcon.colcon_core.shell:Creating prefix chain script '/home/pi/MasterThesis/install/setup.bash'
[6.125s] INFO:colcon.colcon_core.shell:Creating prefix script '/home/pi/MasterThesis/install/local_setup.zsh'
[6.380s] INFO:colcon.colcon_core.shell:Creating prefix chain script '/home/pi/MasterThesis/install/setup.zsh'
