[3.073s] Invoking command in '/home/pi/MasterThesis/src/shimmer_emg': PYTHONPATH=/home/pi/MasterThesis/build/shimmer_emg/prefix_override:/home/pi/MasterThesis/install/shimmer_emg/lib/python3.10/site-packages:${PYTHONPATH} /usr/bin/python3 -W ignore:setup.py install is deprecated setup.py egg_info --egg-base ../../build/shimmer_emg build --build-base /home/pi/MasterThesis/build/shimmer_emg/build install --record /home/pi/MasterThesis/build/shimmer_emg/install.log --single-version-externally-managed install_data
[3.960s] running egg_info
[3.962s] writing ../../build/shimmer_emg/shimmer_emg.egg-info/PKG-INFO
[3.963s] writing dependency_links to ../../build/shimmer_emg/shimmer_emg.egg-info/dependency_links.txt
[3.964s] writing entry points to ../../build/shimmer_emg/shimmer_emg.egg-info/entry_points.txt
[3.965s] writing requirements to ../../build/shimmer_emg/shimmer_emg.egg-info/requires.txt
[3.966s] writing top-level names to ../../build/shimmer_emg/shimmer_emg.egg-info/top_level.txt
[3.973s] reading manifest file '../../build/shimmer_emg/shimmer_emg.egg-info/SOURCES.txt'
[3.978s] writing manifest file '../../build/shimmer_emg/shimmer_emg.egg-info/SOURCES.txt'
[3.979s] running build
[3.979s] running build_py
[3.980s] copying shimmer_emg/record_data.py -> /home/pi/MasterThesis/build/shimmer_emg/build/lib/shimmer_emg
[3.981s] copying shimmer_emg/util.py -> /home/pi/MasterThesis/build/shimmer_emg/build/lib/shimmer_emg
[3.981s] copying shimmer_emg/shimmer.py -> /home/pi/MasterThesis/build/shimmer_emg/build/lib/shimmer_emg
[3.983s] copying shimmer_emg/train_svm.py -> /home/pi/MasterThesis/build/shimmer_emg/build/lib/shimmer_emg
[3.984s] copying shimmer_emg/data_acquisition.py -> /home/pi/MasterThesis/build/shimmer_emg/build/lib/shimmer_emg
[3.984s] copying shimmer_emg/plot_data.py -> /home/pi/MasterThesis/build/shimmer_emg/build/lib/shimmer_emg
[3.985s] copying shimmer_emg/rp_enable_dc.py -> /home/pi/MasterThesis/build/shimmer_emg/build/lib/shimmer_emg
[3.986s] copying shimmer_emg/config.py -> /home/pi/MasterThesis/build/shimmer_emg/build/lib/shimmer_emg
[3.987s] copying shimmer_emg/imu_emg_aq.py -> /home/pi/MasterThesis/build/shimmer_emg/build/lib/shimmer_emg
[3.988s] running install
[3.989s] running install_lib
[3.992s] copying /home/pi/MasterThesis/build/shimmer_emg/build/lib/shimmer_emg/record_data.py -> /home/pi/MasterThesis/install/shimmer_emg/lib/python3.10/site-packages/shimmer_emg
[3.993s] copying /home/pi/MasterThesis/build/shimmer_emg/build/lib/shimmer_emg/util.py -> /home/pi/MasterThesis/install/shimmer_emg/lib/python3.10/site-packages/shimmer_emg
[3.994s] copying /home/pi/MasterThesis/build/shimmer_emg/build/lib/shimmer_emg/shimmer.py -> /home/pi/MasterThesis/install/shimmer_emg/lib/python3.10/site-packages/shimmer_emg
[3.995s] copying /home/pi/MasterThesis/build/shimmer_emg/build/lib/shimmer_emg/train_svm.py -> /home/pi/MasterThesis/install/shimmer_emg/lib/python3.10/site-packages/shimmer_emg
[3.996s] copying /home/pi/MasterThesis/build/shimmer_emg/build/lib/shimmer_emg/data_acquisition.py -> /home/pi/MasterThesis/install/shimmer_emg/lib/python3.10/site-packages/shimmer_emg
[3.997s] copying /home/pi/MasterThesis/build/shimmer_emg/build/lib/shimmer_emg/plot_data.py -> /home/pi/MasterThesis/install/shimmer_emg/lib/python3.10/site-packages/shimmer_emg
[3.998s] copying /home/pi/MasterThesis/build/shimmer_emg/build/lib/shimmer_emg/rp_enable_dc.py -> /home/pi/MasterThesis/install/shimmer_emg/lib/python3.10/site-packages/shimmer_emg
[3.998s] copying /home/pi/MasterThesis/build/shimmer_emg/build/lib/shimmer_emg/config.py -> /home/pi/MasterThesis/install/shimmer_emg/lib/python3.10/site-packages/shimmer_emg
[3.999s] copying /home/pi/MasterThesis/build/shimmer_emg/build/lib/shimmer_emg/imu_emg_aq.py -> /home/pi/MasterThesis/install/shimmer_emg/lib/python3.10/site-packages/shimmer_emg
[4.001s] byte-compiling /home/pi/MasterThesis/install/shimmer_emg/lib/python3.10/site-packages/shimmer_emg/record_data.py to record_data.cpython-310.pyc
[4.006s] byte-compiling /home/pi/MasterThesis/install/shimmer_emg/lib/python3.10/site-packages/shimmer_emg/util.py to util.cpython-310.pyc
[4.014s] byte-compiling /home/pi/MasterThesis/install/shimmer_emg/lib/python3.10/site-packages/shimmer_emg/shimmer.py to shimmer.cpython-310.pyc
[4.050s] byte-compiling /home/pi/MasterThesis/install/shimmer_emg/lib/python3.10/site-packages/shimmer_emg/train_svm.py to train_svm.cpython-310.pyc
[4.053s] byte-compiling /home/pi/MasterThesis/install/shimmer_emg/lib/python3.10/site-packages/shimmer_emg/data_acquisition.py to data_acquisition.cpython-310.pyc
[4.058s] byte-compiling /home/pi/MasterThesis/install/shimmer_emg/lib/python3.10/site-packages/shimmer_emg/plot_data.py to plot_data.cpython-310.pyc
[4.060s] byte-compiling /home/pi/MasterThesis/install/shimmer_emg/lib/python3.10/site-packages/shimmer_emg/rp_enable_dc.py to rp_enable_dc.cpython-310.pyc
[4.063s] byte-compiling /home/pi/MasterThesis/install/shimmer_emg/lib/python3.10/site-packages/shimmer_emg/config.py to config.cpython-310.pyc
[4.066s] byte-compiling /home/pi/MasterThesis/install/shimmer_emg/lib/python3.10/site-packages/shimmer_emg/imu_emg_aq.py to imu_emg_aq.cpython-310.pyc
[4.079s] running install_data
[4.080s] running install_egg_info
[4.085s] removing '/home/pi/MasterThesis/install/shimmer_emg/lib/python3.10/site-packages/shimmer_emg-0.0.0-py3.10.egg-info' (and everything under it)
[4.087s] Copying ../../build/shimmer_emg/shimmer_emg.egg-info to /home/pi/MasterThesis/install/shimmer_emg/lib/python3.10/site-packages/shimmer_emg-0.0.0-py3.10.egg-info
[4.092s] running install_scripts
[4.187s] Installing data_acquisition script to /home/pi/MasterThesis/install/shimmer_emg/lib/shimmer_emg
[4.190s] Installing imu_emg_aq script to /home/pi/MasterThesis/install/shimmer_emg/lib/shimmer_emg
[4.191s] Installing plot_data script to /home/pi/MasterThesis/install/shimmer_emg/lib/shimmer_emg
[4.192s] Installing record_data script to /home/pi/MasterThesis/install/shimmer_emg/lib/shimmer_emg
[4.198s] writing list of installed files to '/home/pi/MasterThesis/build/shimmer_emg/install.log'
[4.312s] Invoked command in '/home/pi/MasterThesis/src/shimmer_emg' returned '0': PYTHONPATH=/home/pi/MasterThesis/build/shimmer_emg/prefix_override:/home/pi/MasterThesis/install/shimmer_emg/lib/python3.10/site-packages:${PYTHONPATH} /usr/bin/python3 -W ignore:setup.py install is deprecated setup.py egg_info --egg-base ../../build/shimmer_emg build --build-base /home/pi/MasterThesis/build/shimmer_emg/build install --record /home/pi/MasterThesis/build/shimmer_emg/install.log --single-version-externally-managed install_data
