[1.213s] DEBUG:colcon:Command line arguments: ['/usr/bin/colcon', 'build']
[1.213s] DEBUG:colcon:Parsed command line arguments: Namespace(log_base=None, log_level=None, verb_name='build', build_base='build', install_base='install', merge_install=False, symlink_install=False, test_result_base=None, continue_on_error=False, executor='parallel', parallel_workers=4, event_handlers=None, ignore_user_meta=False, metas=['./colcon.meta'], base_paths=['.'], packages_ignore=None, packages_ignore_regex=None, paths=None, packages_up_to=None, packages_up_to_regex=None, packages_above=None, packages_above_and_dependencies=None, packages_above_depth=None, packages_select_by_dep=None, packages_skip_by_dep=None, packages_skip_up_to=None, packages_select_build_failed=False, packages_skip_build_finished=False, packages_select_test_failures=False, packages_skip_test_passed=False, packages_select=None, packages_skip=None, packages_select_regex=None, packages_skip_regex=None, packages_start=None, packages_end=None, allow_overriding=[], cmake_args=None, cmake_target=None, cmake_target_skip_unavailable=False, cmake_clean_cache=False, cmake_clean_first=False, cmake_force_configure=False, ament_cmake_args=None, catkin_cmake_args=None, catkin_skip_building_tests=False, verb_parser=<colcon_defaults.argument_parser.defaults.DefaultArgumentsDecorator object at 0xffff8100f100>, verb_extension=<colcon_core.verb.build.BuildVerb object at 0xffff8100ebf0>, main=<bound method BuildVerb.main of <colcon_core.verb.build.BuildVerb object at 0xffff8100ebf0>>)
[3.098s] Level 1:colcon.colcon_core.package_discovery:discover_packages(colcon_meta) check parameters
[3.099s] Level 1:colcon.colcon_core.package_discovery:discover_packages(recursive) check parameters
[3.099s] Level 1:colcon.colcon_core.package_discovery:discover_packages(ignore) check parameters
[3.099s] Level 1:colcon.colcon_core.package_discovery:discover_packages(path) check parameters
[3.100s] Level 1:colcon.colcon_core.package_discovery:discover_packages(colcon_meta) discover
[3.100s] Level 1:colcon.colcon_core.package_discovery:discover_packages(recursive) discover
[3.101s] INFO:colcon.colcon_core.package_discovery:Crawling recursively for packages in '/home/pi/MasterThesis'
[3.102s] Level 1:colcon.colcon_core.package_identification:_identify(.) by extensions ['ignore', 'ignore_ament_install']
[3.103s] Level 1:colcon.colcon_core.package_identification:_identify(.) by extension 'ignore'
[3.103s] Level 1:colcon.colcon_core.package_identification:_identify(.) by extension 'ignore_ament_install'
[3.104s] Level 1:colcon.colcon_core.package_identification:_identify(.) by extensions ['colcon_pkg']
[3.104s] Level 1:colcon.colcon_core.package_identification:_identify(.) by extension 'colcon_pkg'
[3.104s] Level 1:colcon.colcon_core.package_identification:_identify(.) by extensions ['colcon_meta']
[3.105s] Level 1:colcon.colcon_core.package_identification:_identify(.) by extension 'colcon_meta'
[3.105s] Level 1:colcon.colcon_core.package_identification:_identify(.) by extensions ['ros']
[3.105s] Level 1:colcon.colcon_core.package_identification:_identify(.) by extension 'ros'
[3.353s] Level 1:colcon.colcon_core.package_identification:_identify(.) by extensions ['cmake', 'python']
[3.353s] Level 1:colcon.colcon_core.package_identification:_identify(.) by extension 'cmake'
[3.353s] Level 1:colcon.colcon_core.package_identification:_identify(.) by extension 'python'
[3.353s] Level 1:colcon.colcon_core.package_identification:_identify(.) by extensions ['python_setup_py']
[3.354s] Level 1:colcon.colcon_core.package_identification:_identify(.) by extension 'python_setup_py'
[3.354s] Level 1:colcon.colcon_core.package_identification:_identify(build) by extensions ['ignore', 'ignore_ament_install']
[3.354s] Level 1:colcon.colcon_core.package_identification:_identify(build) by extension 'ignore'
[3.355s] Level 1:colcon.colcon_core.package_identification:_identify(build) ignored
[3.355s] Level 1:colcon.colcon_core.package_identification:_identify(install) by extensions ['ignore', 'ignore_ament_install']
[3.356s] Level 1:colcon.colcon_core.package_identification:_identify(install) by extension 'ignore'
[3.356s] Level 1:colcon.colcon_core.package_identification:_identify(install) ignored
[3.359s] Level 1:colcon.colcon_core.package_identification:_identify(log) by extensions ['ignore', 'ignore_ament_install']
[3.359s] Level 1:colcon.colcon_core.package_identification:_identify(log) by extension 'ignore'
[3.359s] Level 1:colcon.colcon_core.package_identification:_identify(log) ignored
[3.360s] Level 1:colcon.colcon_core.package_identification:_identify(src) by extensions ['ignore', 'ignore_ament_install']
[3.360s] Level 1:colcon.colcon_core.package_identification:_identify(src) by extension 'ignore'
[3.360s] Level 1:colcon.colcon_core.package_identification:_identify(src) by extension 'ignore_ament_install'
[3.360s] Level 1:colcon.colcon_core.package_identification:_identify(src) by extensions ['colcon_pkg']
[3.360s] Level 1:colcon.colcon_core.package_identification:_identify(src) by extension 'colcon_pkg'
[3.360s] Level 1:colcon.colcon_core.package_identification:_identify(src) by extensions ['colcon_meta']
[3.361s] Level 1:colcon.colcon_core.package_identification:_identify(src) by extension 'colcon_meta'
[3.361s] Level 1:colcon.colcon_core.package_identification:_identify(src) by extensions ['ros']
[3.361s] Level 1:colcon.colcon_core.package_identification:_identify(src) by extension 'ros'
[3.361s] Level 1:colcon.colcon_core.package_identification:_identify(src) by extensions ['cmake', 'python']
[3.361s] Level 1:colcon.colcon_core.package_identification:_identify(src) by extension 'cmake'
[3.362s] Level 1:colcon.colcon_core.package_identification:_identify(src) by extension 'python'
[3.362s] Level 1:colcon.colcon_core.package_identification:_identify(src) by extensions ['python_setup_py']
[3.362s] Level 1:colcon.colcon_core.package_identification:_identify(src) by extension 'python_setup_py'
[3.362s] Level 1:colcon.colcon_core.package_identification:_identify(src/bluetooth_tui) by extensions ['ignore', 'ignore_ament_install']
[3.363s] Level 1:colcon.colcon_core.package_identification:_identify(src/bluetooth_tui) by extension 'ignore'
[3.363s] Level 1:colcon.colcon_core.package_identification:_identify(src/bluetooth_tui) by extension 'ignore_ament_install'
[3.363s] Level 1:colcon.colcon_core.package_identification:_identify(src/bluetooth_tui) by extensions ['colcon_pkg']
[3.363s] Level 1:colcon.colcon_core.package_identification:_identify(src/bluetooth_tui) by extension 'colcon_pkg'
[3.363s] Level 1:colcon.colcon_core.package_identification:_identify(src/bluetooth_tui) by extensions ['colcon_meta']
[3.363s] Level 1:colcon.colcon_core.package_identification:_identify(src/bluetooth_tui) by extension 'colcon_meta'
[3.364s] Level 1:colcon.colcon_core.package_identification:_identify(src/bluetooth_tui) by extensions ['ros']
[3.364s] Level 1:colcon.colcon_core.package_identification:_identify(src/bluetooth_tui) by extension 'ros'
[3.364s] Level 1:colcon.colcon_core.package_identification:_identify(src/bluetooth_tui) by extensions ['cmake', 'python']
[3.364s] Level 1:colcon.colcon_core.package_identification:_identify(src/bluetooth_tui) by extension 'cmake'
[3.364s] Level 1:colcon.colcon_core.package_identification:_identify(src/bluetooth_tui) by extension 'python'
[3.364s] Level 1:colcon.colcon_core.package_identification:_identify(src/bluetooth_tui) by extensions ['python_setup_py']
[3.365s] Level 1:colcon.colcon_core.package_identification:_identify(src/bluetooth_tui) by extension 'python_setup_py'
[3.365s] Level 1:colcon.colcon_core.package_identification:_identify(src/shimmer_emg) by extensions ['ignore', 'ignore_ament_install']
[3.365s] Level 1:colcon.colcon_core.package_identification:_identify(src/shimmer_emg) by extension 'ignore'
[3.365s] Level 1:colcon.colcon_core.package_identification:_identify(src/shimmer_emg) by extension 'ignore_ament_install'
[3.366s] Level 1:colcon.colcon_core.package_identification:_identify(src/shimmer_emg) by extensions ['colcon_pkg']
[3.366s] Level 1:colcon.colcon_core.package_identification:_identify(src/shimmer_emg) by extension 'colcon_pkg'
[3.366s] Level 1:colcon.colcon_core.package_identification:_identify(src/shimmer_emg) by extensions ['colcon_meta']
[3.366s] Level 1:colcon.colcon_core.package_identification:_identify(src/shimmer_emg) by extension 'colcon_meta'
[3.366s] Level 1:colcon.colcon_core.package_identification:_identify(src/shimmer_emg) by extensions ['ros']
[3.366s] Level 1:colcon.colcon_core.package_identification:_identify(src/shimmer_emg) by extension 'ros'
[3.425s] DEBUG:colcon.colcon_core.package_identification:Package 'src/shimmer_emg' with type 'ros.ament_python' and name 'shimmer_emg'
[3.425s] Level 1:colcon.colcon_core.package_discovery:discover_packages(recursive) using defaults
[3.426s] Level 1:colcon.colcon_core.package_discovery:discover_packages(ignore) discover
[3.426s] Level 1:colcon.colcon_core.package_discovery:discover_packages(ignore) using defaults
[3.426s] Level 1:colcon.colcon_core.package_discovery:discover_packages(path) discover
[3.426s] Level 1:colcon.colcon_core.package_discovery:discover_packages(path) using defaults
[3.719s] Level 1:colcon.colcon_core.package_discovery:discover_packages(prefix_path) check parameters
[3.719s] Level 1:colcon.colcon_core.package_discovery:discover_packages(prefix_path) discover
[3.786s] DEBUG:colcon.colcon_installed_package_information.package_discovery:Found 180 installed packages in /opt/ros/humble
[3.791s] Level 1:colcon.colcon_core.package_discovery:discover_packages(prefix_path) using defaults
[3.946s] Level 5:colcon.colcon_core.verb:set package 'shimmer_emg' build argument 'cmake_args' from command line to 'None'
[3.947s] Level 5:colcon.colcon_core.verb:set package 'shimmer_emg' build argument 'cmake_target' from command line to 'None'
[3.947s] Level 5:colcon.colcon_core.verb:set package 'shimmer_emg' build argument 'cmake_target_skip_unavailable' from command line to 'False'
[3.947s] Level 5:colcon.colcon_core.verb:set package 'shimmer_emg' build argument 'cmake_clean_cache' from command line to 'False'
[3.947s] Level 5:colcon.colcon_core.verb:set package 'shimmer_emg' build argument 'cmake_clean_first' from command line to 'False'
[3.947s] Level 5:colcon.colcon_core.verb:set package 'shimmer_emg' build argument 'cmake_force_configure' from command line to 'False'
[3.947s] Level 5:colcon.colcon_core.verb:set package 'shimmer_emg' build argument 'ament_cmake_args' from command line to 'None'
[3.947s] Level 5:colcon.colcon_core.verb:set package 'shimmer_emg' build argument 'catkin_cmake_args' from command line to 'None'
[3.947s] Level 5:colcon.colcon_core.verb:set package 'shimmer_emg' build argument 'catkin_skip_building_tests' from command line to 'False'
[3.948s] DEBUG:colcon.colcon_core.verb:Building package 'shimmer_emg' with the following arguments: {'ament_cmake_args': None, 'build_base': '/home/pi/MasterThesis/build/shimmer_emg', 'catkin_cmake_args': None, 'catkin_skip_building_tests': False, 'cmake_args': None, 'cmake_clean_cache': False, 'cmake_clean_first': False, 'cmake_force_configure': False, 'cmake_target': None, 'cmake_target_skip_unavailable': False, 'install_base': '/home/pi/MasterThesis/install/shimmer_emg', 'merge_install': False, 'path': '/home/pi/MasterThesis/src/shimmer_emg', 'symlink_install': False, 'test_result_base': None}
[3.948s] INFO:colcon.colcon_core.executor:Executing jobs using 'parallel' executor
[3.951s] DEBUG:colcon.colcon_parallel_executor.executor.parallel:run_until_complete
[3.952s] INFO:colcon.colcon_ros.task.ament_python.build:Building ROS package in '/home/pi/MasterThesis/src/shimmer_emg' with build type 'ament_python'
[3.953s] Level 1:colcon.colcon_core.shell:create_environment_hook('shimmer_emg', 'ament_prefix_path')
[4.026s] INFO:colcon.colcon_core.plugin_system:Skipping extension 'colcon_core.shell.bat': Not used on non-Windows systems
[4.028s] INFO:colcon.colcon_core.shell:Creating environment hook '/home/pi/MasterThesis/install/shimmer_emg/share/shimmer_emg/hook/ament_prefix_path.ps1'
[4.035s] INFO:colcon.colcon_core.shell:Creating environment descriptor '/home/pi/MasterThesis/install/shimmer_emg/share/shimmer_emg/hook/ament_prefix_path.dsv'
[4.042s] INFO:colcon.colcon_core.shell:Creating environment hook '/home/pi/MasterThesis/install/shimmer_emg/share/shimmer_emg/hook/ament_prefix_path.sh'
[4.052s] INFO:colcon.colcon_core.shell:Skip shell extension 'powershell' for command environment: Not usable outside of PowerShell
[4.052s] DEBUG:colcon.colcon_core.shell:Skip shell extension 'dsv' for command environment
[5.110s] INFO:colcon.colcon_core.task.python.build:Building Python package in '/home/pi/MasterThesis/src/shimmer_emg'
[5.111s] INFO:colcon.colcon_core.shell:Skip shell extension 'powershell' for command environment: Not usable outside of PowerShell
[5.111s] DEBUG:colcon.colcon_core.shell:Skip shell extension 'dsv' for command environment
[7.388s] DEBUG:colcon.colcon_core.event_handler.log_command:Invoking command in '/home/pi/MasterThesis/src/shimmer_emg': PYTHONPATH=/home/pi/MasterThesis/build/shimmer_emg/prefix_override:/home/pi/MasterThesis/install/shimmer_emg/lib/python3.10/site-packages:${PYTHONPATH} /usr/bin/python3 -W ignore:setup.py install is deprecated setup.py egg_info --egg-base ../../build/shimmer_emg build --build-base /home/pi/MasterThesis/build/shimmer_emg/build install --record /home/pi/MasterThesis/build/shimmer_emg/install.log --single-version-externally-managed install_data
[8.618s] DEBUG:colcon.colcon_core.event_handler.log_command:Invoked command in '/home/pi/MasterThesis/src/shimmer_emg' returned '0': PYTHONPATH=/home/pi/MasterThesis/build/shimmer_emg/prefix_override:/home/pi/MasterThesis/install/shimmer_emg/lib/python3.10/site-packages:${PYTHONPATH} /usr/bin/python3 -W ignore:setup.py install is deprecated setup.py egg_info --egg-base ../../build/shimmer_emg build --build-base /home/pi/MasterThesis/build/shimmer_emg/build install --record /home/pi/MasterThesis/build/shimmer_emg/install.log --single-version-externally-managed install_data
[8.690s] Level 1:colcon.colcon_core.environment:checking '/home/pi/MasterThesis/install/shimmer_emg' for CMake module files
[8.692s] Level 1:colcon.colcon_core.environment:checking '/home/pi/MasterThesis/install/shimmer_emg' for CMake config files
[8.696s] Level 1:colcon.colcon_core.environment:checking '/home/pi/MasterThesis/install/shimmer_emg/lib'
[8.697s] Level 1:colcon.colcon_core.environment:checking '/home/pi/MasterThesis/install/shimmer_emg/bin'
[8.697s] Level 1:colcon.colcon_core.environment:checking '/home/pi/MasterThesis/install/shimmer_emg/lib/pkgconfig/shimmer_emg.pc'
[8.698s] Level 1:colcon.colcon_core.environment:checking '/home/pi/MasterThesis/install/shimmer_emg/lib/python3.10/site-packages'
[8.698s] Level 1:colcon.colcon_core.shell:create_environment_hook('shimmer_emg', 'pythonpath')
[8.699s] INFO:colcon.colcon_core.shell:Creating environment hook '/home/pi/MasterThesis/install/shimmer_emg/share/shimmer_emg/hook/pythonpath.ps1'
[8.701s] INFO:colcon.colcon_core.shell:Creating environment descriptor '/home/pi/MasterThesis/install/shimmer_emg/share/shimmer_emg/hook/pythonpath.dsv'
[8.702s] INFO:colcon.colcon_core.shell:Creating environment hook '/home/pi/MasterThesis/install/shimmer_emg/share/shimmer_emg/hook/pythonpath.sh'
[8.705s] Level 1:colcon.colcon_core.environment:checking '/home/pi/MasterThesis/install/shimmer_emg/bin'
[8.705s] Level 1:colcon.colcon_core.environment:create_environment_scripts_only(shimmer_emg)
[8.707s] INFO:colcon.colcon_core.shell:Creating package script '/home/pi/MasterThesis/install/shimmer_emg/share/shimmer_emg/package.ps1'
[8.711s] INFO:colcon.colcon_core.shell:Creating package descriptor '/home/pi/MasterThesis/install/shimmer_emg/share/shimmer_emg/package.dsv'
[8.717s] INFO:colcon.colcon_core.shell:Creating package script '/home/pi/MasterThesis/install/shimmer_emg/share/shimmer_emg/package.sh'
[8.723s] INFO:colcon.colcon_core.shell:Creating package script '/home/pi/MasterThesis/install/shimmer_emg/share/shimmer_emg/package.bash'
[8.731s] INFO:colcon.colcon_core.shell:Creating package script '/home/pi/MasterThesis/install/shimmer_emg/share/shimmer_emg/package.zsh'
[8.739s] Level 1:colcon.colcon_core.environment:create_file_with_runtime_dependencies(/home/pi/MasterThesis/install/shimmer_emg/share/colcon-core/packages/shimmer_emg)
[8.741s] DEBUG:colcon.colcon_parallel_executor.executor.parallel:closing loop
[8.742s] DEBUG:colcon.colcon_parallel_executor.executor.parallel:loop closed
[8.742s] DEBUG:colcon.colcon_parallel_executor.executor.parallel:run_until_complete finished with '0'
[8.743s] DEBUG:colcon.colcon_core.event_reactor:joining thread
[8.771s] INFO:colcon.colcon_core.plugin_system:Skipping extension 'colcon_notification.desktop_notification.notify_send': Could not find 'notify-send'
[8.771s] INFO:colcon.colcon_core.plugin_system:Skipping extension 'colcon_notification.desktop_notification.terminal_notifier': Not used on non-Darwin systems
[8.771s] INFO:colcon.colcon_core.plugin_system:Skipping extension 'colcon_notification.desktop_notification.win32': Not used on non-Windows systems
[8.771s] INFO:colcon.colcon_notification.desktop_notification:Sending desktop notification using 'notify2'
[8.870s] DEBUG:colcon.colcon_notification.desktop_notification.notify2:Failed to initialize notify2: org.freedesktop.DBus.Error.ServiceUnknown: The name org.freedesktop.Notifications was not provided by any .service files
[8.871s] DEBUG:colcon.colcon_core.event_reactor:joined thread
[8.872s] INFO:colcon.colcon_core.shell:Creating prefix script '/home/pi/MasterThesis/install/local_setup.ps1'
[8.878s] INFO:colcon.colcon_core.shell:Creating prefix util module '/home/pi/MasterThesis/install/_local_setup_util_ps1.py'
[8.886s] INFO:colcon.colcon_core.shell:Creating prefix chain script '/home/pi/MasterThesis/install/setup.ps1'
[8.892s] INFO:colcon.colcon_core.shell:Creating prefix script '/home/pi/MasterThesis/install/local_setup.sh'
[8.902s] INFO:colcon.colcon_core.shell:Creating prefix util module '/home/pi/MasterThesis/install/_local_setup_util_sh.py'
[8.905s] INFO:colcon.colcon_core.shell:Creating prefix chain script '/home/pi/MasterThesis/install/setup.sh'
[8.912s] INFO:colcon.colcon_core.shell:Creating prefix script '/home/pi/MasterThesis/install/local_setup.bash'
[8.919s] INFO:colcon.colcon_core.shell:Creating prefix chain script '/home/pi/MasterThesis/install/setup.bash'
[8.930s] INFO:colcon.colcon_core.shell:Creating prefix script '/home/pi/MasterThesis/install/local_setup.zsh'
[8.938s] INFO:colcon.colcon_core.shell:Creating prefix chain script '/home/pi/MasterThesis/install/setup.zsh'
