[0.573s] Invoking command in '/home/william/repos/control_system_ws/src/shimmer_emg': PYTHONPATH=/home/william/repos/control_system_ws/build/shimmer_emg/prefix_override:/home/william/repos/control_system_ws/install/shimmer_emg/lib/python3.10/site-packages:${PYTHONPATH} /usr/bin/python3 -W ignore:setup.py install is deprecated setup.py egg_info --egg-base ../../build/shimmer_emg build --build-base /home/william/repos/control_system_ws/build/shimmer_emg/build install --record /home/william/repos/control_system_ws/build/shimmer_emg/install.log --single-version-externally-managed install_data
[0.752s] running egg_info
[0.764s] writing ../../build/shimmer_emg/shimmer_emg.egg-info/PKG-INFO
[0.765s] writing dependency_links to ../../build/shimmer_emg/shimmer_emg.egg-info/dependency_links.txt
[0.765s] writing entry points to ../../build/shimmer_emg/shimmer_emg.egg-info/entry_points.txt
[0.765s] writing requirements to ../../build/shimmer_emg/shimmer_emg.egg-info/requires.txt
[0.765s] writing top-level names to ../../build/shimmer_emg/shimmer_emg.egg-info/top_level.txt
[0.790s] reading manifest file '../../build/shimmer_emg/shimmer_emg.egg-info/SOURCES.txt'
[0.791s] writing manifest file '../../build/shimmer_emg/shimmer_emg.egg-info/SOURCES.txt'
[0.791s] running build
[0.791s] running build_py
[0.791s] copying shimmer_emg/shimmer.py -> /home/william/repos/control_system_ws/build/shimmer_emg/build/lib/shimmer_emg
[0.792s] copying shimmer_emg/imu_emg_aq.py -> /home/william/repos/control_system_ws/build/shimmer_emg/build/lib/shimmer_emg
[0.792s] copying shimmer_emg/plot_data.py -> /home/william/repos/control_system_ws/build/shimmer_emg/build/lib/shimmer_emg
[0.792s] copying shimmer_emg/config.py -> /home/william/repos/control_system_ws/build/shimmer_emg/build/lib/shimmer_emg
[0.792s] copying shimmer_emg/train_svm.py -> /home/william/repos/control_system_ws/build/shimmer_emg/build/lib/shimmer_emg
[0.792s] copying shimmer_emg/pca_test.py -> /home/william/repos/control_system_ws/build/shimmer_emg/build/lib/shimmer_emg
[0.792s] copying shimmer_emg/tcn_train.py -> /home/william/repos/control_system_ws/build/shimmer_emg/build/lib/shimmer_emg
[0.793s] copying shimmer_emg/random_forest_train.py -> /home/william/repos/control_system_ws/build/shimmer_emg/build/lib/shimmer_emg
[0.793s] copying shimmer_emg/rnn_train.py -> /home/william/repos/control_system_ws/build/shimmer_emg/build/lib/shimmer_emg
[0.793s] copying shimmer_emg/util.py -> /home/william/repos/control_system_ws/build/shimmer_emg/build/lib/shimmer_emg
[0.793s] copying shimmer_emg/__init__.py -> /home/william/repos/control_system_ws/build/shimmer_emg/build/lib/shimmer_emg
[0.793s] copying shimmer_emg/data_acquisition.py -> /home/william/repos/control_system_ws/build/shimmer_emg/build/lib/shimmer_emg
[0.793s] copying shimmer_emg/rp_enable_dc.py -> /home/william/repos/control_system_ws/build/shimmer_emg/build/lib/shimmer_emg
[0.793s] copying shimmer_emg/record_data.py -> /home/william/repos/control_system_ws/build/shimmer_emg/build/lib/shimmer_emg
[0.794s] running install
[0.798s] running install_lib
[0.810s] copying /home/william/repos/control_system_ws/build/shimmer_emg/build/lib/shimmer_emg/data_acquisition.py -> /home/william/repos/control_system_ws/install/shimmer_emg/lib/python3.10/site-packages/shimmer_emg
[0.810s] copying /home/william/repos/control_system_ws/build/shimmer_emg/build/lib/shimmer_emg/record_data.py -> /home/william/repos/control_system_ws/install/shimmer_emg/lib/python3.10/site-packages/shimmer_emg
[0.811s] byte-compiling /home/william/repos/control_system_ws/install/shimmer_emg/lib/python3.10/site-packages/shimmer_emg/data_acquisition.py to data_acquisition.cpython-310.pyc
[0.812s] byte-compiling /home/william/repos/control_system_ws/install/shimmer_emg/lib/python3.10/site-packages/shimmer_emg/record_data.py to record_data.cpython-310.pyc
[0.813s] running install_data
[0.813s] copying resource/shimmer_emg -> /home/william/repos/control_system_ws/install/shimmer_emg/share/ament_index/resource_index/packages
[0.813s] copying package.xml -> /home/william/repos/control_system_ws/install/shimmer_emg/share/shimmer_emg
[0.814s] running install_egg_info
[0.827s] removing '/home/william/repos/control_system_ws/install/shimmer_emg/lib/python3.10/site-packages/shimmer_emg-0.0.0-py3.10.egg-info' (and everything under it)
[0.827s] Copying ../../build/shimmer_emg/shimmer_emg.egg-info to /home/william/repos/control_system_ws/install/shimmer_emg/lib/python3.10/site-packages/shimmer_emg-0.0.0-py3.10.egg-info
[0.828s] running install_scripts
[0.941s] Installing data_acquisition script to /home/william/repos/control_system_ws/install/shimmer_emg/lib/shimmer_emg
[0.942s] Installing imu_emg_aq script to /home/william/repos/control_system_ws/install/shimmer_emg/lib/shimmer_emg
[0.942s] Installing plot_data script to /home/william/repos/control_system_ws/install/shimmer_emg/lib/shimmer_emg
[0.942s] Installing record_data script to /home/william/repos/control_system_ws/install/shimmer_emg/lib/shimmer_emg
[0.942s] Installing rp_enable_dc script to /home/william/repos/control_system_ws/install/shimmer_emg/lib/shimmer_emg
[0.942s] writing list of installed files to '/home/william/repos/control_system_ws/build/shimmer_emg/install.log'
[0.965s] Invoked command in '/home/william/repos/control_system_ws/src/shimmer_emg' returned '0': PYTHONPATH=/home/william/repos/control_system_ws/build/shimmer_emg/prefix_override:/home/william/repos/control_system_ws/install/shimmer_emg/lib/python3.10/site-packages:${PYTHONPATH} /usr/bin/python3 -W ignore:setup.py install is deprecated setup.py egg_info --egg-base ../../build/shimmer_emg build --build-base /home/william/repos/control_system_ws/build/shimmer_emg/build install --record /home/william/repos/control_system_ws/build/shimmer_emg/install.log --single-version-externally-managed install_data
