/home/pi/MasterThesis/install/shimmer_emg/lib/python3.10/site-packages/shimmer_emg/record_data.py
/home/pi/MasterThesis/install/shimmer_emg/lib/python3.10/site-packages/shimmer_emg/util.py
/home/pi/MasterThesis/install/shimmer_emg/lib/python3.10/site-packages/shimmer_emg/shimmer.py
/home/pi/MasterThesis/install/shimmer_emg/lib/python3.10/site-packages/shimmer_emg/train_svm.py
/home/pi/MasterThesis/install/shimmer_emg/lib/python3.10/site-packages/shimmer_emg/pca_test.py
/home/pi/MasterThesis/install/shimmer_emg/lib/python3.10/site-packages/shimmer_emg/data_acquisition.py
/home/pi/MasterThesis/install/shimmer_emg/lib/python3.10/site-packages/shimmer_emg/plot_data.py
/home/pi/MasterThesis/install/shimmer_emg/lib/python3.10/site-packages/shimmer_emg/__init__.py
/home/pi/MasterThesis/install/shimmer_emg/lib/python3.10/site-packages/shimmer_emg/rp_enable_dc.py
/home/pi/MasterThesis/install/shimmer_emg/lib/python3.10/site-packages/shimmer_emg/config.py
/home/pi/MasterThesis/install/shimmer_emg/lib/python3.10/site-packages/shimmer_emg/imu_emg_aq.py
/home/pi/MasterThesis/install/shimmer_emg/lib/python3.10/site-packages/shimmer_emg/__pycache__/record_data.cpython-310.pyc
/home/pi/MasterThesis/install/shimmer_emg/lib/python3.10/site-packages/shimmer_emg/__pycache__/util.cpython-310.pyc
/home/pi/MasterThesis/install/shimmer_emg/lib/python3.10/site-packages/shimmer_emg/__pycache__/shimmer.cpython-310.pyc
/home/pi/MasterThesis/install/shimmer_emg/lib/python3.10/site-packages/shimmer_emg/__pycache__/train_svm.cpython-310.pyc
/home/pi/MasterThesis/install/shimmer_emg/lib/python3.10/site-packages/shimmer_emg/__pycache__/pca_test.cpython-310.pyc
/home/pi/MasterThesis/install/shimmer_emg/lib/python3.10/site-packages/shimmer_emg/__pycache__/data_acquisition.cpython-310.pyc
/home/pi/MasterThesis/install/shimmer_emg/lib/python3.10/site-packages/shimmer_emg/__pycache__/plot_data.cpython-310.pyc
/home/pi/MasterThesis/install/shimmer_emg/lib/python3.10/site-packages/shimmer_emg/__pycache__/__init__.cpython-310.pyc
/home/pi/MasterThesis/install/shimmer_emg/lib/python3.10/site-packages/shimmer_emg/__pycache__/rp_enable_dc.cpython-310.pyc
/home/pi/MasterThesis/install/shimmer_emg/lib/python3.10/site-packages/shimmer_emg/__pycache__/config.cpython-310.pyc
/home/pi/MasterThesis/install/shimmer_emg/lib/python3.10/site-packages/shimmer_emg/__pycache__/imu_emg_aq.cpython-310.pyc
/home/pi/MasterThesis/install/shimmer_emg/share/ament_index/resource_index/packages/shimmer_emg
/home/pi/MasterThesis/install/shimmer_emg/share/shimmer_emg/package.xml
/home/pi/MasterThesis/install/shimmer_emg/lib/python3.10/site-packages/shimmer_emg-0.0.0-py3.10.egg-info/entry_points.txt
/home/pi/MasterThesis/install/shimmer_emg/lib/python3.10/site-packages/shimmer_emg-0.0.0-py3.10.egg-info/SOURCES.txt
/home/pi/MasterThesis/install/shimmer_emg/lib/python3.10/site-packages/shimmer_emg-0.0.0-py3.10.egg-info/dependency_links.txt
/home/pi/MasterThesis/install/shimmer_emg/lib/python3.10/site-packages/shimmer_emg-0.0.0-py3.10.egg-info/PKG-INFO
/home/pi/MasterThesis/install/shimmer_emg/lib/python3.10/site-packages/shimmer_emg-0.0.0-py3.10.egg-info/zip-safe
/home/pi/MasterThesis/install/shimmer_emg/lib/python3.10/site-packages/shimmer_emg-0.0.0-py3.10.egg-info/requires.txt
/home/pi/MasterThesis/install/shimmer_emg/lib/python3.10/site-packages/shimmer_emg-0.0.0-py3.10.egg-info/top_level.txt
/home/pi/MasterThesis/install/shimmer_emg/lib/shimmer_emg/data_acquisition
/home/pi/MasterThesis/install/shimmer_emg/lib/shimmer_emg/imu_emg_aq
/home/pi/MasterThesis/install/shimmer_emg/lib/shimmer_emg/plot_data
/home/pi/MasterThesis/install/shimmer_emg/lib/shimmer_emg/record_data
/home/pi/MasterThesis/install/shimmer_emg/lib/shimmer_emg/rp_enable_dc
