[0.146s] DEBUG:colcon:Command line arguments: ['/usr/bin/colcon', 'build']
[0.146s] DEBUG:colcon:Parsed command line arguments: Namespace(log_base=None, log_level=None, verb_name='build', build_base='build', install_base='install', merge_install=False, symlink_install=False, test_result_base=None, continue_on_error=False, executor='parallel', parallel_workers=16, event_handlers=None, ignore_user_meta=False, metas=['./colcon.meta'], base_paths=['.'], packages_ignore=None, packages_ignore_regex=None, paths=None, packages_up_to=None, packages_up_to_regex=None, packages_above=None, packages_above_and_dependencies=None, packages_above_depth=None, packages_select_by_dep=None, packages_skip_by_dep=None, packages_skip_up_to=None, packages_select_build_failed=False, packages_skip_build_finished=False, packages_select_test_failures=False, packages_skip_test_passed=False, packages_select=None, packages_skip=None, packages_select_regex=None, packages_skip_regex=None, packages_start=None, packages_end=None, allow_overriding=[], cmake_args=None, cmake_target=None, cmake_target_skip_unavailable=False, cmake_clean_cache=False, cmake_clean_first=False, cmake_force_configure=False, ament_cmake_args=None, catkin_cmake_args=None, catkin_skip_building_tests=False, verb_parser=<colcon_defaults.argument_parser.defaults.DefaultArgumentsDecorator object at 0x7b80944b0430>, verb_extension=<colcon_core.verb.build.BuildVerb object at 0x7b80945a8fa0>, main=<bound method BuildVerb.main of <colcon_core.verb.build.BuildVerb object at 0x7b80945a8fa0>>)
[0.209s] Level 1:colcon.colcon_core.package_discovery:discover_packages(colcon_meta) check parameters
[0.209s] Level 1:colcon.colcon_core.package_discovery:discover_packages(recursive) check parameters
[0.209s] Level 1:colcon.colcon_core.package_discovery:discover_packages(ignore) check parameters
[0.209s] Level 1:colcon.colcon_core.package_discovery:discover_packages(path) check parameters
[0.209s] Level 1:colcon.colcon_core.package_discovery:discover_packages(colcon_meta) discover
[0.209s] Level 1:colcon.colcon_core.package_discovery:discover_packages(recursive) discover
[0.209s] INFO:colcon.colcon_core.package_discovery:Crawling recursively for packages in '/home/william/repos/control_system_ws'
[0.209s] Level 1:colcon.colcon_core.package_identification:_identify(.) by extensions ['ignore', 'ignore_ament_install']
[0.209s] Level 1:colcon.colcon_core.package_identification:_identify(.) by extension 'ignore'
[0.209s] Level 1:colcon.colcon_core.package_identification:_identify(.) by extension 'ignore_ament_install'
[0.210s] Level 1:colcon.colcon_core.package_identification:_identify(.) by extensions ['colcon_pkg']
[0.210s] Level 1:colcon.colcon_core.package_identification:_identify(.) by extension 'colcon_pkg'
[0.210s] Level 1:colcon.colcon_core.package_identification:_identify(.) by extensions ['colcon_meta']
[0.210s] Level 1:colcon.colcon_core.package_identification:_identify(.) by extension 'colcon_meta'
[0.210s] Level 1:colcon.colcon_core.package_identification:_identify(.) by extensions ['ros']
[0.210s] Level 1:colcon.colcon_core.package_identification:_identify(.) by extension 'ros'
[0.229s] Level 1:colcon.colcon_core.package_identification:_identify(.) by extensions ['cmake', 'python']
[0.229s] Level 1:colcon.colcon_core.package_identification:_identify(.) by extension 'cmake'
[0.229s] Level 1:colcon.colcon_core.package_identification:_identify(.) by extension 'python'
[0.229s] Level 1:colcon.colcon_core.package_identification:_identify(.) by extensions ['python_setup_py']
[0.229s] Level 1:colcon.colcon_core.package_identification:_identify(.) by extension 'python_setup_py'
[0.229s] Level 1:colcon.colcon_core.package_identification:_identify(build) by extensions ['ignore', 'ignore_ament_install']
[0.229s] Level 1:colcon.colcon_core.package_identification:_identify(build) by extension 'ignore'
[0.229s] Level 1:colcon.colcon_core.package_identification:_identify(build) ignored
[0.229s] Level 1:colcon.colcon_core.package_identification:_identify(install) by extensions ['ignore', 'ignore_ament_install']
[0.229s] Level 1:colcon.colcon_core.package_identification:_identify(install) by extension 'ignore'
[0.229s] Level 1:colcon.colcon_core.package_identification:_identify(install) ignored
[0.230s] Level 1:colcon.colcon_core.package_identification:_identify(log) by extensions ['ignore', 'ignore_ament_install']
[0.230s] Level 1:colcon.colcon_core.package_identification:_identify(log) by extension 'ignore'
[0.230s] Level 1:colcon.colcon_core.package_identification:_identify(log) ignored
[0.230s] Level 1:colcon.colcon_core.package_identification:_identify(src) by extensions ['ignore', 'ignore_ament_install']
[0.230s] Level 1:colcon.colcon_core.package_identification:_identify(src) by extension 'ignore'
[0.230s] Level 1:colcon.colcon_core.package_identification:_identify(src) by extension 'ignore_ament_install'
[0.230s] Level 1:colcon.colcon_core.package_identification:_identify(src) by extensions ['colcon_pkg']
[0.230s] Level 1:colcon.colcon_core.package_identification:_identify(src) by extension 'colcon_pkg'
[0.230s] Level 1:colcon.colcon_core.package_identification:_identify(src) by extensions ['colcon_meta']
[0.230s] Level 1:colcon.colcon_core.package_identification:_identify(src) by extension 'colcon_meta'
[0.230s] Level 1:colcon.colcon_core.package_identification:_identify(src) by extensions ['ros']
[0.230s] Level 1:colcon.colcon_core.package_identification:_identify(src) by extension 'ros'
[0.230s] Level 1:colcon.colcon_core.package_identification:_identify(src) by extensions ['cmake', 'python']
[0.230s] Level 1:colcon.colcon_core.package_identification:_identify(src) by extension 'cmake'
[0.230s] Level 1:colcon.colcon_core.package_identification:_identify(src) by extension 'python'
[0.231s] Level 1:colcon.colcon_core.package_identification:_identify(src) by extensions ['python_setup_py']
[0.231s] Level 1:colcon.colcon_core.package_identification:_identify(src) by extension 'python_setup_py'
[0.231s] Level 1:colcon.colcon_core.package_identification:_identify(src/custom_interfaces) by extensions ['ignore', 'ignore_ament_install']
[0.231s] Level 1:colcon.colcon_core.package_identification:_identify(src/custom_interfaces) by extension 'ignore'
[0.231s] Level 1:colcon.colcon_core.package_identification:_identify(src/custom_interfaces) by extension 'ignore_ament_install'
[0.231s] Level 1:colcon.colcon_core.package_identification:_identify(src/custom_interfaces) by extensions ['colcon_pkg']
[0.231s] Level 1:colcon.colcon_core.package_identification:_identify(src/custom_interfaces) by extension 'colcon_pkg'
[0.231s] Level 1:colcon.colcon_core.package_identification:_identify(src/custom_interfaces) by extensions ['colcon_meta']
[0.231s] Level 1:colcon.colcon_core.package_identification:_identify(src/custom_interfaces) by extension 'colcon_meta'
[0.231s] Level 1:colcon.colcon_core.package_identification:_identify(src/custom_interfaces) by extensions ['ros']
[0.231s] Level 1:colcon.colcon_core.package_identification:_identify(src/custom_interfaces) by extension 'ros'
[0.234s] DEBUG:colcon.colcon_core.package_identification:Package 'src/custom_interfaces' with type 'ros.ament_cmake' and name 'custom_interfaces'
[0.235s] Level 1:colcon.colcon_core.package_identification:_identify(src/shimmer_emg) by extensions ['ignore', 'ignore_ament_install']
[0.235s] Level 1:colcon.colcon_core.package_identification:_identify(src/shimmer_emg) by extension 'ignore'
[0.235s] Level 1:colcon.colcon_core.package_identification:_identify(src/shimmer_emg) by extension 'ignore_ament_install'
[0.235s] Level 1:colcon.colcon_core.package_identification:_identify(src/shimmer_emg) by extensions ['colcon_pkg']
[0.235s] Level 1:colcon.colcon_core.package_identification:_identify(src/shimmer_emg) by extension 'colcon_pkg'
[0.235s] Level 1:colcon.colcon_core.package_identification:_identify(src/shimmer_emg) by extensions ['colcon_meta']
[0.235s] Level 1:colcon.colcon_core.package_identification:_identify(src/shimmer_emg) by extension 'colcon_meta'
[0.235s] Level 1:colcon.colcon_core.package_identification:_identify(src/shimmer_emg) by extensions ['ros']
[0.235s] Level 1:colcon.colcon_core.package_identification:_identify(src/shimmer_emg) by extension 'ros'
[0.236s] DEBUG:colcon.colcon_core.package_identification:Package 'src/shimmer_emg' with type 'ros.ament_python' and name 'shimmer_emg'
[0.236s] Level 1:colcon.colcon_core.package_discovery:discover_packages(recursive) using defaults
[0.236s] Level 1:colcon.colcon_core.package_discovery:discover_packages(ignore) discover
[0.236s] Level 1:colcon.colcon_core.package_discovery:discover_packages(ignore) using defaults
[0.236s] Level 1:colcon.colcon_core.package_discovery:discover_packages(path) discover
[0.236s] Level 1:colcon.colcon_core.package_discovery:discover_packages(path) using defaults
[0.261s] Level 1:colcon.colcon_core.package_discovery:discover_packages(prefix_path) check parameters
[0.261s] Level 1:colcon.colcon_core.package_discovery:discover_packages(prefix_path) discover
[0.264s] DEBUG:colcon.colcon_installed_package_information.package_discovery:Found 273 installed packages in /opt/ros/humble
[0.267s] Level 1:colcon.colcon_core.package_discovery:discover_packages(prefix_path) using defaults
[0.308s] Level 5:colcon.colcon_core.verb:set package 'custom_interfaces' build argument 'cmake_args' from command line to 'None'
[0.308s] Level 5:colcon.colcon_core.verb:set package 'custom_interfaces' build argument 'cmake_target' from command line to 'None'
[0.308s] Level 5:colcon.colcon_core.verb:set package 'custom_interfaces' build argument 'cmake_target_skip_unavailable' from command line to 'False'
[0.308s] Level 5:colcon.colcon_core.verb:set package 'custom_interfaces' build argument 'cmake_clean_cache' from command line to 'False'
[0.308s] Level 5:colcon.colcon_core.verb:set package 'custom_interfaces' build argument 'cmake_clean_first' from command line to 'False'
[0.308s] Level 5:colcon.colcon_core.verb:set package 'custom_interfaces' build argument 'cmake_force_configure' from command line to 'False'
[0.308s] Level 5:colcon.colcon_core.verb:set package 'custom_interfaces' build argument 'ament_cmake_args' from command line to 'None'
[0.308s] Level 5:colcon.colcon_core.verb:set package 'custom_interfaces' build argument 'catkin_cmake_args' from command line to 'None'
[0.308s] Level 5:colcon.colcon_core.verb:set package 'custom_interfaces' build argument 'catkin_skip_building_tests' from command line to 'False'
[0.308s] DEBUG:colcon.colcon_core.verb:Building package 'custom_interfaces' with the following arguments: {'ament_cmake_args': None, 'build_base': '/home/william/repos/control_system_ws/build/custom_interfaces', 'catkin_cmake_args': None, 'catkin_skip_building_tests': False, 'cmake_args': None, 'cmake_clean_cache': False, 'cmake_clean_first': False, 'cmake_force_configure': False, 'cmake_target': None, 'cmake_target_skip_unavailable': False, 'install_base': '/home/william/repos/control_system_ws/install/custom_interfaces', 'merge_install': False, 'path': '/home/william/repos/control_system_ws/src/custom_interfaces', 'symlink_install': False, 'test_result_base': None}
[0.309s] Level 5:colcon.colcon_core.verb:set package 'shimmer_emg' build argument 'cmake_args' from command line to 'None'
[0.309s] Level 5:colcon.colcon_core.verb:set package 'shimmer_emg' build argument 'cmake_target' from command line to 'None'
[0.309s] Level 5:colcon.colcon_core.verb:set package 'shimmer_emg' build argument 'cmake_target_skip_unavailable' from command line to 'False'
[0.309s] Level 5:colcon.colcon_core.verb:set package 'shimmer_emg' build argument 'cmake_clean_cache' from command line to 'False'
[0.309s] Level 5:colcon.colcon_core.verb:set package 'shimmer_emg' build argument 'cmake_clean_first' from command line to 'False'
[0.309s] Level 5:colcon.colcon_core.verb:set package 'shimmer_emg' build argument 'cmake_force_configure' from command line to 'False'
[0.309s] Level 5:colcon.colcon_core.verb:set package 'shimmer_emg' build argument 'ament_cmake_args' from command line to 'None'
[0.309s] Level 5:colcon.colcon_core.verb:set package 'shimmer_emg' build argument 'catkin_cmake_args' from command line to 'None'
[0.309s] Level 5:colcon.colcon_core.verb:set package 'shimmer_emg' build argument 'catkin_skip_building_tests' from command line to 'False'
[0.309s] DEBUG:colcon.colcon_core.verb:Building package 'shimmer_emg' with the following arguments: {'ament_cmake_args': None, 'build_base': '/home/william/repos/control_system_ws/build/shimmer_emg', 'catkin_cmake_args': None, 'catkin_skip_building_tests': False, 'cmake_args': None, 'cmake_clean_cache': False, 'cmake_clean_first': False, 'cmake_force_configure': False, 'cmake_target': None, 'cmake_target_skip_unavailable': False, 'install_base': '/home/william/repos/control_system_ws/install/shimmer_emg', 'merge_install': False, 'path': '/home/william/repos/control_system_ws/src/shimmer_emg', 'symlink_install': False, 'test_result_base': None}
[0.309s] INFO:colcon.colcon_core.executor:Executing jobs using 'parallel' executor
[0.310s] DEBUG:colcon.colcon_parallel_executor.executor.parallel:run_until_complete
[0.311s] INFO:colcon.colcon_ros.task.ament_cmake.build:Building ROS package in '/home/william/repos/control_system_ws/src/custom_interfaces' with build type 'ament_cmake'
[0.311s] INFO:colcon.colcon_cmake.task.cmake.build:Building CMake package in '/home/william/repos/control_system_ws/src/custom_interfaces'
[0.314s] INFO:colcon.colcon_core.plugin_system:Skipping extension 'colcon_core.shell.bat': Not used on non-Windows systems
[0.314s] INFO:colcon.colcon_core.shell:Skip shell extension 'powershell' for command environment: Not usable outside of PowerShell
[0.314s] DEBUG:colcon.colcon_core.shell:Skip shell extension 'dsv' for command environment
[0.325s] DEBUG:colcon.colcon_core.event_handler.log_command:Invoking command in '/home/william/repos/control_system_ws/build/custom_interfaces': CMAKE_PREFIX_PATH=/opt/ros/humble /usr/bin/cmake --build /home/william/repos/control_system_ws/build/custom_interfaces -- -j16 -l16
[0.827s] DEBUG:colcon.colcon_core.event_handler.log_command:Invoked command in '/home/william/repos/control_system_ws/build/custom_interfaces' returned '0': CMAKE_PREFIX_PATH=/opt/ros/humble /usr/bin/cmake --build /home/william/repos/control_system_ws/build/custom_interfaces -- -j16 -l16
[0.927s] DEBUG:colcon.colcon_core.event_handler.log_command:Invoking command in '/home/william/repos/control_system_ws/build/custom_interfaces': CMAKE_PREFIX_PATH=/opt/ros/humble /usr/bin/cmake --install /home/william/repos/control_system_ws/build/custom_interfaces
[0.997s] Level 1:colcon.colcon_core.environment:create_environment_scripts_only(custom_interfaces)
[0.998s] DEBUG:colcon.colcon_core.event_handler.log_command:Invoked command in '/home/william/repos/control_system_ws/build/custom_interfaces' returned '0': CMAKE_PREFIX_PATH=/opt/ros/humble /usr/bin/cmake --install /home/william/repos/control_system_ws/build/custom_interfaces
[1.002s] Level 1:colcon.colcon_core.environment:checking '/home/william/repos/control_system_ws/install/custom_interfaces' for CMake module files
[1.003s] Level 1:colcon.colcon_core.environment:checking '/home/william/repos/control_system_ws/install/custom_interfaces' for CMake config files
[1.003s] Level 1:colcon.colcon_core.shell:create_environment_hook('custom_interfaces', 'cmake_prefix_path')
[1.003s] INFO:colcon.colcon_core.shell:Creating environment hook '/home/william/repos/control_system_ws/install/custom_interfaces/share/custom_interfaces/hook/cmake_prefix_path.ps1'
[1.004s] INFO:colcon.colcon_core.shell:Creating environment descriptor '/home/william/repos/control_system_ws/install/custom_interfaces/share/custom_interfaces/hook/cmake_prefix_path.dsv'
[1.005s] INFO:colcon.colcon_core.shell:Creating environment hook '/home/william/repos/control_system_ws/install/custom_interfaces/share/custom_interfaces/hook/cmake_prefix_path.sh'
[1.006s] Level 1:colcon.colcon_core.environment:checking '/home/william/repos/control_system_ws/install/custom_interfaces/lib'
[1.006s] Level 1:colcon.colcon_core.shell:create_environment_hook('custom_interfaces', 'ld_library_path_lib')
[1.006s] INFO:colcon.colcon_core.shell:Creating environment hook '/home/william/repos/control_system_ws/install/custom_interfaces/share/custom_interfaces/hook/ld_library_path_lib.ps1'
[1.007s] INFO:colcon.colcon_core.shell:Creating environment descriptor '/home/william/repos/control_system_ws/install/custom_interfaces/share/custom_interfaces/hook/ld_library_path_lib.dsv'
[1.007s] INFO:colcon.colcon_core.shell:Creating environment hook '/home/william/repos/control_system_ws/install/custom_interfaces/share/custom_interfaces/hook/ld_library_path_lib.sh'
[1.008s] Level 1:colcon.colcon_core.environment:checking '/home/william/repos/control_system_ws/install/custom_interfaces/bin'
[1.008s] Level 1:colcon.colcon_core.environment:checking '/home/william/repos/control_system_ws/install/custom_interfaces/lib/pkgconfig/custom_interfaces.pc'
[1.008s] Level 1:colcon.colcon_core.environment:checking '/home/william/repos/control_system_ws/install/custom_interfaces/lib/python3.10/site-packages'
[1.008s] Level 1:colcon.colcon_core.environment:checking '/home/william/repos/control_system_ws/install/custom_interfaces/bin'
[1.009s] INFO:colcon.colcon_core.shell:Creating package script '/home/william/repos/control_system_ws/install/custom_interfaces/share/custom_interfaces/package.ps1'
[1.010s] INFO:colcon.colcon_core.shell:Creating package descriptor '/home/william/repos/control_system_ws/install/custom_interfaces/share/custom_interfaces/package.dsv'
[1.010s] INFO:colcon.colcon_core.shell:Creating package script '/home/william/repos/control_system_ws/install/custom_interfaces/share/custom_interfaces/package.sh'
[1.011s] INFO:colcon.colcon_core.shell:Creating package script '/home/william/repos/control_system_ws/install/custom_interfaces/share/custom_interfaces/package.bash'
[1.012s] INFO:colcon.colcon_core.shell:Creating package script '/home/william/repos/control_system_ws/install/custom_interfaces/share/custom_interfaces/package.zsh'
[1.013s] Level 1:colcon.colcon_core.environment:create_file_with_runtime_dependencies(/home/william/repos/control_system_ws/install/custom_interfaces/share/colcon-core/packages/custom_interfaces)
[1.091s] Level 1:colcon.colcon_core.environment:create_environment_scripts_only(custom_interfaces)
[1.092s] Level 1:colcon.colcon_core.environment:checking '/home/william/repos/control_system_ws/install/custom_interfaces' for CMake module files
[1.092s] Level 1:colcon.colcon_core.environment:checking '/home/william/repos/control_system_ws/install/custom_interfaces' for CMake config files
[1.093s] Level 1:colcon.colcon_core.shell:create_environment_hook('custom_interfaces', 'cmake_prefix_path')
[1.093s] INFO:colcon.colcon_core.shell:Creating environment hook '/home/william/repos/control_system_ws/install/custom_interfaces/share/custom_interfaces/hook/cmake_prefix_path.ps1'
[1.093s] INFO:colcon.colcon_core.shell:Creating environment descriptor '/home/william/repos/control_system_ws/install/custom_interfaces/share/custom_interfaces/hook/cmake_prefix_path.dsv'
[1.094s] INFO:colcon.colcon_core.shell:Creating environment hook '/home/william/repos/control_system_ws/install/custom_interfaces/share/custom_interfaces/hook/cmake_prefix_path.sh'
[1.094s] Level 1:colcon.colcon_core.environment:checking '/home/william/repos/control_system_ws/install/custom_interfaces/lib'
[1.094s] Level 1:colcon.colcon_core.shell:create_environment_hook('custom_interfaces', 'ld_library_path_lib')
[1.095s] INFO:colcon.colcon_core.shell:Creating environment hook '/home/william/repos/control_system_ws/install/custom_interfaces/share/custom_interfaces/hook/ld_library_path_lib.ps1'
[1.095s] INFO:colcon.colcon_core.shell:Creating environment descriptor '/home/william/repos/control_system_ws/install/custom_interfaces/share/custom_interfaces/hook/ld_library_path_lib.dsv'
[1.095s] INFO:colcon.colcon_core.shell:Creating environment hook '/home/william/repos/control_system_ws/install/custom_interfaces/share/custom_interfaces/hook/ld_library_path_lib.sh'
[1.096s] Level 1:colcon.colcon_core.environment:checking '/home/william/repos/control_system_ws/install/custom_interfaces/bin'
[1.096s] Level 1:colcon.colcon_core.environment:checking '/home/william/repos/control_system_ws/install/custom_interfaces/lib/pkgconfig/custom_interfaces.pc'
[1.096s] Level 1:colcon.colcon_core.environment:checking '/home/william/repos/control_system_ws/install/custom_interfaces/lib/python3.10/site-packages'
[1.096s] Level 1:colcon.colcon_core.environment:checking '/home/william/repos/control_system_ws/install/custom_interfaces/bin'
[1.097s] INFO:colcon.colcon_core.shell:Creating package script '/home/william/repos/control_system_ws/install/custom_interfaces/share/custom_interfaces/package.ps1'
[1.097s] INFO:colcon.colcon_core.shell:Creating package descriptor '/home/william/repos/control_system_ws/install/custom_interfaces/share/custom_interfaces/package.dsv'
[1.098s] INFO:colcon.colcon_core.shell:Creating package script '/home/william/repos/control_system_ws/install/custom_interfaces/share/custom_interfaces/package.sh'
[1.098s] INFO:colcon.colcon_core.shell:Creating package script '/home/william/repos/control_system_ws/install/custom_interfaces/share/custom_interfaces/package.bash'
[1.098s] INFO:colcon.colcon_core.shell:Creating package script '/home/william/repos/control_system_ws/install/custom_interfaces/share/custom_interfaces/package.zsh'
[1.099s] Level 1:colcon.colcon_core.environment:create_file_with_runtime_dependencies(/home/william/repos/control_system_ws/install/custom_interfaces/share/colcon-core/packages/custom_interfaces)
[1.099s] INFO:colcon.colcon_ros.task.ament_python.build:Building ROS package in '/home/william/repos/control_system_ws/src/shimmer_emg' with build type 'ament_python'
[1.099s] Level 1:colcon.colcon_core.shell:create_environment_hook('shimmer_emg', 'ament_prefix_path')
[1.100s] INFO:colcon.colcon_core.shell:Creating environment hook '/home/william/repos/control_system_ws/install/shimmer_emg/share/shimmer_emg/hook/ament_prefix_path.ps1'
[1.100s] INFO:colcon.colcon_core.shell:Creating environment descriptor '/home/william/repos/control_system_ws/install/shimmer_emg/share/shimmer_emg/hook/ament_prefix_path.dsv'
[1.101s] INFO:colcon.colcon_core.shell:Creating environment hook '/home/william/repos/control_system_ws/install/shimmer_emg/share/shimmer_emg/hook/ament_prefix_path.sh'
[1.102s] INFO:colcon.colcon_core.shell:Skip shell extension 'powershell' for command environment: Not usable outside of PowerShell
[1.102s] DEBUG:colcon.colcon_core.shell:Skip shell extension 'dsv' for command environment
[1.349s] INFO:colcon.colcon_core.task.python.build:Building Python package in '/home/william/repos/control_system_ws/src/shimmer_emg'
[1.349s] INFO:colcon.colcon_core.shell:Skip shell extension 'powershell' for command environment: Not usable outside of PowerShell
[1.349s] DEBUG:colcon.colcon_core.shell:Skip shell extension 'dsv' for command environment
[2.024s] DEBUG:colcon.colcon_core.event_handler.log_command:Invoking command in '/home/william/repos/control_system_ws/src/shimmer_emg': AMENT_PREFIX_PATH=/home/william/repos/control_system_ws/install/custom_interfaces:${AMENT_PREFIX_PATH} CMAKE_PREFIX_PATH=/home/william/repos/control_system_ws/install/custom_interfaces LD_LIBRARY_PATH=/home/william/repos/control_system_ws/install/custom_interfaces/lib:${LD_LIBRARY_PATH} PYTHONPATH=/home/william/repos/control_system_ws/build/shimmer_emg/prefix_override:/home/william/repos/control_system_ws/install/shimmer_emg/lib/python3.10/site-packages:/home/william/repos/control_system_ws/install/custom_interfaces/local/lib/python3.10/dist-packages:${PYTHONPATH} /usr/bin/python3 -W ignore:setup.py install is deprecated setup.py egg_info --egg-base ../../build/shimmer_emg build --build-base /home/william/repos/control_system_ws/build/shimmer_emg/build install --record /home/william/repos/control_system_ws/build/shimmer_emg/install.log --single-version-externally-managed install_data
[2.493s] Level 1:colcon.colcon_core.environment:checking '/home/william/repos/control_system_ws/install/shimmer_emg' for CMake module files
[2.493s] DEBUG:colcon.colcon_core.event_handler.log_command:Invoked command in '/home/william/repos/control_system_ws/src/shimmer_emg' returned '0': AMENT_PREFIX_PATH=/home/william/repos/control_system_ws/install/custom_interfaces:${AMENT_PREFIX_PATH} CMAKE_PREFIX_PATH=/home/william/repos/control_system_ws/install/custom_interfaces LD_LIBRARY_PATH=/home/william/repos/control_system_ws/install/custom_interfaces/lib:${LD_LIBRARY_PATH} PYTHONPATH=/home/william/repos/control_system_ws/build/shimmer_emg/prefix_override:/home/william/repos/control_system_ws/install/shimmer_emg/lib/python3.10/site-packages:/home/william/repos/control_system_ws/install/custom_interfaces/local/lib/python3.10/dist-packages:${PYTHONPATH} /usr/bin/python3 -W ignore:setup.py install is deprecated setup.py egg_info --egg-base ../../build/shimmer_emg build --build-base /home/william/repos/control_system_ws/build/shimmer_emg/build install --record /home/william/repos/control_system_ws/build/shimmer_emg/install.log --single-version-externally-managed install_data
[2.494s] Level 1:colcon.colcon_core.environment:checking '/home/william/repos/control_system_ws/install/shimmer_emg' for CMake config files
[2.494s] Level 1:colcon.colcon_core.environment:checking '/home/william/repos/control_system_ws/install/shimmer_emg/lib'
[2.494s] Level 1:colcon.colcon_core.environment:checking '/home/william/repos/control_system_ws/install/shimmer_emg/bin'
[2.494s] Level 1:colcon.colcon_core.environment:checking '/home/william/repos/control_system_ws/install/shimmer_emg/lib/pkgconfig/shimmer_emg.pc'
[2.495s] Level 1:colcon.colcon_core.environment:checking '/home/william/repos/control_system_ws/install/shimmer_emg/lib/python3.10/site-packages'
[2.495s] Level 1:colcon.colcon_core.shell:create_environment_hook('shimmer_emg', 'pythonpath')
[2.495s] INFO:colcon.colcon_core.shell:Creating environment hook '/home/william/repos/control_system_ws/install/shimmer_emg/share/shimmer_emg/hook/pythonpath.ps1'
[2.495s] INFO:colcon.colcon_core.shell:Creating environment descriptor '/home/william/repos/control_system_ws/install/shimmer_emg/share/shimmer_emg/hook/pythonpath.dsv'
[2.496s] INFO:colcon.colcon_core.shell:Creating environment hook '/home/william/repos/control_system_ws/install/shimmer_emg/share/shimmer_emg/hook/pythonpath.sh'
[2.496s] Level 1:colcon.colcon_core.environment:checking '/home/william/repos/control_system_ws/install/shimmer_emg/bin'
[2.496s] Level 1:colcon.colcon_core.environment:create_environment_scripts_only(shimmer_emg)
[2.496s] INFO:colcon.colcon_core.shell:Creating package script '/home/william/repos/control_system_ws/install/shimmer_emg/share/shimmer_emg/package.ps1'
[2.497s] INFO:colcon.colcon_core.shell:Creating package descriptor '/home/william/repos/control_system_ws/install/shimmer_emg/share/shimmer_emg/package.dsv'
[2.497s] INFO:colcon.colcon_core.shell:Creating package script '/home/william/repos/control_system_ws/install/shimmer_emg/share/shimmer_emg/package.sh'
[2.498s] INFO:colcon.colcon_core.shell:Creating package script '/home/william/repos/control_system_ws/install/shimmer_emg/share/shimmer_emg/package.bash'
[2.498s] INFO:colcon.colcon_core.shell:Creating package script '/home/william/repos/control_system_ws/install/shimmer_emg/share/shimmer_emg/package.zsh'
[2.498s] Level 1:colcon.colcon_core.environment:create_file_with_runtime_dependencies(/home/william/repos/control_system_ws/install/shimmer_emg/share/colcon-core/packages/shimmer_emg)
[2.498s] DEBUG:colcon.colcon_parallel_executor.executor.parallel:closing loop
[2.499s] DEBUG:colcon.colcon_parallel_executor.executor.parallel:loop closed
[2.499s] DEBUG:colcon.colcon_parallel_executor.executor.parallel:run_until_complete finished with '0'
[2.499s] DEBUG:colcon.colcon_core.event_reactor:joining thread
[2.506s] INFO:colcon.colcon_core.plugin_system:Skipping extension 'colcon_notification.desktop_notification.terminal_notifier': Not used on non-Darwin systems
[2.506s] INFO:colcon.colcon_core.plugin_system:Skipping extension 'colcon_notification.desktop_notification.win32': Not used on non-Windows systems
[2.506s] INFO:colcon.colcon_notification.desktop_notification:Sending desktop notification using 'notify2'
[2.518s] DEBUG:colcon.colcon_core.event_reactor:joined thread
[2.519s] INFO:colcon.colcon_core.shell:Creating prefix script '/home/william/repos/control_system_ws/install/local_setup.ps1'
[2.520s] INFO:colcon.colcon_core.shell:Creating prefix util module '/home/william/repos/control_system_ws/install/_local_setup_util_ps1.py'
[2.521s] INFO:colcon.colcon_core.shell:Creating prefix chain script '/home/william/repos/control_system_ws/install/setup.ps1'
[2.522s] INFO:colcon.colcon_core.shell:Creating prefix script '/home/william/repos/control_system_ws/install/local_setup.sh'
[2.522s] INFO:colcon.colcon_core.shell:Creating prefix util module '/home/william/repos/control_system_ws/install/_local_setup_util_sh.py'
[2.523s] INFO:colcon.colcon_core.shell:Creating prefix chain script '/home/william/repos/control_system_ws/install/setup.sh'
[2.523s] INFO:colcon.colcon_core.shell:Creating prefix script '/home/william/repos/control_system_ws/install/local_setup.bash'
[2.524s] INFO:colcon.colcon_core.shell:Creating prefix chain script '/home/william/repos/control_system_ws/install/setup.bash'
[2.525s] INFO:colcon.colcon_core.shell:Creating prefix script '/home/william/repos/control_system_ws/install/local_setup.zsh'
[2.525s] INFO:colcon.colcon_core.shell:Creating prefix chain script '/home/william/repos/control_system_ws/install/setup.zsh'
