[1.195s] Invoking command in '/home/william/repos/control_system_ws/src/shimmer_emg': PYTHONPATH=/home/william/repos/control_system_ws/build/shimmer_emg/prefix_override:/home/william/repos/control_system_ws/install/shimmer_emg/lib/python3.10/site-packages:${PYTHONPATH} /usr/bin/python3 setup.py egg_info --egg-base ../../build/shimmer_emg build --build-base /home/william/repos/control_system_ws/build/shimmer_emg/build install --record /home/william/repos/control_system_ws/build/shimmer_emg/install.log --single-version-externally-managed
[1.469s] running egg_info
[1.489s] writing ../../build/shimmer_emg/shimmer_emg.egg-info/PKG-INFO
[1.490s] writing dependency_links to ../../build/shimmer_emg/shimmer_emg.egg-info/dependency_links.txt
[1.490s] writing entry points to ../../build/shimmer_emg/shimmer_emg.egg-info/entry_points.txt
[1.490s] writing requirements to ../../build/shimmer_emg/shimmer_emg.egg-info/requires.txt
[1.490s] writing top-level names to ../../build/shimmer_emg/shimmer_emg.egg-info/top_level.txt
[1.533s] reading manifest file '../../build/shimmer_emg/shimmer_emg.egg-info/SOURCES.txt'
[1.534s] writing manifest file '../../build/shimmer_emg/shimmer_emg.egg-info/SOURCES.txt'
[1.534s] running build
[1.534s] running build_py
[1.535s] copying shimmer_emg/imu_emg_aq.py -> /home/william/repos/control_system_ws/build/shimmer_emg/build/lib/shimmer_emg
[1.535s] copying shimmer_emg/plot_data.py -> /home/william/repos/control_system_ws/build/shimmer_emg/build/lib/shimmer_emg
[1.535s] copying shimmer_emg/emg_aq.py -> /home/william/repos/control_system_ws/build/shimmer_emg/build/lib/shimmer_emg
[1.536s] copying shimmer_emg/__init__.py -> /home/william/repos/control_system_ws/build/shimmer_emg/build/lib/shimmer_emg
[1.536s] copying shimmer_emg/record_data.py -> /home/william/repos/control_system_ws/build/shimmer_emg/build/lib/shimmer_emg
[1.536s] copying shimmer_emg/imu_aq.py -> /home/william/repos/control_system_ws/build/shimmer_emg/build/lib/shimmer_emg
[1.537s] running install
[1.537s] /home/william/.local/lib/python3.10/site-packages/setuptools/_distutils/cmd.py:66: SetuptoolsDeprecationWarning: setup.py install is deprecated.
[1.537s] !!
[1.537s] 
[1.537s]         ********************************************************************************
[1.537s]         Please avoid running ``setup.py`` directly.
[1.537s]         Instead, use pypa/build, pypa/installer or other
[1.537s]         standards-based tools.
[1.537s] 
[1.538s]         See https://blog.ganssle.io/articles/2021/10/setup-py-deprecated.html for details.
[1.538s]         ********************************************************************************
[1.538s] 
[1.538s] !!
[1.538s]   self.initialize_options()
[1.545s] running install_lib
[1.569s] running install_data
[1.591s] copying resource/shimmer_emg -> /home/william/repos/control_system_ws/install/shimmer_emg/share/ament_index/resource_index/packages
[1.591s] copying package.xml -> /home/william/repos/control_system_ws/install/shimmer_emg/share/shimmer_emg
[1.591s] running install_egg_info
[1.612s] removing '/home/william/repos/control_system_ws/install/shimmer_emg/lib/python3.10/site-packages/shimmer_emg-0.0.0-py3.10.egg-info' (and everything under it)
[1.612s] Copying ../../build/shimmer_emg/shimmer_emg.egg-info to /home/william/repos/control_system_ws/install/shimmer_emg/lib/python3.10/site-packages/shimmer_emg-0.0.0-py3.10.egg-info
[1.614s] running install_scripts
[1.828s] Installing emg_aq script to /home/william/repos/control_system_ws/install/shimmer_emg/lib/shimmer_emg
[1.828s] Installing imu_aq script to /home/william/repos/control_system_ws/install/shimmer_emg/lib/shimmer_emg
[1.828s] Installing imu_emg_aq script to /home/william/repos/control_system_ws/install/shimmer_emg/lib/shimmer_emg
[1.829s] Installing plot_data script to /home/william/repos/control_system_ws/install/shimmer_emg/lib/shimmer_emg
[1.829s] Installing record_data script to /home/william/repos/control_system_ws/install/shimmer_emg/lib/shimmer_emg
[1.830s] writing list of installed files to '/home/william/repos/control_system_ws/build/shimmer_emg/install.log'
[1.878s] Invoked command in '/home/william/repos/control_system_ws/src/shimmer_emg' returned '0': PYTHONPATH=/home/william/repos/control_system_ws/build/shimmer_emg/prefix_override:/home/william/repos/control_system_ws/install/shimmer_emg/lib/python3.10/site-packages:${PYTHONPATH} /usr/bin/python3 setup.py egg_info --egg-base ../../build/shimmer_emg build --build-base /home/william/repos/control_system_ws/build/shimmer_emg/build install --record /home/william/repos/control_system_ws/build/shimmer_emg/install.log --single-version-externally-managed
