[0.691s] Invoking command in '/home/william/repos/control_system_ws/src/shimmer_emg': AMENT_PREFIX_PATH=/home/william/repos/control_system_ws/install/custom_interfaces:${AMENT_PREFIX_PATH} CMAKE_PREFIX_PATH=/home/william/repos/control_system_ws/install/custom_interfaces LD_LIBRARY_PATH=/home/william/repos/control_system_ws/install/custom_interfaces/lib:${LD_LIBRARY_PATH} PYTHONPATH=/home/william/repos/control_system_ws/build/shimmer_emg/prefix_override:/home/william/repos/control_system_ws/install/shimmer_emg/lib/python3.10/site-packages:/home/william/repos/control_system_ws/install/custom_interfaces/local/lib/python3.10/dist-packages:${PYTHONPATH} /usr/bin/python3 setup.py egg_info --egg-base ../../build/shimmer_emg build --build-base /home/william/repos/control_system_ws/build/shimmer_emg/build install --record /home/william/repos/control_system_ws/build/shimmer_emg/install.log --single-version-externally-managed
[0.880s] running egg_info
[0.893s] writing ../../build/shimmer_emg/shimmer_emg.egg-info/PKG-INFO
[0.893s] writing dependency_links to ../../build/shimmer_emg/shimmer_emg.egg-info/dependency_links.txt
[0.894s] writing entry points to ../../build/shimmer_emg/shimmer_emg.egg-info/entry_points.txt
[0.894s] writing requirements to ../../build/shimmer_emg/shimmer_emg.egg-info/requires.txt
[0.894s] writing top-level names to ../../build/shimmer_emg/shimmer_emg.egg-info/top_level.txt
[0.921s] reading manifest file '../../build/shimmer_emg/shimmer_emg.egg-info/SOURCES.txt'
[0.922s] writing manifest file '../../build/shimmer_emg/shimmer_emg.egg-info/SOURCES.txt'
[0.922s] running build
[0.923s] running build_py
[0.923s] copying shimmer_emg/plot_emg_from_csv.py -> /home/william/repos/control_system_ws/build/shimmer_emg/build/lib/shimmer_emg
[0.923s] copying shimmer_emg/imu_emg_aq.py -> /home/william/repos/control_system_ws/build/shimmer_emg/build/lib/shimmer_emg
[0.923s] copying shimmer_emg/emg_aq.py -> /home/william/repos/control_system_ws/build/shimmer_emg/build/lib/shimmer_emg
[0.924s] copying shimmer_emg/__init__.py -> /home/william/repos/control_system_ws/build/shimmer_emg/build/lib/shimmer_emg
[0.924s] copying shimmer_emg/imu_aq.py -> /home/william/repos/control_system_ws/build/shimmer_emg/build/lib/shimmer_emg
[0.924s] running install
[0.925s] /home/william/.local/lib/python3.10/site-packages/setuptools/_distutils/cmd.py:66: SetuptoolsDeprecationWarning: setup.py install is deprecated.
[0.925s] !!
[0.925s] 
[0.925s]         ********************************************************************************
[0.925s]         Please avoid running ``setup.py`` directly.
[0.925s]         Instead, use pypa/build, pypa/installer or other
[0.925s]         standards-based tools.
[0.926s] 
[0.926s]         See https://blog.ganssle.io/articles/2021/10/setup-py-deprecated.html for details.
[0.926s]         ********************************************************************************
[0.926s] 
[0.926s] !!
[0.926s]   self.initialize_options()
[0.929s] running install_lib
[0.943s] copying /home/william/repos/control_system_ws/build/shimmer_emg/build/lib/shimmer_emg/imu_emg_aq.py -> /home/william/repos/control_system_ws/install/shimmer_emg/lib/python3.10/site-packages/shimmer_emg
[0.944s] byte-compiling /home/william/repos/control_system_ws/install/shimmer_emg/lib/python3.10/site-packages/shimmer_emg/imu_emg_aq.py to imu_emg_aq.cpython-310.pyc
[0.947s] running install_data
[0.960s] copying resource/shimmer_emg -> /home/william/repos/control_system_ws/install/shimmer_emg/share/ament_index/resource_index/packages
[0.960s] copying package.xml -> /home/william/repos/control_system_ws/install/shimmer_emg/share/shimmer_emg
[0.960s] running install_egg_info
[0.974s] removing '/home/william/repos/control_system_ws/install/shimmer_emg/lib/python3.10/site-packages/shimmer_emg-0.0.0-py3.10.egg-info' (and everything under it)
[0.974s] Copying ../../build/shimmer_emg/shimmer_emg.egg-info to /home/william/repos/control_system_ws/install/shimmer_emg/lib/python3.10/site-packages/shimmer_emg-0.0.0-py3.10.egg-info
[0.975s] running install_scripts
[1.099s] Installing emg_aq script to /home/william/repos/control_system_ws/install/shimmer_emg/lib/shimmer_emg
[1.099s] Installing imu_aq script to /home/william/repos/control_system_ws/install/shimmer_emg/lib/shimmer_emg
[1.099s] Installing imu_emg_aq script to /home/william/repos/control_system_ws/install/shimmer_emg/lib/shimmer_emg
[1.099s] writing list of installed files to '/home/william/repos/control_system_ws/build/shimmer_emg/install.log'
[1.130s] Invoked command in '/home/william/repos/control_system_ws/src/shimmer_emg' returned '0': AMENT_PREFIX_PATH=/home/william/repos/control_system_ws/install/custom_interfaces:${AMENT_PREFIX_PATH} CMAKE_PREFIX_PATH=/home/william/repos/control_system_ws/install/custom_interfaces LD_LIBRARY_PATH=/home/william/repos/control_system_ws/install/custom_interfaces/lib:${LD_LIBRARY_PATH} PYTHONPATH=/home/william/repos/control_system_ws/build/shimmer_emg/prefix_override:/home/william/repos/control_system_ws/install/shimmer_emg/lib/python3.10/site-packages:/home/william/repos/control_system_ws/install/custom_interfaces/local/lib/python3.10/dist-packages:${PYTHONPATH} /usr/bin/python3 setup.py egg_info --egg-base ../../build/shimmer_emg build --build-base /home/william/repos/control_system_ws/build/shimmer_emg/build install --record /home/william/repos/control_system_ws/build/shimmer_emg/install.log --single-version-externally-managed
