[2.475s] Invoking command in '/home/pi/MasterThesis/src/shimmer_emg': PYTHONPATH=/home/pi/MasterThesis/build/shimmer_emg/prefix_override:/home/pi/MasterThesis/install/shimmer_emg/lib/python3.10/site-packages:${PYTHONPATH} /usr/bin/python3 -W ignore:setup.py install is deprecated setup.py egg_info --egg-base ../../build/shimmer_emg build --build-base /home/pi/MasterThesis/build/shimmer_emg/build install --record /home/pi/MasterThesis/build/shimmer_emg/install.log --single-version-externally-managed install_data
[3.396s] running egg_info
[3.399s] writing ../../build/shimmer_emg/shimmer_emg.egg-info/PKG-INFO
[3.400s] writing dependency_links to ../../build/shimmer_emg/shimmer_emg.egg-info/dependency_links.txt
[3.401s] writing entry points to ../../build/shimmer_emg/shimmer_emg.egg-info/entry_points.txt
[3.401s] writing requirements to ../../build/shimmer_emg/shimmer_emg.egg-info/requires.txt
[3.402s] writing top-level names to ../../build/shimmer_emg/shimmer_emg.egg-info/top_level.txt
[3.409s] reading manifest file '../../build/shimmer_emg/shimmer_emg.egg-info/SOURCES.txt'
[3.414s] writing manifest file '../../build/shimmer_emg/shimmer_emg.egg-info/SOURCES.txt'
[3.415s] running build
[3.415s] running build_py
[3.417s] copying shimmer_emg/rp_enable_dc.py -> /home/pi/MasterThesis/build/shimmer_emg/build/lib/shimmer_emg
[3.420s] running install
[3.421s] running install_lib
[3.426s] copying /home/pi/MasterThesis/build/shimmer_emg/build/lib/shimmer_emg/rp_enable_dc.py -> /home/pi/MasterThesis/install/shimmer_emg/lib/python3.10/site-packages/shimmer_emg
[3.430s] byte-compiling /home/pi/MasterThesis/install/shimmer_emg/lib/python3.10/site-packages/shimmer_emg/rp_enable_dc.py to rp_enable_dc.cpython-310.pyc
[3.434s] running install_data
[3.434s] running install_egg_info
[3.440s] removing '/home/pi/MasterThesis/install/shimmer_emg/lib/python3.10/site-packages/shimmer_emg-0.0.0-py3.10.egg-info' (and everything under it)
[3.442s] Copying ../../build/shimmer_emg/shimmer_emg.egg-info to /home/pi/MasterThesis/install/shimmer_emg/lib/python3.10/site-packages/shimmer_emg-0.0.0-py3.10.egg-info
[3.447s] running install_scripts
[3.522s] Installing data_acquisition script to /home/pi/MasterThesis/install/shimmer_emg/lib/shimmer_emg
[3.523s] Installing imu_emg_aq script to /home/pi/MasterThesis/install/shimmer_emg/lib/shimmer_emg
[3.524s] Installing plot_data script to /home/pi/MasterThesis/install/shimmer_emg/lib/shimmer_emg
[3.525s] Installing record_data script to /home/pi/MasterThesis/install/shimmer_emg/lib/shimmer_emg
[3.525s] Installing rp_enable_dc script to /home/pi/MasterThesis/install/shimmer_emg/lib/shimmer_emg
[3.527s] writing list of installed files to '/home/pi/MasterThesis/build/shimmer_emg/install.log'
[3.635s] Invoked command in '/home/pi/MasterThesis/src/shimmer_emg' returned '0': PYTHONPATH=/home/pi/MasterThesis/build/shimmer_emg/prefix_override:/home/pi/MasterThesis/install/shimmer_emg/lib/python3.10/site-packages:${PYTHONPATH} /usr/bin/python3 -W ignore:setup.py install is deprecated setup.py egg_info --egg-base ../../build/shimmer_emg build --build-base /home/pi/MasterThesis/build/shimmer_emg/build install --record /home/pi/MasterThesis/build/shimmer_emg/install.log --single-version-externally-managed install_data
