[0.650s] Invoking command in '/home/william/repos/control_system_ws/src/shimmer_emg': PYTHONPATH=/home/william/repos/control_system_ws/build/shimmer_emg/prefix_override:/home/william/repos/control_system_ws/install/shimmer_emg/lib/python3.10/site-packages:${PYTHONPATH} /usr/bin/python3 setup.py egg_info --egg-base ../../build/shimmer_emg build --build-base /home/william/repos/control_system_ws/build/shimmer_emg/build install --record /home/william/repos/control_system_ws/build/shimmer_emg/install.log --single-version-externally-managed
[0.810s] running egg_info
[0.810s] creating ../../build/shimmer_emg/shimmer_emg.egg-info
[0.820s] writing ../../build/shimmer_emg/shimmer_emg.egg-info/PKG-INFO
[0.821s] writing dependency_links to ../../build/shimmer_emg/shimmer_emg.egg-info/dependency_links.txt
[0.821s] writing entry points to ../../build/shimmer_emg/shimmer_emg.egg-info/entry_points.txt
[0.821s] writing requirements to ../../build/shimmer_emg/shimmer_emg.egg-info/requires.txt
[0.821s] writing top-level names to ../../build/shimmer_emg/shimmer_emg.egg-info/top_level.txt
[0.821s] writing manifest file '../../build/shimmer_emg/shimmer_emg.egg-info/SOURCES.txt'
[0.844s] reading manifest file '../../build/shimmer_emg/shimmer_emg.egg-info/SOURCES.txt'
[0.844s] writing manifest file '../../build/shimmer_emg/shimmer_emg.egg-info/SOURCES.txt'
[0.844s] running build
[0.844s] running build_py
[0.845s] creating /home/william/repos/control_system_ws/build/shimmer_emg/build
[0.845s] creating /home/william/repos/control_system_ws/build/shimmer_emg/build/lib
[0.845s] creating /home/william/repos/control_system_ws/build/shimmer_emg/build/lib/shimmer_emg
[0.845s] copying shimmer_emg/plot_emg_from_csv.py -> /home/william/repos/control_system_ws/build/shimmer_emg/build/lib/shimmer_emg
[0.845s] copying shimmer_emg/imu_emg_aq.py -> /home/william/repos/control_system_ws/build/shimmer_emg/build/lib/shimmer_emg
[0.845s] copying shimmer_emg/emg_aq.py -> /home/william/repos/control_system_ws/build/shimmer_emg/build/lib/shimmer_emg
[0.845s] copying shimmer_emg/__init__.py -> /home/william/repos/control_system_ws/build/shimmer_emg/build/lib/shimmer_emg
[0.845s] copying shimmer_emg/imu_aq.py -> /home/william/repos/control_system_ws/build/shimmer_emg/build/lib/shimmer_emg
[0.845s] running install
[0.846s] /home/william/.local/lib/python3.10/site-packages/setuptools/_distutils/cmd.py:66: SetuptoolsDeprecationWarning: setup.py install is deprecated.
[0.846s] !!
[0.846s] 
[0.846s]         ********************************************************************************
[0.846s]         Please avoid running ``setup.py`` directly.
[0.846s]         Instead, use pypa/build, pypa/installer or other
[0.846s]         standards-based tools.
[0.846s] 
[0.846s]         See https://blog.ganssle.io/articles/2021/10/setup-py-deprecated.html for details.
[0.846s]         ********************************************************************************
[0.846s] 
[0.846s] !!
[0.846s]   self.initialize_options()
[0.849s] running install_lib
[0.861s] creating /home/william/repos/control_system_ws/install/shimmer_emg/lib/python3.10/site-packages/shimmer_emg
[0.861s] copying /home/william/repos/control_system_ws/build/shimmer_emg/build/lib/shimmer_emg/plot_emg_from_csv.py -> /home/william/repos/control_system_ws/install/shimmer_emg/lib/python3.10/site-packages/shimmer_emg
[0.861s] copying /home/william/repos/control_system_ws/build/shimmer_emg/build/lib/shimmer_emg/imu_emg_aq.py -> /home/william/repos/control_system_ws/install/shimmer_emg/lib/python3.10/site-packages/shimmer_emg
[0.861s] copying /home/william/repos/control_system_ws/build/shimmer_emg/build/lib/shimmer_emg/emg_aq.py -> /home/william/repos/control_system_ws/install/shimmer_emg/lib/python3.10/site-packages/shimmer_emg
[0.861s] copying /home/william/repos/control_system_ws/build/shimmer_emg/build/lib/shimmer_emg/__init__.py -> /home/william/repos/control_system_ws/install/shimmer_emg/lib/python3.10/site-packages/shimmer_emg
[0.861s] copying /home/william/repos/control_system_ws/build/shimmer_emg/build/lib/shimmer_emg/imu_aq.py -> /home/william/repos/control_system_ws/install/shimmer_emg/lib/python3.10/site-packages/shimmer_emg
[0.862s] byte-compiling /home/william/repos/control_system_ws/install/shimmer_emg/lib/python3.10/site-packages/shimmer_emg/plot_emg_from_csv.py to plot_emg_from_csv.cpython-310.pyc
[0.862s] byte-compiling /home/william/repos/control_system_ws/install/shimmer_emg/lib/python3.10/site-packages/shimmer_emg/imu_emg_aq.py to imu_emg_aq.cpython-310.pyc
[0.864s] byte-compiling /home/william/repos/control_system_ws/install/shimmer_emg/lib/python3.10/site-packages/shimmer_emg/emg_aq.py to emg_aq.cpython-310.pyc
[0.866s] byte-compiling /home/william/repos/control_system_ws/install/shimmer_emg/lib/python3.10/site-packages/shimmer_emg/__init__.py to __init__.cpython-310.pyc
[0.866s] byte-compiling /home/william/repos/control_system_ws/install/shimmer_emg/lib/python3.10/site-packages/shimmer_emg/imu_aq.py to imu_aq.cpython-310.pyc
[0.867s] running install_data
[0.878s] creating /home/william/repos/control_system_ws/install/shimmer_emg/share/ament_index
[0.878s] creating /home/william/repos/control_system_ws/install/shimmer_emg/share/ament_index/resource_index
[0.878s] creating /home/william/repos/control_system_ws/install/shimmer_emg/share/ament_index/resource_index/packages
[0.878s] copying resource/shimmer_emg -> /home/william/repos/control_system_ws/install/shimmer_emg/share/ament_index/resource_index/packages
[0.879s] copying package.xml -> /home/william/repos/control_system_ws/install/shimmer_emg/share/shimmer_emg
[0.879s] running install_egg_info
[0.890s] Copying ../../build/shimmer_emg/shimmer_emg.egg-info to /home/william/repos/control_system_ws/install/shimmer_emg/lib/python3.10/site-packages/shimmer_emg-0.0.0-py3.10.egg-info
[0.891s] running install_scripts
[1.002s] Installing emg_aq script to /home/william/repos/control_system_ws/install/shimmer_emg/lib/shimmer_emg
[1.002s] Installing imu_aq script to /home/william/repos/control_system_ws/install/shimmer_emg/lib/shimmer_emg
[1.002s] Installing imu_emg_aq script to /home/william/repos/control_system_ws/install/shimmer_emg/lib/shimmer_emg
[1.002s] writing list of installed files to '/home/william/repos/control_system_ws/build/shimmer_emg/install.log'
[1.024s] Invoked command in '/home/william/repos/control_system_ws/src/shimmer_emg' returned '0': PYTHONPATH=/home/william/repos/control_system_ws/build/shimmer_emg/prefix_override:/home/william/repos/control_system_ws/install/shimmer_emg/lib/python3.10/site-packages:${PYTHONPATH} /usr/bin/python3 setup.py egg_info --egg-base ../../build/shimmer_emg build --build-base /home/william/repos/control_system_ws/build/shimmer_emg/build install --record /home/william/repos/control_system_ws/build/shimmer_emg/install.log --single-version-externally-managed
