[0.016s] Invoking command in '/home/william/repos/control_system_ws/build/custom_interfaces': CMAKE_PREFIX_PATH=${CMAKE_PREFIX_PATH}:/home/william/repos/control_system_ws/install/shimmer_emg:/opt/ros/humble /usr/bin/cmake --build /home/william/repos/control_system_ws/build/custom_interfaces -- -j16 -l16
[0.130s] [  3%] Built target custom_interfaces__cpp
[0.130s] [ 12%] Built target custom_interfaces__rosidl_generator_c
[0.151s] [ 12%] Built target ament_cmake_python_copy_custom_interfaces
[0.173s] [ 35%] Built target custom_interfaces__rosidl_typesupport_introspection_cpp
[0.173s] [ 35%] Built target custom_interfaces__rosidl_typesupport_cpp
[0.173s] [ 41%] Built target custom_interfaces__rosidl_typesupport_fastrtps_cpp
[0.194s] [ 70%] Built target custom_interfaces__rosidl_typesupport_fastrtps_c
[0.194s] [ 70%] Built target custom_interfaces__rosidl_typesupport_c
[0.194s] [ 70%] Built target custom_interfaces__rosidl_typesupport_introspection_c
[0.238s] [ 70%] Built target custom_interfaces
[0.276s] [ 74%] Built target custom_interfaces__py
[0.313s] [ 80%] Built target custom_interfaces__rosidl_generator_py
[0.356s] [100%] Built target custom_interfaces__rosidl_typesupport_introspection_c__pyext
[0.356s] [100%] Built target custom_interfaces__rosidl_typesupport_c__pyext
[0.356s] [100%] Built target custom_interfaces__rosidl_typesupport_fastrtps_c__pyext
[0.504s] running egg_info
[0.531s] writing custom_interfaces.egg-info/PKG-INFO
[0.531s] writing dependency_links to custom_interfaces.egg-info/dependency_links.txt
[0.532s] writing top-level names to custom_interfaces.egg-info/top_level.txt
[0.596s] reading manifest file 'custom_interfaces.egg-info/SOURCES.txt'
[0.596s] writing manifest file 'custom_interfaces.egg-info/SOURCES.txt'
[0.644s] [100%] Built target ament_cmake_python_build_custom_interfaces_egg
[0.669s] Invoked command in '/home/william/repos/control_system_ws/build/custom_interfaces' returned '0': CMAKE_PREFIX_PATH=${CMAKE_PREFIX_PATH}:/home/william/repos/control_system_ws/install/shimmer_emg:/opt/ros/humble /usr/bin/cmake --build /home/william/repos/control_system_ws/build/custom_interfaces -- -j16 -l16
[0.820s] Invoking command in '/home/william/repos/control_system_ws/build/custom_interfaces': CMAKE_PREFIX_PATH=${CMAKE_PREFIX_PATH}:/home/william/repos/control_system_ws/install/shimmer_emg:/opt/ros/humble /usr/bin/cmake --install /home/william/repos/control_system_ws/build/custom_interfaces
[0.835s] -- Install configuration: ""
[0.835s] -- Up-to-date: /home/william/repos/control_system_ws/install/custom_interfaces/share/ament_index/resource_index/rosidl_interfaces/custom_interfaces
[0.835s] -- Up-to-date: /home/william/repos/control_system_ws/install/custom_interfaces/include/custom_interfaces/custom_interfaces
[0.836s] -- Up-to-date: /home/william/repos/control_system_ws/install/custom_interfaces/include/custom_interfaces/custom_interfaces/msg
[0.836s] -- Up-to-date: /home/william/repos/control_system_ws/install/custom_interfaces/include/custom_interfaces/custom_interfaces/msg/detail
[0.836s] -- Up-to-date: /home/william/repos/control_system_ws/install/custom_interfaces/include/custom_interfaces/custom_interfaces/msg/detail/emg__struct.h
[0.836s] -- Up-to-date: /home/william/repos/control_system_ws/install/custom_interfaces/include/custom_interfaces/custom_interfaces/msg/detail/emg__functions.h
[0.836s] -- Up-to-date: /home/william/repos/control_system_ws/install/custom_interfaces/include/custom_interfaces/custom_interfaces/msg/detail/emg__type_support.h
[0.836s] -- Up-to-date: /home/william/repos/control_system_ws/install/custom_interfaces/include/custom_interfaces/custom_interfaces/msg/detail/emg__functions.c
[0.836s] -- Up-to-date: /home/william/repos/control_system_ws/install/custom_interfaces/include/custom_interfaces/custom_interfaces/msg/rosidl_generator_c__visibility_control.h
[0.836s] -- Up-to-date: /home/william/repos/control_system_ws/install/custom_interfaces/include/custom_interfaces/custom_interfaces/msg/emg.h
[0.837s] -- Up-to-date: /home/william/repos/control_system_ws/install/custom_interfaces/share/custom_interfaces/environment/library_path.sh
[0.837s] -- Up-to-date: /home/william/repos/control_system_ws/install/custom_interfaces/share/custom_interfaces/environment/library_path.dsv
[0.837s] -- Up-to-date: /home/william/repos/control_system_ws/install/custom_interfaces/lib/libcustom_interfaces__rosidl_generator_c.so
[0.837s] -- Up-to-date: /home/william/repos/control_system_ws/install/custom_interfaces/include/custom_interfaces/custom_interfaces
[0.837s] -- Up-to-date: /home/william/repos/control_system_ws/install/custom_interfaces/include/custom_interfaces/custom_interfaces/msg
[0.837s] -- Up-to-date: /home/william/repos/control_system_ws/install/custom_interfaces/include/custom_interfaces/custom_interfaces/msg/detail
[0.837s] -- Up-to-date: /home/william/repos/control_system_ws/install/custom_interfaces/include/custom_interfaces/custom_interfaces/msg/detail/emg__rosidl_typesupport_fastrtps_c.h
[0.837s] -- Up-to-date: /home/william/repos/control_system_ws/install/custom_interfaces/include/custom_interfaces/custom_interfaces/msg/rosidl_typesupport_fastrtps_c__visibility_control.h
[0.838s] -- Up-to-date: /home/william/repos/control_system_ws/install/custom_interfaces/lib/libcustom_interfaces__rosidl_typesupport_fastrtps_c.so
[0.838s] -- Up-to-date: /home/william/repos/control_system_ws/install/custom_interfaces/include/custom_interfaces/custom_interfaces
[0.838s] -- Up-to-date: /home/william/repos/control_system_ws/install/custom_interfaces/include/custom_interfaces/custom_interfaces/msg
[0.838s] -- Up-to-date: /home/william/repos/control_system_ws/install/custom_interfaces/include/custom_interfaces/custom_interfaces/msg/detail
[0.838s] -- Up-to-date: /home/william/repos/control_system_ws/install/custom_interfaces/include/custom_interfaces/custom_interfaces/msg/detail/emg__rosidl_typesupport_introspection_c.h
[0.838s] -- Up-to-date: /home/william/repos/control_system_ws/install/custom_interfaces/include/custom_interfaces/custom_interfaces/msg/detail/emg__type_support.c
[0.839s] -- Up-to-date: /home/william/repos/control_system_ws/install/custom_interfaces/include/custom_interfaces/custom_interfaces/msg/rosidl_typesupport_introspection_c__visibility_control.h
[0.839s] -- Up-to-date: /home/william/repos/control_system_ws/install/custom_interfaces/lib/libcustom_interfaces__rosidl_typesupport_introspection_c.so
[0.839s] -- Up-to-date: /home/william/repos/control_system_ws/install/custom_interfaces/lib/libcustom_interfaces__rosidl_typesupport_c.so
[0.840s] -- Up-to-date: /home/william/repos/control_system_ws/install/custom_interfaces/include/custom_interfaces/custom_interfaces
[0.840s] -- Up-to-date: /home/william/repos/control_system_ws/install/custom_interfaces/include/custom_interfaces/custom_interfaces/msg
[0.840s] -- Up-to-date: /home/william/repos/control_system_ws/install/custom_interfaces/include/custom_interfaces/custom_interfaces/msg/detail
[0.840s] -- Up-to-date: /home/william/repos/control_system_ws/install/custom_interfaces/include/custom_interfaces/custom_interfaces/msg/detail/emg__traits.hpp
[0.840s] -- Up-to-date: /home/william/repos/control_system_ws/install/custom_interfaces/include/custom_interfaces/custom_interfaces/msg/detail/emg__builder.hpp
[0.840s] -- Up-to-date: /home/william/repos/control_system_ws/install/custom_interfaces/include/custom_interfaces/custom_interfaces/msg/detail/emg__struct.hpp
[0.840s] -- Up-to-date: /home/william/repos/control_system_ws/install/custom_interfaces/include/custom_interfaces/custom_interfaces/msg/emg.hpp
[0.841s] -- Up-to-date: /home/william/repos/control_system_ws/install/custom_interfaces/include/custom_interfaces/custom_interfaces
[0.841s] -- Up-to-date: /home/william/repos/control_system_ws/install/custom_interfaces/include/custom_interfaces/custom_interfaces/msg
[0.841s] -- Up-to-date: /home/william/repos/control_system_ws/install/custom_interfaces/include/custom_interfaces/custom_interfaces/msg/detail
[0.841s] -- Up-to-date: /home/william/repos/control_system_ws/install/custom_interfaces/include/custom_interfaces/custom_interfaces/msg/detail/emg__rosidl_typesupport_fastrtps_cpp.hpp
[0.841s] -- Up-to-date: /home/william/repos/control_system_ws/install/custom_interfaces/include/custom_interfaces/custom_interfaces/msg/detail/dds_fastrtps
[0.841s] -- Up-to-date: /home/william/repos/control_system_ws/install/custom_interfaces/include/custom_interfaces/custom_interfaces/msg/rosidl_typesupport_fastrtps_cpp__visibility_control.h
[0.841s] -- Up-to-date: /home/william/repos/control_system_ws/install/custom_interfaces/lib/libcustom_interfaces__rosidl_typesupport_fastrtps_cpp.so
[0.841s] -- Up-to-date: /home/william/repos/control_system_ws/install/custom_interfaces/include/custom_interfaces/custom_interfaces
[0.841s] -- Up-to-date: /home/william/repos/control_system_ws/install/custom_interfaces/include/custom_interfaces/custom_interfaces/msg
[0.842s] -- Up-to-date: /home/william/repos/control_system_ws/install/custom_interfaces/include/custom_interfaces/custom_interfaces/msg/detail
[0.842s] -- Up-to-date: /home/william/repos/control_system_ws/install/custom_interfaces/include/custom_interfaces/custom_interfaces/msg/detail/emg__rosidl_typesupport_introspection_cpp.hpp
[0.842s] -- Up-to-date: /home/william/repos/control_system_ws/install/custom_interfaces/include/custom_interfaces/custom_interfaces/msg/detail/emg__type_support.cpp
[0.842s] -- Up-to-date: /home/william/repos/control_system_ws/install/custom_interfaces/lib/libcustom_interfaces__rosidl_typesupport_introspection_cpp.so
[0.843s] -- Up-to-date: /home/william/repos/control_system_ws/install/custom_interfaces/lib/libcustom_interfaces__rosidl_typesupport_cpp.so
[0.843s] -- Up-to-date: /home/william/repos/control_system_ws/install/custom_interfaces/share/custom_interfaces/environment/pythonpath.sh
[0.843s] -- Up-to-date: /home/william/repos/control_system_ws/install/custom_interfaces/share/custom_interfaces/environment/pythonpath.dsv
[0.843s] -- Up-to-date: /home/william/repos/control_system_ws/install/custom_interfaces/local/lib/python3.10/dist-packages/custom_interfaces-0.0.0-py3.10.egg-info
[0.844s] -- Installing: /home/william/repos/control_system_ws/install/custom_interfaces/local/lib/python3.10/dist-packages/custom_interfaces-0.0.0-py3.10.egg-info/SOURCES.txt
[0.844s] -- Installing: /home/william/repos/control_system_ws/install/custom_interfaces/local/lib/python3.10/dist-packages/custom_interfaces-0.0.0-py3.10.egg-info/PKG-INFO
[0.844s] -- Installing: /home/william/repos/control_system_ws/install/custom_interfaces/local/lib/python3.10/dist-packages/custom_interfaces-0.0.0-py3.10.egg-info/top_level.txt
[0.845s] -- Installing: /home/william/repos/control_system_ws/install/custom_interfaces/local/lib/python3.10/dist-packages/custom_interfaces-0.0.0-py3.10.egg-info/dependency_links.txt
[0.845s] -- Up-to-date: /home/william/repos/control_system_ws/install/custom_interfaces/local/lib/python3.10/dist-packages/custom_interfaces
[0.845s] -- Up-to-date: /home/william/repos/control_system_ws/install/custom_interfaces/local/lib/python3.10/dist-packages/custom_interfaces/custom_interfaces_s__rosidl_typesupport_fastrtps_c.cpython-310-x86_64-linux-gnu.so
[0.845s] -- Up-to-date: /home/william/repos/control_system_ws/install/custom_interfaces/local/lib/python3.10/dist-packages/custom_interfaces/_custom_interfaces_s.ep.rosidl_typesupport_fastrtps_c.c
[0.846s] -- Up-to-date: /home/william/repos/control_system_ws/install/custom_interfaces/local/lib/python3.10/dist-packages/custom_interfaces/_custom_interfaces_s.ep.rosidl_typesupport_c.c
[0.846s] -- Up-to-date: /home/william/repos/control_system_ws/install/custom_interfaces/local/lib/python3.10/dist-packages/custom_interfaces/libcustom_interfaces__rosidl_generator_py.so
[0.846s] -- Up-to-date: /home/william/repos/control_system_ws/install/custom_interfaces/local/lib/python3.10/dist-packages/custom_interfaces/custom_interfaces_s__rosidl_typesupport_introspection_c.cpython-310-x86_64-linux-gnu.so
[0.846s] -- Up-to-date: /home/william/repos/control_system_ws/install/custom_interfaces/local/lib/python3.10/dist-packages/custom_interfaces/custom_interfaces_s__rosidl_typesupport_c.cpython-310-x86_64-linux-gnu.so
[0.846s] -- Up-to-date: /home/william/repos/control_system_ws/install/custom_interfaces/local/lib/python3.10/dist-packages/custom_interfaces/_custom_interfaces_s.ep.rosidl_typesupport_introspection_c.c
[0.846s] -- Up-to-date: /home/william/repos/control_system_ws/install/custom_interfaces/local/lib/python3.10/dist-packages/custom_interfaces/msg
[0.846s] -- Up-to-date: /home/william/repos/control_system_ws/install/custom_interfaces/local/lib/python3.10/dist-packages/custom_interfaces/msg/_emg_s.c
[0.846s] -- Up-to-date: /home/william/repos/control_system_ws/install/custom_interfaces/local/lib/python3.10/dist-packages/custom_interfaces/msg/__init__.py
[0.847s] -- Up-to-date: /home/william/repos/control_system_ws/install/custom_interfaces/local/lib/python3.10/dist-packages/custom_interfaces/msg/_emg.py
[0.847s] -- Up-to-date: /home/william/repos/control_system_ws/install/custom_interfaces/local/lib/python3.10/dist-packages/custom_interfaces/__init__.py
[0.889s] Listing '/home/william/repos/control_system_ws/install/custom_interfaces/local/lib/python3.10/dist-packages/custom_interfaces'...
[0.889s] Listing '/home/william/repos/control_system_ws/install/custom_interfaces/local/lib/python3.10/dist-packages/custom_interfaces/msg'...
[0.894s] -- Up-to-date: /home/william/repos/control_system_ws/install/custom_interfaces/local/lib/python3.10/dist-packages/custom_interfaces/custom_interfaces_s__rosidl_typesupport_fastrtps_c.cpython-310-x86_64-linux-gnu.so
[0.894s] -- Up-to-date: /home/william/repos/control_system_ws/install/custom_interfaces/local/lib/python3.10/dist-packages/custom_interfaces/custom_interfaces_s__rosidl_typesupport_introspection_c.cpython-310-x86_64-linux-gnu.so
[0.895s] -- Up-to-date: /home/william/repos/control_system_ws/install/custom_interfaces/local/lib/python3.10/dist-packages/custom_interfaces/custom_interfaces_s__rosidl_typesupport_c.cpython-310-x86_64-linux-gnu.so
[0.895s] -- Up-to-date: /home/william/repos/control_system_ws/install/custom_interfaces/lib/libcustom_interfaces__rosidl_generator_py.so
[0.896s] -- Up-to-date: /home/william/repos/control_system_ws/install/custom_interfaces/share/custom_interfaces/msg/EMG.idl
[0.896s] -- Up-to-date: /home/william/repos/control_system_ws/install/custom_interfaces/share/custom_interfaces/msg/EMG.msg
[0.896s] -- Up-to-date: /home/william/repos/control_system_ws/install/custom_interfaces/share/ament_index/resource_index/package_run_dependencies/custom_interfaces
[0.896s] -- Up-to-date: /home/william/repos/control_system_ws/install/custom_interfaces/share/ament_index/resource_index/parent_prefix_path/custom_interfaces
[0.896s] -- Up-to-date: /home/william/repos/control_system_ws/install/custom_interfaces/share/custom_interfaces/environment/ament_prefix_path.sh
[0.896s] -- Up-to-date: /home/william/repos/control_system_ws/install/custom_interfaces/share/custom_interfaces/environment/ament_prefix_path.dsv
[0.897s] -- Up-to-date: /home/william/repos/control_system_ws/install/custom_interfaces/share/custom_interfaces/environment/path.sh
[0.897s] -- Up-to-date: /home/william/repos/control_system_ws/install/custom_interfaces/share/custom_interfaces/environment/path.dsv
[0.897s] -- Up-to-date: /home/william/repos/control_system_ws/install/custom_interfaces/share/custom_interfaces/local_setup.bash
[0.897s] -- Up-to-date: /home/william/repos/control_system_ws/install/custom_interfaces/share/custom_interfaces/local_setup.sh
[0.897s] -- Up-to-date: /home/william/repos/control_system_ws/install/custom_interfaces/share/custom_interfaces/local_setup.zsh
[0.897s] -- Up-to-date: /home/william/repos/control_system_ws/install/custom_interfaces/share/custom_interfaces/local_setup.dsv
[0.897s] -- Installing: /home/william/repos/control_system_ws/install/custom_interfaces/share/custom_interfaces/package.dsv
[0.897s] -- Up-to-date: /home/william/repos/control_system_ws/install/custom_interfaces/share/ament_index/resource_index/packages/custom_interfaces
[0.897s] -- Up-to-date: /home/william/repos/control_system_ws/install/custom_interfaces/share/custom_interfaces/cmake/export_custom_interfaces__rosidl_generator_cExport.cmake
[0.897s] -- Up-to-date: /home/william/repos/control_system_ws/install/custom_interfaces/share/custom_interfaces/cmake/export_custom_interfaces__rosidl_generator_cExport-noconfig.cmake
[0.898s] -- Up-to-date: /home/william/repos/control_system_ws/install/custom_interfaces/share/custom_interfaces/cmake/export_custom_interfaces__rosidl_typesupport_fastrtps_cExport.cmake
[0.898s] -- Up-to-date: /home/william/repos/control_system_ws/install/custom_interfaces/share/custom_interfaces/cmake/export_custom_interfaces__rosidl_typesupport_fastrtps_cExport-noconfig.cmake
[0.898s] -- Up-to-date: /home/william/repos/control_system_ws/install/custom_interfaces/share/custom_interfaces/cmake/custom_interfaces__rosidl_typesupport_introspection_cExport.cmake
[0.898s] -- Up-to-date: /home/william/repos/control_system_ws/install/custom_interfaces/share/custom_interfaces/cmake/custom_interfaces__rosidl_typesupport_introspection_cExport-noconfig.cmake
[0.898s] -- Up-to-date: /home/william/repos/control_system_ws/install/custom_interfaces/share/custom_interfaces/cmake/custom_interfaces__rosidl_typesupport_cExport.cmake
[0.898s] -- Up-to-date: /home/william/repos/control_system_ws/install/custom_interfaces/share/custom_interfaces/cmake/custom_interfaces__rosidl_typesupport_cExport-noconfig.cmake
[0.898s] -- Up-to-date: /home/william/repos/control_system_ws/install/custom_interfaces/share/custom_interfaces/cmake/export_custom_interfaces__rosidl_generator_cppExport.cmake
[0.899s] -- Up-to-date: /home/william/repos/control_system_ws/install/custom_interfaces/share/custom_interfaces/cmake/export_custom_interfaces__rosidl_typesupport_fastrtps_cppExport.cmake
[0.899s] -- Up-to-date: /home/william/repos/control_system_ws/install/custom_interfaces/share/custom_interfaces/cmake/export_custom_interfaces__rosidl_typesupport_fastrtps_cppExport-noconfig.cmake
[0.899s] -- Up-to-date: /home/william/repos/control_system_ws/install/custom_interfaces/share/custom_interfaces/cmake/custom_interfaces__rosidl_typesupport_introspection_cppExport.cmake
[0.899s] -- Up-to-date: /home/william/repos/control_system_ws/install/custom_interfaces/share/custom_interfaces/cmake/custom_interfaces__rosidl_typesupport_introspection_cppExport-noconfig.cmake
[0.899s] -- Up-to-date: /home/william/repos/control_system_ws/install/custom_interfaces/share/custom_interfaces/cmake/custom_interfaces__rosidl_typesupport_cppExport.cmake
[0.899s] -- Up-to-date: /home/william/repos/control_system_ws/install/custom_interfaces/share/custom_interfaces/cmake/custom_interfaces__rosidl_typesupport_cppExport-noconfig.cmake
[0.899s] -- Up-to-date: /home/william/repos/control_system_ws/install/custom_interfaces/share/custom_interfaces/cmake/export_custom_interfaces__rosidl_generator_pyExport.cmake
[0.899s] -- Up-to-date: /home/william/repos/control_system_ws/install/custom_interfaces/share/custom_interfaces/cmake/export_custom_interfaces__rosidl_generator_pyExport-noconfig.cmake
[0.900s] -- Up-to-date: /home/william/repos/control_system_ws/install/custom_interfaces/share/custom_interfaces/cmake/rosidl_cmake-extras.cmake
[0.900s] -- Up-to-date: /home/william/repos/control_system_ws/install/custom_interfaces/share/custom_interfaces/cmake/ament_cmake_export_dependencies-extras.cmake
[0.900s] -- Up-to-date: /home/william/repos/control_system_ws/install/custom_interfaces/share/custom_interfaces/cmake/ament_cmake_export_include_directories-extras.cmake
[0.900s] -- Up-to-date: /home/william/repos/control_system_ws/install/custom_interfaces/share/custom_interfaces/cmake/ament_cmake_export_libraries-extras.cmake
[0.900s] -- Up-to-date: /home/william/repos/control_system_ws/install/custom_interfaces/share/custom_interfaces/cmake/ament_cmake_export_targets-extras.cmake
[0.900s] -- Up-to-date: /home/william/repos/control_system_ws/install/custom_interfaces/share/custom_interfaces/cmake/rosidl_cmake_export_typesupport_targets-extras.cmake
[0.900s] -- Up-to-date: /home/william/repos/control_system_ws/install/custom_interfaces/share/custom_interfaces/cmake/rosidl_cmake_export_typesupport_libraries-extras.cmake
[0.901s] -- Up-to-date: /home/william/repos/control_system_ws/install/custom_interfaces/share/custom_interfaces/cmake/custom_interfacesConfig.cmake
[0.901s] -- Up-to-date: /home/william/repos/control_system_ws/install/custom_interfaces/share/custom_interfaces/cmake/custom_interfacesConfig-version.cmake
[0.901s] -- Up-to-date: /home/william/repos/control_system_ws/install/custom_interfaces/share/custom_interfaces/package.xml
[0.904s] Invoked command in '/home/william/repos/control_system_ws/build/custom_interfaces' returned '0': CMAKE_PREFIX_PATH=${CMAKE_PREFIX_PATH}:/home/william/repos/control_system_ws/install/shimmer_emg:/opt/ros/humble /usr/bin/cmake --install /home/william/repos/control_system_ws/build/custom_interfaces
