running egg_info
writing ../../build/shimmer_emg/shimmer_emg.egg-info/PKG-INFO
writing dependency_links to ../../build/shimmer_emg/shimmer_emg.egg-info/dependency_links.txt
writing entry points to ../../build/shimmer_emg/shimmer_emg.egg-info/entry_points.txt
writing requirements to ../../build/shimmer_emg/shimmer_emg.egg-info/requires.txt
writing top-level names to ../../build/shimmer_emg/shimmer_emg.egg-info/top_level.txt
reading manifest file '../../build/shimmer_emg/shimmer_emg.egg-info/SOURCES.txt'
writing manifest file '../../build/shimmer_emg/shimmer_emg.egg-info/SOURCES.txt'
running build
running build_py
copying shimmer_emg/imu_emg_aq.py -> /home/william/repos/control_system_ws/build/shimmer_emg/build/lib/shimmer_emg
copying shimmer_emg/plot_data.py -> /home/william/repos/control_system_ws/build/shimmer_emg/build/lib/shimmer_emg
copying shimmer_emg/emg_aq.py -> /home/william/repos/control_system_ws/build/shimmer_emg/build/lib/shimmer_emg
copying shimmer_emg/__init__.py -> /home/william/repos/control_system_ws/build/shimmer_emg/build/lib/shimmer_emg
copying shimmer_emg/imu_aq.py -> /home/william/repos/control_system_ws/build/shimmer_emg/build/lib/shimmer_emg
running install
/home/william/.local/lib/python3.10/site-packages/setuptools/_distutils/cmd.py:66: SetuptoolsDeprecationWarning: setup.py install is deprecated.
!!

        ********************************************************************************
        Please avoid running ``setup.py`` directly.
        Instead, use pypa/build, pypa/installer or other
        standards-based tools.

        See https://blog.ganssle.io/articles/2021/10/setup-py-deprecated.html for details.
        ********************************************************************************

!!
  self.initialize_options()
running install_lib
running install_data
copying resource/shimmer_emg -> /home/william/repos/control_system_ws/install/shimmer_emg/share/ament_index/resource_index/packages
copying package.xml -> /home/william/repos/control_system_ws/install/shimmer_emg/share/shimmer_emg
running install_egg_info
removing '/home/william/repos/control_system_ws/install/shimmer_emg/lib/python3.10/site-packages/shimmer_emg-0.0.0-py3.10.egg-info' (and everything under it)
Copying ../../build/shimmer_emg/shimmer_emg.egg-info to /home/william/repos/control_system_ws/install/shimmer_emg/lib/python3.10/site-packages/shimmer_emg-0.0.0-py3.10.egg-info
running install_scripts
Installing emg_aq script to /home/william/repos/control_system_ws/install/shimmer_emg/lib/shimmer_emg
Installing imu_aq script to /home/william/repos/control_system_ws/install/shimmer_emg/lib/shimmer_emg
Installing imu_emg_aq script to /home/william/repos/control_system_ws/install/shimmer_emg/lib/shimmer_emg
Installing plot_data script to /home/william/repos/control_system_ws/install/shimmer_emg/lib/shimmer_emg
writing list of installed files to '/home/william/repos/control_system_ws/build/shimmer_emg/install.log'
