[0.636s] Invoking command in '/home/william/repos/control_system_ws/src/shimmer_emg': PYTHONPATH=/home/william/repos/control_system_ws/build/shimmer_emg/prefix_override:/home/william/repos/control_system_ws/install/shimmer_emg/lib/python3.10/site-packages:${PYTHONPATH} /usr/bin/python3 setup.py egg_info --egg-base ../../build/shimmer_emg build --build-base /home/william/repos/control_system_ws/build/shimmer_emg/build install --record /home/william/repos/control_system_ws/build/shimmer_emg/install.log --single-version-externally-managed
[0.786s] running egg_info
[0.786s] creating ../../build/shimmer_emg/shimmer_emg.egg-info
[0.796s] writing ../../build/shimmer_emg/shimmer_emg.egg-info/PKG-INFO
[0.797s] writing dependency_links to ../../build/shimmer_emg/shimmer_emg.egg-info/dependency_links.txt
[0.797s] writing entry points to ../../build/shimmer_emg/shimmer_emg.egg-info/entry_points.txt
[0.797s] writing requirements to ../../build/shimmer_emg/shimmer_emg.egg-info/requires.txt
[0.797s] writing top-level names to ../../build/shimmer_emg/shimmer_emg.egg-info/top_level.txt
[0.797s] writing manifest file '../../build/shimmer_emg/shimmer_emg.egg-info/SOURCES.txt'
[0.818s] reading manifest file '../../build/shimmer_emg/shimmer_emg.egg-info/SOURCES.txt'
[0.818s] writing manifest file '../../build/shimmer_emg/shimmer_emg.egg-info/SOURCES.txt'
[0.819s] running build
[0.819s] running build_py
[0.819s] creating /home/william/repos/control_system_ws/build/shimmer_emg/build
[0.819s] creating /home/william/repos/control_system_ws/build/shimmer_emg/build/lib
[0.819s] creating /home/william/repos/control_system_ws/build/shimmer_emg/build/lib/shimmer_emg
[0.819s] copying shimmer_emg/emg_aq.py -> /home/william/repos/control_system_ws/build/shimmer_emg/build/lib/shimmer_emg
[0.819s] copying shimmer_emg/__init__.py -> /home/william/repos/control_system_ws/build/shimmer_emg/build/lib/shimmer_emg
[0.819s] running install
[0.820s] /home/william/.local/lib/python3.10/site-packages/setuptools/_distutils/cmd.py:66: SetuptoolsDeprecationWarning: setup.py install is deprecated.
[0.820s] !!
[0.820s] 
[0.820s]         ********************************************************************************
[0.820s]         Please avoid running ``setup.py`` directly.
[0.820s]         Instead, use pypa/build, pypa/installer or other
[0.820s]         standards-based tools.
[0.820s] 
[0.820s]         See https://blog.ganssle.io/articles/2021/10/setup-py-deprecated.html for details.
[0.820s]         ********************************************************************************
[0.820s] 
[0.820s] !!
[0.820s]   self.initialize_options()
[0.823s] running install_lib
[0.834s] creating /home/william/repos/control_system_ws/install/shimmer_emg/lib/python3.10/site-packages/shimmer_emg
[0.835s] copying /home/william/repos/control_system_ws/build/shimmer_emg/build/lib/shimmer_emg/emg_aq.py -> /home/william/repos/control_system_ws/install/shimmer_emg/lib/python3.10/site-packages/shimmer_emg
[0.835s] copying /home/william/repos/control_system_ws/build/shimmer_emg/build/lib/shimmer_emg/__init__.py -> /home/william/repos/control_system_ws/install/shimmer_emg/lib/python3.10/site-packages/shimmer_emg
[0.835s] byte-compiling /home/william/repos/control_system_ws/install/shimmer_emg/lib/python3.10/site-packages/shimmer_emg/emg_aq.py to emg_aq.cpython-310.pyc
[0.836s] byte-compiling /home/william/repos/control_system_ws/install/shimmer_emg/lib/python3.10/site-packages/shimmer_emg/__init__.py to __init__.cpython-310.pyc
[0.837s] running install_data
[0.847s] creating /home/william/repos/control_system_ws/install/shimmer_emg/share/ament_index
[0.847s] creating /home/william/repos/control_system_ws/install/shimmer_emg/share/ament_index/resource_index
[0.847s] creating /home/william/repos/control_system_ws/install/shimmer_emg/share/ament_index/resource_index/packages
[0.847s] copying resource/shimmer_emg -> /home/william/repos/control_system_ws/install/shimmer_emg/share/ament_index/resource_index/packages
[0.847s] copying package.xml -> /home/william/repos/control_system_ws/install/shimmer_emg/share/shimmer_emg
[0.848s] running install_egg_info
[0.858s] Copying ../../build/shimmer_emg/shimmer_emg.egg-info to /home/william/repos/control_system_ws/install/shimmer_emg/lib/python3.10/site-packages/shimmer_emg-0.0.0-py3.10.egg-info
[0.859s] running install_scripts
[0.965s] Installing emg_aq script to /home/william/repos/control_system_ws/install/shimmer_emg/lib/shimmer_emg
[0.965s] writing list of installed files to '/home/william/repos/control_system_ws/build/shimmer_emg/install.log'
[0.985s] Invoked command in '/home/william/repos/control_system_ws/src/shimmer_emg' returned '0': PYTHONPATH=/home/william/repos/control_system_ws/build/shimmer_emg/prefix_override:/home/william/repos/control_system_ws/install/shimmer_emg/lib/python3.10/site-packages:${PYTHONPATH} /usr/bin/python3 setup.py egg_info --egg-base ../../build/shimmer_emg build --build-base /home/william/repos/control_system_ws/build/shimmer_emg/build install --record /home/william/repos/control_system_ws/build/shimmer_emg/install.log --single-version-externally-managed
