[0.915s] Invoking command in '/home/william/repos/control_system_ws/src/shimmer_emg': PYTHONPATH=/home/william/repos/control_system_ws/build/shimmer_emg/prefix_override:/home/william/repos/control_system_ws/install/shimmer_emg/lib/python3.10/site-packages:${PYTHONPATH} /usr/bin/python3 setup.py egg_info --egg-base ../../build/shimmer_emg build --build-base /home/william/repos/control_system_ws/build/shimmer_emg/build install --record /home/william/repos/control_system_ws/build/shimmer_emg/install.log --single-version-externally-managed
[1.123s] running egg_info
[1.137s] writing ../../build/shimmer_emg/shimmer_emg.egg-info/PKG-INFO
[1.138s] writing dependency_links to ../../build/shimmer_emg/shimmer_emg.egg-info/dependency_links.txt
[1.138s] writing entry points to ../../build/shimmer_emg/shimmer_emg.egg-info/entry_points.txt
[1.138s] writing requirements to ../../build/shimmer_emg/shimmer_emg.egg-info/requires.txt
[1.138s] writing top-level names to ../../build/shimmer_emg/shimmer_emg.egg-info/top_level.txt
[1.168s] reading manifest file '../../build/shimmer_emg/shimmer_emg.egg-info/SOURCES.txt'
[1.169s] writing manifest file '../../build/shimmer_emg/shimmer_emg.egg-info/SOURCES.txt'
[1.169s] running build
[1.169s] running build_py
[1.169s] copying shimmer_emg/imu_emg_aq.py -> /home/william/repos/control_system_ws/build/shimmer_emg/build/lib/shimmer_emg
[1.170s] copying shimmer_emg/plot_data.py -> /home/william/repos/control_system_ws/build/shimmer_emg/build/lib/shimmer_emg
[1.170s] copying shimmer_emg/emg_aq.py -> /home/william/repos/control_system_ws/build/shimmer_emg/build/lib/shimmer_emg
[1.170s] copying shimmer_emg/__init__.py -> /home/william/repos/control_system_ws/build/shimmer_emg/build/lib/shimmer_emg
[1.170s] copying shimmer_emg/record_data.py -> /home/william/repos/control_system_ws/build/shimmer_emg/build/lib/shimmer_emg
[1.170s] copying shimmer_emg/imu_aq.py -> /home/william/repos/control_system_ws/build/shimmer_emg/build/lib/shimmer_emg
[1.171s] running install
[1.171s] /home/william/.local/lib/python3.10/site-packages/setuptools/_distutils/cmd.py:66: SetuptoolsDeprecationWarning: setup.py install is deprecated.
[1.171s] !!
[1.171s] 
[1.171s]         ********************************************************************************
[1.171s]         Please avoid running ``setup.py`` directly.
[1.171s]         Instead, use pypa/build, pypa/installer or other
[1.171s]         standards-based tools.
[1.171s] 
[1.171s]         See https://blog.ganssle.io/articles/2021/10/setup-py-deprecated.html for details.
[1.171s]         ********************************************************************************
[1.172s] 
[1.172s] !!
[1.172s]   self.initialize_options()
[1.176s] running install_lib
[1.192s] copying /home/william/repos/control_system_ws/build/shimmer_emg/build/lib/shimmer_emg/plot_data.py -> /home/william/repos/control_system_ws/install/shimmer_emg/lib/python3.10/site-packages/shimmer_emg
[1.192s] copying /home/william/repos/control_system_ws/build/shimmer_emg/build/lib/shimmer_emg/record_data.py -> /home/william/repos/control_system_ws/install/shimmer_emg/lib/python3.10/site-packages/shimmer_emg
[1.193s] byte-compiling /home/william/repos/control_system_ws/install/shimmer_emg/lib/python3.10/site-packages/shimmer_emg/plot_data.py to plot_data.cpython-310.pyc
[1.194s] byte-compiling /home/william/repos/control_system_ws/install/shimmer_emg/lib/python3.10/site-packages/shimmer_emg/record_data.py to record_data.cpython-310.pyc
[1.195s] running install_data
[1.210s] copying resource/shimmer_emg -> /home/william/repos/control_system_ws/install/shimmer_emg/share/ament_index/resource_index/packages
[1.210s] copying package.xml -> /home/william/repos/control_system_ws/install/shimmer_emg/share/shimmer_emg
[1.211s] running install_egg_info
[1.227s] removing '/home/william/repos/control_system_ws/install/shimmer_emg/lib/python3.10/site-packages/shimmer_emg-0.0.0-py3.10.egg-info' (and everything under it)
[1.228s] Copying ../../build/shimmer_emg/shimmer_emg.egg-info to /home/william/repos/control_system_ws/install/shimmer_emg/lib/python3.10/site-packages/shimmer_emg-0.0.0-py3.10.egg-info
[1.229s] running install_scripts
[1.386s] Installing emg_aq script to /home/william/repos/control_system_ws/install/shimmer_emg/lib/shimmer_emg
[1.387s] Installing imu_aq script to /home/william/repos/control_system_ws/install/shimmer_emg/lib/shimmer_emg
[1.387s] Installing imu_emg_aq script to /home/william/repos/control_system_ws/install/shimmer_emg/lib/shimmer_emg
[1.387s] Installing plot_data script to /home/william/repos/control_system_ws/install/shimmer_emg/lib/shimmer_emg
[1.387s] Installing record_data script to /home/william/repos/control_system_ws/install/shimmer_emg/lib/shimmer_emg
[1.388s] writing list of installed files to '/home/william/repos/control_system_ws/build/shimmer_emg/install.log'
[1.430s] Invoked command in '/home/william/repos/control_system_ws/src/shimmer_emg' returned '0': PYTHONPATH=/home/william/repos/control_system_ws/build/shimmer_emg/prefix_override:/home/william/repos/control_system_ws/install/shimmer_emg/lib/python3.10/site-packages:${PYTHONPATH} /usr/bin/python3 setup.py egg_info --egg-base ../../build/shimmer_emg build --build-base /home/william/repos/control_system_ws/build/shimmer_emg/build install --record /home/william/repos/control_system_ws/build/shimmer_emg/install.log --single-version-externally-managed
