[0.597s] Invoking command in '/home/william/repos/control_system_ws/src/shimmer_emg': AMENT_PREFIX_PATH=/home/william/repos/control_system_ws/install/custom_interfaces:${AMENT_PREFIX_PATH} CMAKE_PREFIX_PATH=/home/william/repos/control_system_ws/install/custom_interfaces LD_LIBRARY_PATH=/home/william/repos/control_system_ws/install/custom_interfaces/lib:${LD_LIBRARY_PATH} PYTHONPATH=/home/william/repos/control_system_ws/build/shimmer_emg/prefix_override:/home/william/repos/control_system_ws/install/shimmer_emg/lib/python3.10/site-packages:/home/william/repos/control_system_ws/install/custom_interfaces/local/lib/python3.10/dist-packages:${PYTHONPATH} /usr/bin/python3 setup.py egg_info --egg-base ../../build/shimmer_emg build --build-base /home/william/repos/control_system_ws/build/shimmer_emg/build install --record /home/william/repos/control_system_ws/build/shimmer_emg/install.log --single-version-externally-managed
[0.750s] running egg_info
[0.761s] writing ../../build/shimmer_emg/shimmer_emg.egg-info/PKG-INFO
[0.761s] writing dependency_links to ../../build/shimmer_emg/shimmer_emg.egg-info/dependency_links.txt
[0.761s] writing entry points to ../../build/shimmer_emg/shimmer_emg.egg-info/entry_points.txt
[0.761s] writing requirements to ../../build/shimmer_emg/shimmer_emg.egg-info/requires.txt
[0.761s] writing top-level names to ../../build/shimmer_emg/shimmer_emg.egg-info/top_level.txt
[0.783s] reading manifest file '../../build/shimmer_emg/shimmer_emg.egg-info/SOURCES.txt'
[0.784s] writing manifest file '../../build/shimmer_emg/shimmer_emg.egg-info/SOURCES.txt'
[0.784s] running build
[0.784s] running build_py
[0.784s] copying shimmer_emg/imu_emg_aq.py -> /home/william/repos/control_system_ws/build/shimmer_emg/build/lib/shimmer_emg
[0.784s] copying shimmer_emg/plot_data.py -> /home/william/repos/control_system_ws/build/shimmer_emg/build/lib/shimmer_emg
[0.785s] copying shimmer_emg/emg_aq.py -> /home/william/repos/control_system_ws/build/shimmer_emg/build/lib/shimmer_emg
[0.785s] copying shimmer_emg/__init__.py -> /home/william/repos/control_system_ws/build/shimmer_emg/build/lib/shimmer_emg
[0.785s] copying shimmer_emg/record_data.py -> /home/william/repos/control_system_ws/build/shimmer_emg/build/lib/shimmer_emg
[0.785s] copying shimmer_emg/imu_aq.py -> /home/william/repos/control_system_ws/build/shimmer_emg/build/lib/shimmer_emg
[0.785s] running install
[0.786s] /home/william/.local/lib/python3.10/site-packages/setuptools/_distutils/cmd.py:66: SetuptoolsDeprecationWarning: setup.py install is deprecated.
[0.786s] !!
[0.786s] 
[0.786s]         ********************************************************************************
[0.786s]         Please avoid running ``setup.py`` directly.
[0.786s]         Instead, use pypa/build, pypa/installer or other
[0.786s]         standards-based tools.
[0.786s] 
[0.786s]         See https://blog.ganssle.io/articles/2021/10/setup-py-deprecated.html for details.
[0.786s]         ********************************************************************************
[0.786s] 
[0.786s] !!
[0.786s]   self.initialize_options()
[0.789s] running install_lib
[0.801s] copying /home/william/repos/control_system_ws/build/shimmer_emg/build/lib/shimmer_emg/imu_emg_aq.py -> /home/william/repos/control_system_ws/install/shimmer_emg/lib/python3.10/site-packages/shimmer_emg
[0.801s] byte-compiling /home/william/repos/control_system_ws/install/shimmer_emg/lib/python3.10/site-packages/shimmer_emg/imu_emg_aq.py to imu_emg_aq.cpython-310.pyc
[0.804s] running install_data
[0.816s] copying resource/shimmer_emg -> /home/william/repos/control_system_ws/install/shimmer_emg/share/ament_index/resource_index/packages
[0.816s] copying package.xml -> /home/william/repos/control_system_ws/install/shimmer_emg/share/shimmer_emg
[0.816s] running install_egg_info
[0.827s] removing '/home/william/repos/control_system_ws/install/shimmer_emg/lib/python3.10/site-packages/shimmer_emg-0.0.0-py3.10.egg-info' (and everything under it)
[0.828s] Copying ../../build/shimmer_emg/shimmer_emg.egg-info to /home/william/repos/control_system_ws/install/shimmer_emg/lib/python3.10/site-packages/shimmer_emg-0.0.0-py3.10.egg-info
[0.829s] running install_scripts
[0.933s] Installing emg_aq script to /home/william/repos/control_system_ws/install/shimmer_emg/lib/shimmer_emg
[0.933s] Installing imu_aq script to /home/william/repos/control_system_ws/install/shimmer_emg/lib/shimmer_emg
[0.934s] Installing imu_emg_aq script to /home/william/repos/control_system_ws/install/shimmer_emg/lib/shimmer_emg
[0.934s] Installing plot_data script to /home/william/repos/control_system_ws/install/shimmer_emg/lib/shimmer_emg
[0.934s] Installing record_data script to /home/william/repos/control_system_ws/install/shimmer_emg/lib/shimmer_emg
[0.934s] writing list of installed files to '/home/william/repos/control_system_ws/build/shimmer_emg/install.log'
[0.952s] Invoked command in '/home/william/repos/control_system_ws/src/shimmer_emg' returned '0': AMENT_PREFIX_PATH=/home/william/repos/control_system_ws/install/custom_interfaces:${AMENT_PREFIX_PATH} CMAKE_PREFIX_PATH=/home/william/repos/control_system_ws/install/custom_interfaces LD_LIBRARY_PATH=/home/william/repos/control_system_ws/install/custom_interfaces/lib:${LD_LIBRARY_PATH} PYTHONPATH=/home/william/repos/control_system_ws/build/shimmer_emg/prefix_override:/home/william/repos/control_system_ws/install/shimmer_emg/lib/python3.10/site-packages:/home/william/repos/control_system_ws/install/custom_interfaces/local/lib/python3.10/dist-packages:${PYTHONPATH} /usr/bin/python3 setup.py egg_info --egg-base ../../build/shimmer_emg build --build-base /home/william/repos/control_system_ws/build/shimmer_emg/build install --record /home/william/repos/control_system_ws/build/shimmer_emg/install.log --single-version-externally-managed
