[0.012s] Invoking command in '/home/william/repos/control_system_ws/build/custom_interfaces': CMAKE_PREFIX_PATH=${CMAKE_PREFIX_PATH}:/home/william/repos/control_system_ws/install/shimmer_emg:/opt/ros/humble /usr/bin/cmake /home/william/repos/control_system_ws/src/custom_interfaces -DCMAKE_INSTALL_PREFIX=/home/william/repos/control_system_ws/install/custom_interfaces
[0.137s] -- The C compiler identification is GNU 11.4.0
[0.220s] -- The CXX compiler identification is GNU 11.4.0
[0.229s] -- Detecting C compiler ABI info
[0.308s] -- Detecting C compiler ABI info - done
[0.314s] -- Check for working C compiler: /usr/bin/cc - skipped
[0.315s] -- Detecting C compile features
[0.315s] -- Detecting C compile features - done
[0.318s] -- Detecting CXX compiler ABI info
[0.407s] -- Detecting CXX compiler ABI info - done
[0.414s] -- Check for working CXX compiler: /usr/bin/c++ - skipped
[0.415s] -- Detecting CXX compile features
[0.415s] -- Detecting CXX compile features - done
[0.419s] -- Found ament_cmake: 1.3.8 (/opt/ros/humble/share/ament_cmake/cmake)
[0.772s] -- Found Python3: /usr/bin/python3 (found version "3.10.12") found components: Interpreter 
[0.902s] -- Found rclpy: 3.3.12 (/opt/ros/humble/share/rclpy/cmake)
[0.904s] -- Found rosidl_default_generators: 1.2.0 (/opt/ros/humble/share/rosidl_default_generators/cmake)
[0.907s] -- Using all available rosidl_typesupport_c: rosidl_typesupport_fastrtps_c;rosidl_typesupport_introspection_c
[0.913s] -- Found rosidl_adapter: 3.1.5 (/opt/ros/humble/share/rosidl_adapter/cmake)
[0.959s] -- Using all available rosidl_typesupport_cpp: rosidl_typesupport_fastrtps_cpp;rosidl_typesupport_introspection_cpp
[1.230s] -- Found ament_cmake_ros: 0.10.0 (/opt/ros/humble/share/ament_cmake_ros/cmake)
[1.424s] -- Using all available rosidl_typesupport_c: rosidl_typesupport_fastrtps_c;rosidl_typesupport_introspection_c
[1.655s] -- Using all available rosidl_typesupport_cpp: rosidl_typesupport_fastrtps_cpp;rosidl_typesupport_introspection_cpp
[1.678s] -- Found PythonInterp: /usr/bin/python3 (found suitable version "3.10.12", minimum required is "3.6") 
[1.679s] -- Found python_cmake_module: 0.10.0 (/opt/ros/humble/share/python_cmake_module/cmake)
[1.705s] -- Found PythonLibs: /usr/lib/x86_64-linux-gnu/libpython3.10.so (found suitable version "3.10.12", minimum required is "3.5") 
[1.705s] -- Using PYTHON_EXECUTABLE: /usr/bin/python3
[1.705s] -- Using PYTHON_INCLUDE_DIRS: /usr/include/python3.10
[1.705s] -- Using PYTHON_LIBRARIES: /usr/lib/x86_64-linux-gnu/libpython3.10.so
[1.727s] -- Found PythonExtra: .so  
[1.760s] -- Found ament_lint_auto: 0.12.10 (/opt/ros/humble/share/ament_lint_auto/cmake)
[1.823s] -- Added test 'lint_cmake' to check CMake code style
[1.825s] -- Added test 'xmllint' to check XML markup files
[1.828s] -- Configuring done
[1.859s] -- Generating done
[1.863s] -- Build files have been written to: /home/william/repos/control_system_ws/build/custom_interfaces
[1.871s] Invoked command in '/home/william/repos/control_system_ws/build/custom_interfaces' returned '0': CMAKE_PREFIX_PATH=${CMAKE_PREFIX_PATH}:/home/william/repos/control_system_ws/install/shimmer_emg:/opt/ros/humble /usr/bin/cmake /home/william/repos/control_system_ws/src/custom_interfaces -DCMAKE_INSTALL_PREFIX=/home/william/repos/control_system_ws/install/custom_interfaces
[1.873s] Invoking command in '/home/william/repos/control_system_ws/build/custom_interfaces': CMAKE_PREFIX_PATH=${CMAKE_PREFIX_PATH}:/home/william/repos/control_system_ws/install/shimmer_emg:/opt/ros/humble /usr/bin/cmake --build /home/william/repos/control_system_ws/build/custom_interfaces -- -j16 -l16
[1.918s] [  3%] [34m[1mGenerating C code for ROS interfaces[0m
[1.930s] [  6%] [34m[1mGenerating C++ code for ROS interfaces[0m
[1.941s] [  6%] Built target ament_cmake_python_copy_custom_interfaces
[2.198s] running egg_info
[2.199s] creating custom_interfaces.egg-info
[2.221s] writing custom_interfaces.egg-info/PKG-INFO
[2.221s] writing dependency_links to custom_interfaces.egg-info/dependency_links.txt
[2.222s] writing top-level names to custom_interfaces.egg-info/top_level.txt
[2.222s] writing manifest file 'custom_interfaces.egg-info/SOURCES.txt'
[2.233s] [  6%] Built target custom_interfaces__cpp
[2.243s] [  9%] [32mBuilding C object CMakeFiles/custom_interfaces__rosidl_generator_c.dir/rosidl_generator_c/custom_interfaces/msg/detail/emg__functions.c.o[0m
[2.249s] [ 19%] [34m[1mGenerating C++ introspection for ROS interfaces[0m
[2.249s] [ 19%] [34m[1mGenerating C++ type support dispatch for ROS interfaces[0m
[2.249s] [ 19%] [34m[1mGenerating C++ type support for eProsima Fast-RTPS[0m
[2.293s] reading manifest file 'custom_interfaces.egg-info/SOURCES.txt'
[2.294s] writing manifest file 'custom_interfaces.egg-info/SOURCES.txt'
[2.331s] [ 22%] [32m[1mLinking C shared library libcustom_interfaces__rosidl_generator_c.so[0m
[2.339s] [ 22%] Built target ament_cmake_python_build_custom_interfaces_egg
[2.388s] [ 22%] Built target custom_interfaces__rosidl_generator_c
[2.404s] [ 32%] [34m[1mGenerating C type support dispatch for ROS interfaces[0m
[2.404s] [ 32%] [34m[1mGenerating C introspection for ROS interfaces[0m
[2.404s] [ 32%] [34m[1mGenerating C type support for eProsima Fast-RTPS[0m
[2.611s] [ 35%] [32mBuilding CXX object CMakeFiles/custom_interfaces__rosidl_typesupport_introspection_cpp.dir/rosidl_typesupport_introspection_cpp/custom_interfaces/msg/detail/emg__type_support.cpp.o[0m
[2.617s] [ 38%] [32mBuilding CXX object CMakeFiles/custom_interfaces__rosidl_typesupport_cpp.dir/rosidl_typesupport_cpp/custom_interfaces/msg/emg__type_support.cpp.o[0m
[2.656s] [ 41%] [32mBuilding CXX object CMakeFiles/custom_interfaces__rosidl_typesupport_fastrtps_cpp.dir/rosidl_typesupport_fastrtps_cpp/custom_interfaces/msg/detail/dds_fastrtps/emg__type_support.cpp.o[0m
[2.756s] [ 45%] [32mBuilding CXX object CMakeFiles/custom_interfaces__rosidl_typesupport_c.dir/rosidl_typesupport_c/custom_interfaces/msg/emg__type_support.cpp.o[0m
[2.788s] [ 48%] [32mBuilding C object CMakeFiles/custom_interfaces__rosidl_typesupport_introspection_c.dir/rosidl_typesupport_introspection_c/custom_interfaces/msg/detail/emg__type_support.c.o[0m
[2.796s] [ 51%] [32mBuilding CXX object CMakeFiles/custom_interfaces__rosidl_typesupport_fastrtps_c.dir/rosidl_typesupport_fastrtps_c/custom_interfaces/msg/detail/emg__type_support_c.cpp.o[0m
[2.806s] [ 54%] [32m[1mLinking CXX shared library libcustom_interfaces__rosidl_typesupport_c.so[0m
[2.841s] [ 58%] [32m[1mLinking C shared library libcustom_interfaces__rosidl_typesupport_introspection_c.so[0m
[2.874s] [ 58%] Built target custom_interfaces__rosidl_typesupport_c
[2.893s] [ 58%] Built target custom_interfaces__rosidl_typesupport_introspection_c
[3.018s] [ 61%] [32m[1mLinking CXX shared library libcustom_interfaces__rosidl_typesupport_cpp.so[0m
[3.078s] [ 61%] Built target custom_interfaces__rosidl_typesupport_cpp
[3.146s] [ 64%] [32m[1mLinking CXX shared library libcustom_interfaces__rosidl_typesupport_introspection_cpp.so[0m
[3.193s] [ 67%] [32m[1mLinking CXX shared library libcustom_interfaces__rosidl_typesupport_fastrtps_cpp.so[0m
[3.198s] [ 67%] Built target custom_interfaces__rosidl_typesupport_introspection_cpp
[3.227s] [ 70%] [32m[1mLinking CXX shared library libcustom_interfaces__rosidl_typesupport_fastrtps_c.so[0m
[3.277s] [ 70%] Built target custom_interfaces__rosidl_typesupport_fastrtps_cpp
[3.311s] [ 70%] Built target custom_interfaces__rosidl_typesupport_fastrtps_c
[3.333s] [ 70%] Built target custom_interfaces
[3.354s] [ 74%] [34m[1mGenerating Python code for ROS interfaces[0m
[3.628s] [ 74%] Built target custom_interfaces__py
[3.655s] [ 77%] [32mBuilding C object CMakeFiles/custom_interfaces__rosidl_generator_py.dir/rosidl_generator_py/custom_interfaces/msg/_emg_s.c.o[0m
[3.769s] [ 80%] [32m[1mLinking C shared library rosidl_generator_py/custom_interfaces/libcustom_interfaces__rosidl_generator_py.so[0m
[3.809s] [ 80%] Built target custom_interfaces__rosidl_generator_py
[3.832s] [ 90%] [32mBuilding C object CMakeFiles/custom_interfaces__rosidl_typesupport_c__pyext.dir/rosidl_generator_py/custom_interfaces/_custom_interfaces_s.ep.rosidl_typesupport_c.c.o[0m
[3.832s] [ 90%] [32mBuilding C object CMakeFiles/custom_interfaces__rosidl_typesupport_introspection_c__pyext.dir/rosidl_generator_py/custom_interfaces/_custom_interfaces_s.ep.rosidl_typesupport_introspection_c.c.o[0m
[3.832s] [ 90%] [32mBuilding C object CMakeFiles/custom_interfaces__rosidl_typesupport_fastrtps_c__pyext.dir/rosidl_generator_py/custom_interfaces/_custom_interfaces_s.ep.rosidl_typesupport_fastrtps_c.c.o[0m
[3.940s] [ 96%] [32m[1mLinking C shared library rosidl_generator_py/custom_interfaces/custom_interfaces_s__rosidl_typesupport_introspection_c.cpython-310-x86_64-linux-gnu.so[0m
[3.940s] [ 96%] [32m[1mLinking C shared library rosidl_generator_py/custom_interfaces/custom_interfaces_s__rosidl_typesupport_c.cpython-310-x86_64-linux-gnu.so[0m
[3.946s] [100%] [32m[1mLinking C shared library rosidl_generator_py/custom_interfaces/custom_interfaces_s__rosidl_typesupport_fastrtps_c.cpython-310-x86_64-linux-gnu.so[0m
[3.984s] [100%] Built target custom_interfaces__rosidl_typesupport_c__pyext
[3.984s] [100%] Built target custom_interfaces__rosidl_typesupport_introspection_c__pyext
[3.991s] [100%] Built target custom_interfaces__rosidl_typesupport_fastrtps_c__pyext
[4.006s] Invoked command in '/home/william/repos/control_system_ws/build/custom_interfaces' returned '0': CMAKE_PREFIX_PATH=${CMAKE_PREFIX_PATH}:/home/william/repos/control_system_ws/install/shimmer_emg:/opt/ros/humble /usr/bin/cmake --build /home/william/repos/control_system_ws/build/custom_interfaces -- -j16 -l16
[4.085s] Invoking command in '/home/william/repos/control_system_ws/build/custom_interfaces': CMAKE_PREFIX_PATH=${CMAKE_PREFIX_PATH}:/home/william/repos/control_system_ws/install/shimmer_emg:/opt/ros/humble /usr/bin/cmake --install /home/william/repos/control_system_ws/build/custom_interfaces
[4.093s] -- Install configuration: ""
[4.093s] -- Installing: /home/william/repos/control_system_ws/install/custom_interfaces/share/ament_index/resource_index/rosidl_interfaces/custom_interfaces
[4.093s] -- Installing: /home/william/repos/control_system_ws/install/custom_interfaces/include/custom_interfaces/custom_interfaces
[4.093s] -- Installing: /home/william/repos/control_system_ws/install/custom_interfaces/include/custom_interfaces/custom_interfaces/msg
[4.094s] -- Installing: /home/william/repos/control_system_ws/install/custom_interfaces/include/custom_interfaces/custom_interfaces/msg/detail
[4.094s] -- Installing: /home/william/repos/control_system_ws/install/custom_interfaces/include/custom_interfaces/custom_interfaces/msg/detail/emg__struct.h
[4.094s] -- Installing: /home/william/repos/control_system_ws/install/custom_interfaces/include/custom_interfaces/custom_interfaces/msg/detail/emg__functions.h
[4.094s] -- Installing: /home/william/repos/control_system_ws/install/custom_interfaces/include/custom_interfaces/custom_interfaces/msg/detail/emg__type_support.h
[4.094s] -- Installing: /home/william/repos/control_system_ws/install/custom_interfaces/include/custom_interfaces/custom_interfaces/msg/detail/emg__functions.c
[4.094s] -- Installing: /home/william/repos/control_system_ws/install/custom_interfaces/include/custom_interfaces/custom_interfaces/msg/rosidl_generator_c__visibility_control.h
[4.095s] -- Installing: /home/william/repos/control_system_ws/install/custom_interfaces/include/custom_interfaces/custom_interfaces/msg/emg.h
[4.095s] -- Installing: /home/william/repos/control_system_ws/install/custom_interfaces/share/custom_interfaces/environment/library_path.sh
[4.095s] -- Installing: /home/william/repos/control_system_ws/install/custom_interfaces/share/custom_interfaces/environment/library_path.dsv
[4.095s] -- Installing: /home/william/repos/control_system_ws/install/custom_interfaces/lib/libcustom_interfaces__rosidl_generator_c.so
[4.096s] -- Set runtime path of "/home/william/repos/control_system_ws/install/custom_interfaces/lib/libcustom_interfaces__rosidl_generator_c.so" to ""
[4.096s] -- Up-to-date: /home/william/repos/control_system_ws/install/custom_interfaces/include/custom_interfaces/custom_interfaces
[4.096s] -- Up-to-date: /home/william/repos/control_system_ws/install/custom_interfaces/include/custom_interfaces/custom_interfaces/msg
[4.096s] -- Up-to-date: /home/william/repos/control_system_ws/install/custom_interfaces/include/custom_interfaces/custom_interfaces/msg/detail
[4.096s] -- Installing: /home/william/repos/control_system_ws/install/custom_interfaces/include/custom_interfaces/custom_interfaces/msg/detail/emg__rosidl_typesupport_fastrtps_c.h
[4.096s] -- Installing: /home/william/repos/control_system_ws/install/custom_interfaces/include/custom_interfaces/custom_interfaces/msg/rosidl_typesupport_fastrtps_c__visibility_control.h
[4.097s] -- Installing: /home/william/repos/control_system_ws/install/custom_interfaces/lib/libcustom_interfaces__rosidl_typesupport_fastrtps_c.so
[4.097s] -- Set runtime path of "/home/william/repos/control_system_ws/install/custom_interfaces/lib/libcustom_interfaces__rosidl_typesupport_fastrtps_c.so" to ""
[4.097s] -- Up-to-date: /home/william/repos/control_system_ws/install/custom_interfaces/include/custom_interfaces/custom_interfaces
[4.097s] -- Up-to-date: /home/william/repos/control_system_ws/install/custom_interfaces/include/custom_interfaces/custom_interfaces/msg
[4.098s] -- Up-to-date: /home/william/repos/control_system_ws/install/custom_interfaces/include/custom_interfaces/custom_interfaces/msg/detail
[4.098s] -- Installing: /home/william/repos/control_system_ws/install/custom_interfaces/include/custom_interfaces/custom_interfaces/msg/detail/emg__rosidl_typesupport_introspection_c.h
[4.098s] -- Installing: /home/william/repos/control_system_ws/install/custom_interfaces/include/custom_interfaces/custom_interfaces/msg/detail/emg__type_support.c
[4.098s] -- Installing: /home/william/repos/control_system_ws/install/custom_interfaces/include/custom_interfaces/custom_interfaces/msg/rosidl_typesupport_introspection_c__visibility_control.h
[4.098s] -- Installing: /home/william/repos/control_system_ws/install/custom_interfaces/lib/libcustom_interfaces__rosidl_typesupport_introspection_c.so
[4.099s] -- Set runtime path of "/home/william/repos/control_system_ws/install/custom_interfaces/lib/libcustom_interfaces__rosidl_typesupport_introspection_c.so" to ""
[4.099s] -- Installing: /home/william/repos/control_system_ws/install/custom_interfaces/lib/libcustom_interfaces__rosidl_typesupport_c.so
[4.099s] -- Set runtime path of "/home/william/repos/control_system_ws/install/custom_interfaces/lib/libcustom_interfaces__rosidl_typesupport_c.so" to ""
[4.099s] -- Up-to-date: /home/william/repos/control_system_ws/install/custom_interfaces/include/custom_interfaces/custom_interfaces
[4.099s] -- Up-to-date: /home/william/repos/control_system_ws/install/custom_interfaces/include/custom_interfaces/custom_interfaces/msg
[4.100s] -- Up-to-date: /home/william/repos/control_system_ws/install/custom_interfaces/include/custom_interfaces/custom_interfaces/msg/detail
[4.100s] -- Installing: /home/william/repos/control_system_ws/install/custom_interfaces/include/custom_interfaces/custom_interfaces/msg/detail/emg__traits.hpp
[4.100s] -- Installing: /home/william/repos/control_system_ws/install/custom_interfaces/include/custom_interfaces/custom_interfaces/msg/detail/emg__builder.hpp
[4.100s] -- Installing: /home/william/repos/control_system_ws/install/custom_interfaces/include/custom_interfaces/custom_interfaces/msg/detail/emg__struct.hpp
[4.100s] -- Installing: /home/william/repos/control_system_ws/install/custom_interfaces/include/custom_interfaces/custom_interfaces/msg/emg.hpp
[4.100s] -- Up-to-date: /home/william/repos/control_system_ws/install/custom_interfaces/include/custom_interfaces/custom_interfaces
[4.101s] -- Up-to-date: /home/william/repos/control_system_ws/install/custom_interfaces/include/custom_interfaces/custom_interfaces/msg
[4.101s] -- Up-to-date: /home/william/repos/control_system_ws/install/custom_interfaces/include/custom_interfaces/custom_interfaces/msg/detail
[4.101s] -- Installing: /home/william/repos/control_system_ws/install/custom_interfaces/include/custom_interfaces/custom_interfaces/msg/detail/emg__rosidl_typesupport_fastrtps_cpp.hpp
[4.101s] -- Installing: /home/william/repos/control_system_ws/install/custom_interfaces/include/custom_interfaces/custom_interfaces/msg/detail/dds_fastrtps
[4.101s] -- Installing: /home/william/repos/control_system_ws/install/custom_interfaces/include/custom_interfaces/custom_interfaces/msg/rosidl_typesupport_fastrtps_cpp__visibility_control.h
[4.101s] -- Installing: /home/william/repos/control_system_ws/install/custom_interfaces/lib/libcustom_interfaces__rosidl_typesupport_fastrtps_cpp.so
[4.102s] -- Set runtime path of "/home/william/repos/control_system_ws/install/custom_interfaces/lib/libcustom_interfaces__rosidl_typesupport_fastrtps_cpp.so" to ""
[4.102s] -- Up-to-date: /home/william/repos/control_system_ws/install/custom_interfaces/include/custom_interfaces/custom_interfaces
[4.102s] -- Up-to-date: /home/william/repos/control_system_ws/install/custom_interfaces/include/custom_interfaces/custom_interfaces/msg
[4.102s] -- Up-to-date: /home/william/repos/control_system_ws/install/custom_interfaces/include/custom_interfaces/custom_interfaces/msg/detail
[4.102s] -- Installing: /home/william/repos/control_system_ws/install/custom_interfaces/include/custom_interfaces/custom_interfaces/msg/detail/emg__rosidl_typesupport_introspection_cpp.hpp
[4.102s] -- Installing: /home/william/repos/control_system_ws/install/custom_interfaces/include/custom_interfaces/custom_interfaces/msg/detail/emg__type_support.cpp
[4.102s] -- Installing: /home/william/repos/control_system_ws/install/custom_interfaces/lib/libcustom_interfaces__rosidl_typesupport_introspection_cpp.so
[4.103s] -- Set runtime path of "/home/william/repos/control_system_ws/install/custom_interfaces/lib/libcustom_interfaces__rosidl_typesupport_introspection_cpp.so" to ""
[4.103s] -- Installing: /home/william/repos/control_system_ws/install/custom_interfaces/lib/libcustom_interfaces__rosidl_typesupport_cpp.so
[4.103s] -- Set runtime path of "/home/william/repos/control_system_ws/install/custom_interfaces/lib/libcustom_interfaces__rosidl_typesupport_cpp.so" to ""
[4.104s] -- Installing: /home/william/repos/control_system_ws/install/custom_interfaces/share/custom_interfaces/environment/pythonpath.sh
[4.104s] -- Installing: /home/william/repos/control_system_ws/install/custom_interfaces/share/custom_interfaces/environment/pythonpath.dsv
[4.104s] -- Installing: /home/william/repos/control_system_ws/install/custom_interfaces/local/lib/python3.10/dist-packages/custom_interfaces-0.0.0-py3.10.egg-info
[4.104s] -- Installing: /home/william/repos/control_system_ws/install/custom_interfaces/local/lib/python3.10/dist-packages/custom_interfaces-0.0.0-py3.10.egg-info/SOURCES.txt
[4.104s] -- Installing: /home/william/repos/control_system_ws/install/custom_interfaces/local/lib/python3.10/dist-packages/custom_interfaces-0.0.0-py3.10.egg-info/PKG-INFO
[4.105s] -- Installing: /home/william/repos/control_system_ws/install/custom_interfaces/local/lib/python3.10/dist-packages/custom_interfaces-0.0.0-py3.10.egg-info/top_level.txt
[4.105s] -- Installing: /home/william/repos/control_system_ws/install/custom_interfaces/local/lib/python3.10/dist-packages/custom_interfaces-0.0.0-py3.10.egg-info/dependency_links.txt
[4.105s] -- Installing: /home/william/repos/control_system_ws/install/custom_interfaces/local/lib/python3.10/dist-packages/custom_interfaces
[4.105s] -- Installing: /home/william/repos/control_system_ws/install/custom_interfaces/local/lib/python3.10/dist-packages/custom_interfaces/custom_interfaces_s__rosidl_typesupport_fastrtps_c.cpython-310-x86_64-linux-gnu.so
[4.105s] -- Installing: /home/william/repos/control_system_ws/install/custom_interfaces/local/lib/python3.10/dist-packages/custom_interfaces/_custom_interfaces_s.ep.rosidl_typesupport_fastrtps_c.c
[4.106s] -- Installing: /home/william/repos/control_system_ws/install/custom_interfaces/local/lib/python3.10/dist-packages/custom_interfaces/_custom_interfaces_s.ep.rosidl_typesupport_c.c
[4.106s] -- Installing: /home/william/repos/control_system_ws/install/custom_interfaces/local/lib/python3.10/dist-packages/custom_interfaces/libcustom_interfaces__rosidl_generator_py.so
[4.106s] -- Installing: /home/william/repos/control_system_ws/install/custom_interfaces/local/lib/python3.10/dist-packages/custom_interfaces/custom_interfaces_s__rosidl_typesupport_introspection_c.cpython-310-x86_64-linux-gnu.so
[4.106s] -- Installing: /home/william/repos/control_system_ws/install/custom_interfaces/local/lib/python3.10/dist-packages/custom_interfaces/custom_interfaces_s__rosidl_typesupport_c.cpython-310-x86_64-linux-gnu.so
[4.106s] -- Installing: /home/william/repos/control_system_ws/install/custom_interfaces/local/lib/python3.10/dist-packages/custom_interfaces/_custom_interfaces_s.ep.rosidl_typesupport_introspection_c.c
[4.107s] -- Installing: /home/william/repos/control_system_ws/install/custom_interfaces/local/lib/python3.10/dist-packages/custom_interfaces/msg
[4.107s] -- Installing: /home/william/repos/control_system_ws/install/custom_interfaces/local/lib/python3.10/dist-packages/custom_interfaces/msg/_emg_s.c
[4.107s] -- Installing: /home/william/repos/control_system_ws/install/custom_interfaces/local/lib/python3.10/dist-packages/custom_interfaces/msg/__init__.py
[4.107s] -- Installing: /home/william/repos/control_system_ws/install/custom_interfaces/local/lib/python3.10/dist-packages/custom_interfaces/msg/_emg.py
[4.107s] -- Installing: /home/william/repos/control_system_ws/install/custom_interfaces/local/lib/python3.10/dist-packages/custom_interfaces/__init__.py
[4.140s] Listing '/home/william/repos/control_system_ws/install/custom_interfaces/local/lib/python3.10/dist-packages/custom_interfaces'...
[4.141s] Compiling '/home/william/repos/control_system_ws/install/custom_interfaces/local/lib/python3.10/dist-packages/custom_interfaces/__init__.py'...
[4.141s] Listing '/home/william/repos/control_system_ws/install/custom_interfaces/local/lib/python3.10/dist-packages/custom_interfaces/msg'...
[4.141s] Compiling '/home/william/repos/control_system_ws/install/custom_interfaces/local/lib/python3.10/dist-packages/custom_interfaces/msg/__init__.py'...
[4.141s] Compiling '/home/william/repos/control_system_ws/install/custom_interfaces/local/lib/python3.10/dist-packages/custom_interfaces/msg/_emg.py'...
[4.145s] -- Installing: /home/william/repos/control_system_ws/install/custom_interfaces/local/lib/python3.10/dist-packages/custom_interfaces/custom_interfaces_s__rosidl_typesupport_fastrtps_c.cpython-310-x86_64-linux-gnu.so
[4.146s] -- Set runtime path of "/home/william/repos/control_system_ws/install/custom_interfaces/local/lib/python3.10/dist-packages/custom_interfaces/custom_interfaces_s__rosidl_typesupport_fastrtps_c.cpython-310-x86_64-linux-gnu.so" to ""
[4.146s] -- Installing: /home/william/repos/control_system_ws/install/custom_interfaces/local/lib/python3.10/dist-packages/custom_interfaces/custom_interfaces_s__rosidl_typesupport_introspection_c.cpython-310-x86_64-linux-gnu.so
[4.146s] -- Set runtime path of "/home/william/repos/control_system_ws/install/custom_interfaces/local/lib/python3.10/dist-packages/custom_interfaces/custom_interfaces_s__rosidl_typesupport_introspection_c.cpython-310-x86_64-linux-gnu.so" to ""
[4.147s] -- Installing: /home/william/repos/control_system_ws/install/custom_interfaces/local/lib/python3.10/dist-packages/custom_interfaces/custom_interfaces_s__rosidl_typesupport_c.cpython-310-x86_64-linux-gnu.so
[4.147s] -- Set runtime path of "/home/william/repos/control_system_ws/install/custom_interfaces/local/lib/python3.10/dist-packages/custom_interfaces/custom_interfaces_s__rosidl_typesupport_c.cpython-310-x86_64-linux-gnu.so" to ""
[4.147s] -- Installing: /home/william/repos/control_system_ws/install/custom_interfaces/lib/libcustom_interfaces__rosidl_generator_py.so
[4.147s] -- Set runtime path of "/home/william/repos/control_system_ws/install/custom_interfaces/lib/libcustom_interfaces__rosidl_generator_py.so" to ""
[4.148s] -- Installing: /home/william/repos/control_system_ws/install/custom_interfaces/share/custom_interfaces/msg/EMG.idl
[4.148s] -- Installing: /home/william/repos/control_system_ws/install/custom_interfaces/share/custom_interfaces/msg/EMG.msg
[4.148s] -- Installing: /home/william/repos/control_system_ws/install/custom_interfaces/share/ament_index/resource_index/package_run_dependencies/custom_interfaces
[4.148s] -- Installing: /home/william/repos/control_system_ws/install/custom_interfaces/share/ament_index/resource_index/parent_prefix_path/custom_interfaces
[4.148s] -- Installing: /home/william/repos/control_system_ws/install/custom_interfaces/share/custom_interfaces/environment/ament_prefix_path.sh
[4.149s] -- Installing: /home/william/repos/control_system_ws/install/custom_interfaces/share/custom_interfaces/environment/ament_prefix_path.dsv
[4.149s] -- Installing: /home/william/repos/control_system_ws/install/custom_interfaces/share/custom_interfaces/environment/path.sh
[4.149s] -- Installing: /home/william/repos/control_system_ws/install/custom_interfaces/share/custom_interfaces/environment/path.dsv
[4.149s] -- Installing: /home/william/repos/control_system_ws/install/custom_interfaces/share/custom_interfaces/local_setup.bash
[4.149s] -- Installing: /home/william/repos/control_system_ws/install/custom_interfaces/share/custom_interfaces/local_setup.sh
[4.149s] -- Installing: /home/william/repos/control_system_ws/install/custom_interfaces/share/custom_interfaces/local_setup.zsh
[4.150s] -- Installing: /home/william/repos/control_system_ws/install/custom_interfaces/share/custom_interfaces/local_setup.dsv
[4.150s] -- Installing: /home/william/repos/control_system_ws/install/custom_interfaces/share/custom_interfaces/package.dsv
[4.150s] -- Installing: /home/william/repos/control_system_ws/install/custom_interfaces/share/ament_index/resource_index/packages/custom_interfaces
[4.150s] -- Installing: /home/william/repos/control_system_ws/install/custom_interfaces/share/custom_interfaces/cmake/export_custom_interfaces__rosidl_generator_cExport.cmake
[4.150s] -- Installing: /home/william/repos/control_system_ws/install/custom_interfaces/share/custom_interfaces/cmake/export_custom_interfaces__rosidl_generator_cExport-noconfig.cmake
[4.150s] -- Installing: /home/william/repos/control_system_ws/install/custom_interfaces/share/custom_interfaces/cmake/export_custom_interfaces__rosidl_typesupport_fastrtps_cExport.cmake
[4.151s] -- Installing: /home/william/repos/control_system_ws/install/custom_interfaces/share/custom_interfaces/cmake/export_custom_interfaces__rosidl_typesupport_fastrtps_cExport-noconfig.cmake
[4.151s] -- Installing: /home/william/repos/control_system_ws/install/custom_interfaces/share/custom_interfaces/cmake/custom_interfaces__rosidl_typesupport_introspection_cExport.cmake
[4.151s] -- Installing: /home/william/repos/control_system_ws/install/custom_interfaces/share/custom_interfaces/cmake/custom_interfaces__rosidl_typesupport_introspection_cExport-noconfig.cmake
[4.151s] -- Installing: /home/william/repos/control_system_ws/install/custom_interfaces/share/custom_interfaces/cmake/custom_interfaces__rosidl_typesupport_cExport.cmake
[4.151s] -- Installing: /home/william/repos/control_system_ws/install/custom_interfaces/share/custom_interfaces/cmake/custom_interfaces__rosidl_typesupport_cExport-noconfig.cmake
[4.152s] -- Installing: /home/william/repos/control_system_ws/install/custom_interfaces/share/custom_interfaces/cmake/export_custom_interfaces__rosidl_generator_cppExport.cmake
[4.152s] -- Installing: /home/william/repos/control_system_ws/install/custom_interfaces/share/custom_interfaces/cmake/export_custom_interfaces__rosidl_typesupport_fastrtps_cppExport.cmake
[4.152s] -- Installing: /home/william/repos/control_system_ws/install/custom_interfaces/share/custom_interfaces/cmake/export_custom_interfaces__rosidl_typesupport_fastrtps_cppExport-noconfig.cmake
[4.152s] -- Installing: /home/william/repos/control_system_ws/install/custom_interfaces/share/custom_interfaces/cmake/custom_interfaces__rosidl_typesupport_introspection_cppExport.cmake
[4.152s] -- Installing: /home/william/repos/control_system_ws/install/custom_interfaces/share/custom_interfaces/cmake/custom_interfaces__rosidl_typesupport_introspection_cppExport-noconfig.cmake
[4.153s] -- Installing: /home/william/repos/control_system_ws/install/custom_interfaces/share/custom_interfaces/cmake/custom_interfaces__rosidl_typesupport_cppExport.cmake
[4.153s] -- Installing: /home/william/repos/control_system_ws/install/custom_interfaces/share/custom_interfaces/cmake/custom_interfaces__rosidl_typesupport_cppExport-noconfig.cmake
[4.153s] -- Installing: /home/william/repos/control_system_ws/install/custom_interfaces/share/custom_interfaces/cmake/export_custom_interfaces__rosidl_generator_pyExport.cmake
[4.153s] -- Installing: /home/william/repos/control_system_ws/install/custom_interfaces/share/custom_interfaces/cmake/export_custom_interfaces__rosidl_generator_pyExport-noconfig.cmake
[4.153s] -- Installing: /home/william/repos/control_system_ws/install/custom_interfaces/share/custom_interfaces/cmake/rosidl_cmake-extras.cmake
[4.153s] -- Installing: /home/william/repos/control_system_ws/install/custom_interfaces/share/custom_interfaces/cmake/ament_cmake_export_dependencies-extras.cmake
[4.154s] -- Installing: /home/william/repos/control_system_ws/install/custom_interfaces/share/custom_interfaces/cmake/ament_cmake_export_include_directories-extras.cmake
[4.154s] -- Installing: /home/william/repos/control_system_ws/install/custom_interfaces/share/custom_interfaces/cmake/ament_cmake_export_libraries-extras.cmake
[4.154s] -- Installing: /home/william/repos/control_system_ws/install/custom_interfaces/share/custom_interfaces/cmake/ament_cmake_export_targets-extras.cmake
[4.154s] -- Installing: /home/william/repos/control_system_ws/install/custom_interfaces/share/custom_interfaces/cmake/rosidl_cmake_export_typesupport_targets-extras.cmake
[4.154s] -- Installing: /home/william/repos/control_system_ws/install/custom_interfaces/share/custom_interfaces/cmake/rosidl_cmake_export_typesupport_libraries-extras.cmake
[4.154s] -- Installing: /home/william/repos/control_system_ws/install/custom_interfaces/share/custom_interfaces/cmake/custom_interfacesConfig.cmake
[4.155s] -- Installing: /home/william/repos/control_system_ws/install/custom_interfaces/share/custom_interfaces/cmake/custom_interfacesConfig-version.cmake
[4.155s] -- Installing: /home/william/repos/control_system_ws/install/custom_interfaces/share/custom_interfaces/package.xml
[4.158s] Invoked command in '/home/william/repos/control_system_ws/build/custom_interfaces' returned '0': CMAKE_PREFIX_PATH=${CMAKE_PREFIX_PATH}:/home/william/repos/control_system_ws/install/shimmer_emg:/opt/ros/humble /usr/bin/cmake --install /home/william/repos/control_system_ws/build/custom_interfaces
