[4.109s] Invoking command in '/home/pi/MasterThesis/src/shimmer_emg': PYTHONPATH=/home/pi/MasterThesis/build/shimmer_emg/prefix_override:/home/pi/MasterThesis/install/shimmer_emg/lib/python3.10/site-packages:${PYTHONPATH} /usr/bin/python3 -W ignore:setup.py install is deprecated setup.py egg_info --egg-base ../../build/shimmer_emg build --build-base /home/pi/MasterThesis/build/shimmer_emg/build install --record /home/pi/MasterThesis/build/shimmer_emg/install.log --single-version-externally-managed install_data
[5.003s] running egg_info
[5.005s] writing ../../build/shimmer_emg/shimmer_emg.egg-info/PKG-INFO
[5.006s] writing dependency_links to ../../build/shimmer_emg/shimmer_emg.egg-info/dependency_links.txt
[5.007s] writing entry points to ../../build/shimmer_emg/shimmer_emg.egg-info/entry_points.txt
[5.008s] writing requirements to ../../build/shimmer_emg/shimmer_emg.egg-info/requires.txt
[5.009s] writing top-level names to ../../build/shimmer_emg/shimmer_emg.egg-info/top_level.txt
[5.017s] reading manifest file '../../build/shimmer_emg/shimmer_emg.egg-info/SOURCES.txt'
[5.022s] writing manifest file '../../build/shimmer_emg/shimmer_emg.egg-info/SOURCES.txt'
[5.023s] running build
[5.023s] running build_py
[5.027s] running install
[5.028s] running install_lib
[5.037s] running install_data
[5.038s] running install_egg_info
[5.044s] removing '/home/pi/MasterThesis/install/shimmer_emg/lib/python3.10/site-packages/shimmer_emg-0.0.0-py3.10.egg-info' (and everything under it)
[5.045s] Copying ../../build/shimmer_emg/shimmer_emg.egg-info to /home/pi/MasterThesis/install/shimmer_emg/lib/python3.10/site-packages/shimmer_emg-0.0.0-py3.10.egg-info
[5.052s] running install_scripts
[5.127s] Installing data_acquisition script to /home/pi/MasterThesis/install/shimmer_emg/lib/shimmer_emg
[5.130s] Installing imu_emg_aq script to /home/pi/MasterThesis/install/shimmer_emg/lib/shimmer_emg
[5.131s] Installing plot_data script to /home/pi/MasterThesis/install/shimmer_emg/lib/shimmer_emg
[5.131s] Installing record_data script to /home/pi/MasterThesis/install/shimmer_emg/lib/shimmer_emg
[5.132s] Installing rp_enable_dc script to /home/pi/MasterThesis/install/shimmer_emg/lib/shimmer_emg
[5.135s] writing list of installed files to '/home/pi/MasterThesis/build/shimmer_emg/install.log'
[5.248s] Invoked command in '/home/pi/MasterThesis/src/shimmer_emg' returned '0': PYTHONPATH=/home/pi/MasterThesis/build/shimmer_emg/prefix_override:/home/pi/MasterThesis/install/shimmer_emg/lib/python3.10/site-packages:${PYTHONPATH} /usr/bin/python3 -W ignore:setup.py install is deprecated setup.py egg_info --egg-base ../../build/shimmer_emg build --build-base /home/pi/MasterThesis/build/shimmer_emg/build install --record /home/pi/MasterThesis/build/shimmer_emg/install.log --single-version-externally-managed install_data
