[0.718s] DEBUG:colcon:Command line arguments: ['/usr/bin/colcon', 'build']
[0.718s] DEBUG:colcon:Parsed command line arguments: Namespace(log_base=None, log_level=None, verb_name='build', build_base='build', install_base='install', merge_install=False, symlink_install=False, test_result_base=None, continue_on_error=False, executor='parallel', parallel_workers=16, event_handlers=None, ignore_user_meta=False, metas=['./colcon.meta'], base_paths=['.'], packages_ignore=None, packages_ignore_regex=None, paths=None, packages_up_to=None, packages_up_to_regex=None, packages_above=None, packages_above_and_dependencies=None, packages_above_depth=None, packages_select_by_dep=None, packages_skip_by_dep=None, packages_skip_up_to=None, packages_select_build_failed=False, packages_skip_build_finished=False, packages_select_test_failures=False, packages_skip_test_passed=False, packages_select=None, packages_skip=None, packages_select_regex=None, packages_skip_regex=None, packages_start=None, packages_end=None, allow_overriding=[], cmake_args=None, cmake_target=None, cmake_target_skip_unavailable=False, cmake_clean_cache=False, cmake_clean_first=False, cmake_force_configure=False, ament_cmake_args=None, catkin_cmake_args=None, catkin_skip_building_tests=False, verb_parser=<colcon_defaults.argument_parser.defaults.DefaultArgumentsDecorator object at 0x7f4fa96bfaf0>, verb_extension=<colcon_core.verb.build.BuildVerb object at 0x7f4fa96bf520>, main=<bound method BuildVerb.main of <colcon_core.verb.build.BuildVerb object at 0x7f4fa96bf520>>)
[0.760s] Level 1:colcon.colcon_core.package_discovery:discover_packages(colcon_meta) check parameters
[0.760s] Level 1:colcon.colcon_core.package_discovery:discover_packages(recursive) check parameters
[0.760s] Level 1:colcon.colcon_core.package_discovery:discover_packages(ignore) check parameters
[0.760s] Level 1:colcon.colcon_core.package_discovery:discover_packages(path) check parameters
[0.760s] Level 1:colcon.colcon_core.package_discovery:discover_packages(colcon_meta) discover
[0.760s] Level 1:colcon.colcon_core.package_discovery:discover_packages(recursive) discover
[0.760s] INFO:colcon.colcon_core.package_discovery:Crawling recursively for packages in '/home/william/repos/control_system_ws'
[0.760s] Level 1:colcon.colcon_core.package_identification:_identify(.) by extensions ['ignore', 'ignore_ament_install']
[0.760s] Level 1:colcon.colcon_core.package_identification:_identify(.) by extension 'ignore'
[0.760s] Level 1:colcon.colcon_core.package_identification:_identify(.) by extension 'ignore_ament_install'
[0.761s] Level 1:colcon.colcon_core.package_identification:_identify(.) by extensions ['colcon_pkg']
[0.761s] Level 1:colcon.colcon_core.package_identification:_identify(.) by extension 'colcon_pkg'
[0.761s] Level 1:colcon.colcon_core.package_identification:_identify(.) by extensions ['colcon_meta']
[0.761s] Level 1:colcon.colcon_core.package_identification:_identify(.) by extension 'colcon_meta'
[0.761s] Level 1:colcon.colcon_core.package_identification:_identify(.) by extensions ['ros']
[0.761s] Level 1:colcon.colcon_core.package_identification:_identify(.) by extension 'ros'
[0.771s] Level 1:colcon.colcon_core.package_identification:_identify(.) by extensions ['cmake', 'python']
[0.771s] Level 1:colcon.colcon_core.package_identification:_identify(.) by extension 'cmake'
[0.771s] Level 1:colcon.colcon_core.package_identification:_identify(.) by extension 'python'
[0.771s] Level 1:colcon.colcon_core.package_identification:_identify(.) by extensions ['python_setup_py']
[0.771s] Level 1:colcon.colcon_core.package_identification:_identify(.) by extension 'python_setup_py'
[0.771s] Level 1:colcon.colcon_core.package_identification:_identify(build) by extensions ['ignore', 'ignore_ament_install']
[0.771s] Level 1:colcon.colcon_core.package_identification:_identify(build) by extension 'ignore'
[0.771s] Level 1:colcon.colcon_core.package_identification:_identify(build) ignored
[0.771s] Level 1:colcon.colcon_core.package_identification:_identify(install) by extensions ['ignore', 'ignore_ament_install']
[0.771s] Level 1:colcon.colcon_core.package_identification:_identify(install) by extension 'ignore'
[0.771s] Level 1:colcon.colcon_core.package_identification:_identify(install) ignored
[0.771s] Level 1:colcon.colcon_core.package_identification:_identify(log) by extensions ['ignore', 'ignore_ament_install']
[0.771s] Level 1:colcon.colcon_core.package_identification:_identify(log) by extension 'ignore'
[0.771s] Level 1:colcon.colcon_core.package_identification:_identify(log) ignored
[0.772s] Level 1:colcon.colcon_core.package_identification:_identify(src) by extensions ['ignore', 'ignore_ament_install']
[0.772s] Level 1:colcon.colcon_core.package_identification:_identify(src) by extension 'ignore'
[0.772s] Level 1:colcon.colcon_core.package_identification:_identify(src) by extension 'ignore_ament_install'
[0.772s] Level 1:colcon.colcon_core.package_identification:_identify(src) by extensions ['colcon_pkg']
[0.772s] Level 1:colcon.colcon_core.package_identification:_identify(src) by extension 'colcon_pkg'
[0.772s] Level 1:colcon.colcon_core.package_identification:_identify(src) by extensions ['colcon_meta']
[0.772s] Level 1:colcon.colcon_core.package_identification:_identify(src) by extension 'colcon_meta'
[0.772s] Level 1:colcon.colcon_core.package_identification:_identify(src) by extensions ['ros']
[0.772s] Level 1:colcon.colcon_core.package_identification:_identify(src) by extension 'ros'
[0.772s] Level 1:colcon.colcon_core.package_identification:_identify(src) by extensions ['cmake', 'python']
[0.772s] Level 1:colcon.colcon_core.package_identification:_identify(src) by extension 'cmake'
[0.772s] Level 1:colcon.colcon_core.package_identification:_identify(src) by extension 'python'
[0.772s] Level 1:colcon.colcon_core.package_identification:_identify(src) by extensions ['python_setup_py']
[0.772s] Level 1:colcon.colcon_core.package_identification:_identify(src) by extension 'python_setup_py'
[0.772s] Level 1:colcon.colcon_core.package_identification:_identify(src/custom_interfaces) by extensions ['ignore', 'ignore_ament_install']
[0.772s] Level 1:colcon.colcon_core.package_identification:_identify(src/custom_interfaces) by extension 'ignore'
[0.772s] Level 1:colcon.colcon_core.package_identification:_identify(src/custom_interfaces) by extension 'ignore_ament_install'
[0.772s] Level 1:colcon.colcon_core.package_identification:_identify(src/custom_interfaces) by extensions ['colcon_pkg']
[0.772s] Level 1:colcon.colcon_core.package_identification:_identify(src/custom_interfaces) by extension 'colcon_pkg'
[0.772s] Level 1:colcon.colcon_core.package_identification:_identify(src/custom_interfaces) by extensions ['colcon_meta']
[0.772s] Level 1:colcon.colcon_core.package_identification:_identify(src/custom_interfaces) by extension 'colcon_meta'
[0.772s] Level 1:colcon.colcon_core.package_identification:_identify(src/custom_interfaces) by extensions ['ros']
[0.772s] Level 1:colcon.colcon_core.package_identification:_identify(src/custom_interfaces) by extension 'ros'
[0.774s] DEBUG:colcon.colcon_core.package_identification:Package 'src/custom_interfaces' with type 'ros.ament_cmake' and name 'custom_interfaces'
[0.774s] Level 1:colcon.colcon_core.package_identification:_identify(src/shimmer_emg) by extensions ['ignore', 'ignore_ament_install']
[0.774s] Level 1:colcon.colcon_core.package_identification:_identify(src/shimmer_emg) by extension 'ignore'
[0.774s] Level 1:colcon.colcon_core.package_identification:_identify(src/shimmer_emg) by extension 'ignore_ament_install'
[0.774s] Level 1:colcon.colcon_core.package_identification:_identify(src/shimmer_emg) by extensions ['colcon_pkg']
[0.774s] Level 1:colcon.colcon_core.package_identification:_identify(src/shimmer_emg) by extension 'colcon_pkg'
[0.774s] Level 1:colcon.colcon_core.package_identification:_identify(src/shimmer_emg) by extensions ['colcon_meta']
[0.774s] Level 1:colcon.colcon_core.package_identification:_identify(src/shimmer_emg) by extension 'colcon_meta'
[0.774s] Level 1:colcon.colcon_core.package_identification:_identify(src/shimmer_emg) by extensions ['ros']
[0.774s] Level 1:colcon.colcon_core.package_identification:_identify(src/shimmer_emg) by extension 'ros'
[0.775s] DEBUG:colcon.colcon_core.package_identification:Package 'src/shimmer_emg' with type 'ros.ament_python' and name 'shimmer_emg'
[0.775s] Level 1:colcon.colcon_core.package_discovery:discover_packages(recursive) using defaults
[0.775s] Level 1:colcon.colcon_core.package_discovery:discover_packages(ignore) discover
[0.775s] Level 1:colcon.colcon_core.package_discovery:discover_packages(ignore) using defaults
[0.775s] Level 1:colcon.colcon_core.package_discovery:discover_packages(path) discover
[0.775s] Level 1:colcon.colcon_core.package_discovery:discover_packages(path) using defaults
[0.844s] Level 1:colcon.colcon_core.package_discovery:discover_packages(prefix_path) check parameters
[0.844s] Level 1:colcon.colcon_core.package_discovery:discover_packages(prefix_path) discover
[0.867s] DEBUG:colcon.colcon_installed_package_information.package_discovery:Found 2 installed packages in /home/william/repos/control_system_ws/install
[0.878s] DEBUG:colcon.colcon_installed_package_information.package_discovery:Found 273 installed packages in /opt/ros/humble
[0.879s] Level 1:colcon.colcon_core.package_discovery:discover_packages(prefix_path) using defaults
[0.934s] Level 5:colcon.colcon_core.verb:set package 'custom_interfaces' build argument 'cmake_args' from command line to 'None'
[0.934s] Level 5:colcon.colcon_core.verb:set package 'custom_interfaces' build argument 'cmake_target' from command line to 'None'
[0.934s] Level 5:colcon.colcon_core.verb:set package 'custom_interfaces' build argument 'cmake_target_skip_unavailable' from command line to 'False'
[0.934s] Level 5:colcon.colcon_core.verb:set package 'custom_interfaces' build argument 'cmake_clean_cache' from command line to 'False'
[0.934s] Level 5:colcon.colcon_core.verb:set package 'custom_interfaces' build argument 'cmake_clean_first' from command line to 'False'
[0.934s] Level 5:colcon.colcon_core.verb:set package 'custom_interfaces' build argument 'cmake_force_configure' from command line to 'False'
[0.934s] Level 5:colcon.colcon_core.verb:set package 'custom_interfaces' build argument 'ament_cmake_args' from command line to 'None'
[0.934s] Level 5:colcon.colcon_core.verb:set package 'custom_interfaces' build argument 'catkin_cmake_args' from command line to 'None'
[0.934s] Level 5:colcon.colcon_core.verb:set package 'custom_interfaces' build argument 'catkin_skip_building_tests' from command line to 'False'
[0.934s] DEBUG:colcon.colcon_core.verb:Building package 'custom_interfaces' with the following arguments: {'ament_cmake_args': None, 'build_base': '/home/william/repos/control_system_ws/build/custom_interfaces', 'catkin_cmake_args': None, 'catkin_skip_building_tests': False, 'cmake_args': None, 'cmake_clean_cache': False, 'cmake_clean_first': False, 'cmake_force_configure': False, 'cmake_target': None, 'cmake_target_skip_unavailable': False, 'install_base': '/home/william/repos/control_system_ws/install/custom_interfaces', 'merge_install': False, 'path': '/home/william/repos/control_system_ws/src/custom_interfaces', 'symlink_install': False, 'test_result_base': None}
[0.945s] Level 5:colcon.colcon_core.verb:set package 'shimmer_emg' build argument 'cmake_args' from command line to 'None'
[0.945s] Level 5:colcon.colcon_core.verb:set package 'shimmer_emg' build argument 'cmake_target' from command line to 'None'
[0.945s] Level 5:colcon.colcon_core.verb:set package 'shimmer_emg' build argument 'cmake_target_skip_unavailable' from command line to 'False'
[0.945s] Level 5:colcon.colcon_core.verb:set package 'shimmer_emg' build argument 'cmake_clean_cache' from command line to 'False'
[0.945s] Level 5:colcon.colcon_core.verb:set package 'shimmer_emg' build argument 'cmake_clean_first' from command line to 'False'
[0.945s] Level 5:colcon.colcon_core.verb:set package 'shimmer_emg' build argument 'cmake_force_configure' from command line to 'False'
[0.945s] Level 5:colcon.colcon_core.verb:set package 'shimmer_emg' build argument 'ament_cmake_args' from command line to 'None'
[0.945s] Level 5:colcon.colcon_core.verb:set package 'shimmer_emg' build argument 'catkin_cmake_args' from command line to 'None'
[0.945s] Level 5:colcon.colcon_core.verb:set package 'shimmer_emg' build argument 'catkin_skip_building_tests' from command line to 'False'
[0.945s] DEBUG:colcon.colcon_core.verb:Building package 'shimmer_emg' with the following arguments: {'ament_cmake_args': None, 'build_base': '/home/william/repos/control_system_ws/build/shimmer_emg', 'catkin_cmake_args': None, 'catkin_skip_building_tests': False, 'cmake_args': None, 'cmake_clean_cache': False, 'cmake_clean_first': False, 'cmake_force_configure': False, 'cmake_target': None, 'cmake_target_skip_unavailable': False, 'install_base': '/home/william/repos/control_system_ws/install/shimmer_emg', 'merge_install': False, 'path': '/home/william/repos/control_system_ws/src/shimmer_emg', 'symlink_install': False, 'test_result_base': None}
[0.955s] INFO:colcon.colcon_core.executor:Executing jobs using 'parallel' executor
[0.966s] DEBUG:colcon.colcon_parallel_executor.executor.parallel:run_until_complete
[0.966s] INFO:colcon.colcon_ros.task.ament_cmake.build:Building ROS package in '/home/william/repos/control_system_ws/src/custom_interfaces' with build type 'ament_cmake'
[0.967s] INFO:colcon.colcon_cmake.task.cmake.build:Building CMake package in '/home/william/repos/control_system_ws/src/custom_interfaces'
[0.978s] INFO:colcon.colcon_core.plugin_system:Skipping extension 'colcon_core.shell.bat': Not used on non-Windows systems
[0.978s] INFO:colcon.colcon_core.shell:Skip shell extension 'powershell' for command environment: Not usable outside of PowerShell
[0.978s] DEBUG:colcon.colcon_core.shell:Skip shell extension 'dsv' for command environment
[1.018s] DEBUG:colcon.colcon_core.event_handler.log_command:Invoking command in '/home/william/repos/control_system_ws/build/custom_interfaces': CMAKE_PREFIX_PATH=${CMAKE_PREFIX_PATH}:/home/william/repos/control_system_ws/install/shimmer_emg:/opt/ros/humble /usr/bin/cmake --build /home/william/repos/control_system_ws/build/custom_interfaces -- -j16 -l16
[1.300s] DEBUG:colcon.colcon_core.event_handler.log_command:Invoked command in '/home/william/repos/control_system_ws/build/custom_interfaces' returned '0': CMAKE_PREFIX_PATH=${CMAKE_PREFIX_PATH}:/home/william/repos/control_system_ws/install/shimmer_emg:/opt/ros/humble /usr/bin/cmake --build /home/william/repos/control_system_ws/build/custom_interfaces -- -j16 -l16
[1.370s] DEBUG:colcon.colcon_core.event_handler.log_command:Invoking command in '/home/william/repos/control_system_ws/build/custom_interfaces': CMAKE_PREFIX_PATH=${CMAKE_PREFIX_PATH}:/home/william/repos/control_system_ws/install/shimmer_emg:/opt/ros/humble /usr/bin/cmake --install /home/william/repos/control_system_ws/build/custom_interfaces
[1.414s] Level 1:colcon.colcon_core.environment:create_environment_scripts_only(custom_interfaces)
[1.414s] DEBUG:colcon.colcon_core.event_handler.log_command:Invoked command in '/home/william/repos/control_system_ws/build/custom_interfaces' returned '0': CMAKE_PREFIX_PATH=${CMAKE_PREFIX_PATH}:/home/william/repos/control_system_ws/install/shimmer_emg:/opt/ros/humble /usr/bin/cmake --install /home/william/repos/control_system_ws/build/custom_interfaces
[1.428s] Level 1:colcon.colcon_core.environment:checking '/home/william/repos/control_system_ws/install/custom_interfaces' for CMake module files
[1.429s] Level 1:colcon.colcon_core.environment:checking '/home/william/repos/control_system_ws/install/custom_interfaces' for CMake config files
[1.429s] Level 1:colcon.colcon_core.shell:create_environment_hook('custom_interfaces', 'cmake_prefix_path')
[1.440s] INFO:colcon.colcon_core.shell:Creating environment hook '/home/william/repos/control_system_ws/install/custom_interfaces/share/custom_interfaces/hook/cmake_prefix_path.ps1'
[1.440s] INFO:colcon.colcon_core.shell:Creating environment descriptor '/home/william/repos/control_system_ws/install/custom_interfaces/share/custom_interfaces/hook/cmake_prefix_path.dsv'
[1.441s] INFO:colcon.colcon_core.shell:Creating environment hook '/home/william/repos/control_system_ws/install/custom_interfaces/share/custom_interfaces/hook/cmake_prefix_path.sh'
[1.441s] Level 1:colcon.colcon_core.environment:checking '/home/william/repos/control_system_ws/install/custom_interfaces/lib'
[1.442s] Level 1:colcon.colcon_core.shell:create_environment_hook('custom_interfaces', 'ld_library_path_lib')
[1.452s] INFO:colcon.colcon_core.shell:Creating environment hook '/home/william/repos/control_system_ws/install/custom_interfaces/share/custom_interfaces/hook/ld_library_path_lib.ps1'
[1.453s] INFO:colcon.colcon_core.shell:Creating environment descriptor '/home/william/repos/control_system_ws/install/custom_interfaces/share/custom_interfaces/hook/ld_library_path_lib.dsv'
[1.453s] INFO:colcon.colcon_core.shell:Creating environment hook '/home/william/repos/control_system_ws/install/custom_interfaces/share/custom_interfaces/hook/ld_library_path_lib.sh'
[1.453s] Level 1:colcon.colcon_core.environment:checking '/home/william/repos/control_system_ws/install/custom_interfaces/bin'
[1.453s] Level 1:colcon.colcon_core.environment:checking '/home/william/repos/control_system_ws/install/custom_interfaces/lib/pkgconfig/custom_interfaces.pc'
[1.454s] Level 1:colcon.colcon_core.environment:checking '/home/william/repos/control_system_ws/install/custom_interfaces/lib/python3.10/site-packages'
[1.454s] Level 1:colcon.colcon_core.environment:checking '/home/william/repos/control_system_ws/install/custom_interfaces/bin'
[1.465s] INFO:colcon.colcon_core.shell:Creating package script '/home/william/repos/control_system_ws/install/custom_interfaces/share/custom_interfaces/package.ps1'
[1.465s] INFO:colcon.colcon_core.shell:Creating package descriptor '/home/william/repos/control_system_ws/install/custom_interfaces/share/custom_interfaces/package.dsv'
[1.466s] INFO:colcon.colcon_core.shell:Creating package script '/home/william/repos/control_system_ws/install/custom_interfaces/share/custom_interfaces/package.sh'
[1.466s] INFO:colcon.colcon_core.shell:Creating package script '/home/william/repos/control_system_ws/install/custom_interfaces/share/custom_interfaces/package.bash'
[1.467s] INFO:colcon.colcon_core.shell:Creating package script '/home/william/repos/control_system_ws/install/custom_interfaces/share/custom_interfaces/package.zsh'
[1.467s] Level 1:colcon.colcon_core.environment:create_file_with_runtime_dependencies(/home/william/repos/control_system_ws/install/custom_interfaces/share/colcon-core/packages/custom_interfaces)
[1.537s] Level 1:colcon.colcon_core.environment:create_environment_scripts_only(custom_interfaces)
[1.547s] Level 1:colcon.colcon_core.environment:checking '/home/william/repos/control_system_ws/install/custom_interfaces' for CMake module files
[1.548s] Level 1:colcon.colcon_core.environment:checking '/home/william/repos/control_system_ws/install/custom_interfaces' for CMake config files
[1.548s] Level 1:colcon.colcon_core.shell:create_environment_hook('custom_interfaces', 'cmake_prefix_path')
[1.559s] INFO:colcon.colcon_core.shell:Creating environment hook '/home/william/repos/control_system_ws/install/custom_interfaces/share/custom_interfaces/hook/cmake_prefix_path.ps1'
[1.559s] INFO:colcon.colcon_core.shell:Creating environment descriptor '/home/william/repos/control_system_ws/install/custom_interfaces/share/custom_interfaces/hook/cmake_prefix_path.dsv'
[1.560s] INFO:colcon.colcon_core.shell:Creating environment hook '/home/william/repos/control_system_ws/install/custom_interfaces/share/custom_interfaces/hook/cmake_prefix_path.sh'
[1.560s] Level 1:colcon.colcon_core.environment:checking '/home/william/repos/control_system_ws/install/custom_interfaces/lib'
[1.560s] Level 1:colcon.colcon_core.shell:create_environment_hook('custom_interfaces', 'ld_library_path_lib')
[1.571s] INFO:colcon.colcon_core.shell:Creating environment hook '/home/william/repos/control_system_ws/install/custom_interfaces/share/custom_interfaces/hook/ld_library_path_lib.ps1'
[1.572s] INFO:colcon.colcon_core.shell:Creating environment descriptor '/home/william/repos/control_system_ws/install/custom_interfaces/share/custom_interfaces/hook/ld_library_path_lib.dsv'
[1.572s] INFO:colcon.colcon_core.shell:Creating environment hook '/home/william/repos/control_system_ws/install/custom_interfaces/share/custom_interfaces/hook/ld_library_path_lib.sh'
[1.572s] Level 1:colcon.colcon_core.environment:checking '/home/william/repos/control_system_ws/install/custom_interfaces/bin'
[1.572s] Level 1:colcon.colcon_core.environment:checking '/home/william/repos/control_system_ws/install/custom_interfaces/lib/pkgconfig/custom_interfaces.pc'
[1.572s] Level 1:colcon.colcon_core.environment:checking '/home/william/repos/control_system_ws/install/custom_interfaces/lib/python3.10/site-packages'
[1.572s] Level 1:colcon.colcon_core.environment:checking '/home/william/repos/control_system_ws/install/custom_interfaces/bin'
[1.583s] INFO:colcon.colcon_core.shell:Creating package script '/home/william/repos/control_system_ws/install/custom_interfaces/share/custom_interfaces/package.ps1'
[1.583s] INFO:colcon.colcon_core.shell:Creating package descriptor '/home/william/repos/control_system_ws/install/custom_interfaces/share/custom_interfaces/package.dsv'
[1.584s] INFO:colcon.colcon_core.shell:Creating package script '/home/william/repos/control_system_ws/install/custom_interfaces/share/custom_interfaces/package.sh'
[1.584s] INFO:colcon.colcon_core.shell:Creating package script '/home/william/repos/control_system_ws/install/custom_interfaces/share/custom_interfaces/package.bash'
[1.584s] INFO:colcon.colcon_core.shell:Creating package script '/home/william/repos/control_system_ws/install/custom_interfaces/share/custom_interfaces/package.zsh'
[1.585s] Level 1:colcon.colcon_core.environment:create_file_with_runtime_dependencies(/home/william/repos/control_system_ws/install/custom_interfaces/share/colcon-core/packages/custom_interfaces)
[1.585s] INFO:colcon.colcon_ros.task.ament_python.build:Building ROS package in '/home/william/repos/control_system_ws/src/shimmer_emg' with build type 'ament_python'
[1.585s] Level 1:colcon.colcon_core.shell:create_environment_hook('shimmer_emg', 'ament_prefix_path')
[1.596s] INFO:colcon.colcon_core.shell:Creating environment hook '/home/william/repos/control_system_ws/install/shimmer_emg/share/shimmer_emg/hook/ament_prefix_path.ps1'
[1.596s] INFO:colcon.colcon_core.shell:Creating environment descriptor '/home/william/repos/control_system_ws/install/shimmer_emg/share/shimmer_emg/hook/ament_prefix_path.dsv'
[1.597s] INFO:colcon.colcon_core.shell:Creating environment hook '/home/william/repos/control_system_ws/install/shimmer_emg/share/shimmer_emg/hook/ament_prefix_path.sh'
[1.609s] INFO:colcon.colcon_core.shell:Skip shell extension 'powershell' for command environment: Not usable outside of PowerShell
[1.609s] DEBUG:colcon.colcon_core.shell:Skip shell extension 'dsv' for command environment
[1.787s] INFO:colcon.colcon_core.task.python.build:Building Python package in '/home/william/repos/control_system_ws/src/shimmer_emg'
[1.798s] INFO:colcon.colcon_core.shell:Skip shell extension 'powershell' for command environment: Not usable outside of PowerShell
[1.799s] DEBUG:colcon.colcon_core.shell:Skip shell extension 'dsv' for command environment
[2.207s] DEBUG:colcon.colcon_core.event_handler.log_command:Invoking command in '/home/william/repos/control_system_ws/src/shimmer_emg': PYTHONPATH=/home/william/repos/control_system_ws/build/shimmer_emg/prefix_override:/home/william/repos/control_system_ws/install/shimmer_emg/lib/python3.10/site-packages:${PYTHONPATH} /usr/bin/python3 setup.py egg_info --egg-base ../../build/shimmer_emg build --build-base /home/william/repos/control_system_ws/build/shimmer_emg/build install --record /home/william/repos/control_system_ws/build/shimmer_emg/install.log --single-version-externally-managed
[2.558s] DEBUG:colcon.colcon_core.event_handler.log_command:Invoked command in '/home/william/repos/control_system_ws/src/shimmer_emg' returned '0': PYTHONPATH=/home/william/repos/control_system_ws/build/shimmer_emg/prefix_override:/home/william/repos/control_system_ws/install/shimmer_emg/lib/python3.10/site-packages:${PYTHONPATH} /usr/bin/python3 setup.py egg_info --egg-base ../../build/shimmer_emg build --build-base /home/william/repos/control_system_ws/build/shimmer_emg/build install --record /home/william/repos/control_system_ws/build/shimmer_emg/install.log --single-version-externally-managed
[2.569s] Level 1:colcon.colcon_core.environment:checking '/home/william/repos/control_system_ws/install/shimmer_emg' for CMake module files
[2.569s] Level 1:colcon.colcon_core.environment:checking '/home/william/repos/control_system_ws/install/shimmer_emg' for CMake config files
[2.570s] Level 1:colcon.colcon_core.environment:checking '/home/william/repos/control_system_ws/install/shimmer_emg/lib'
[2.570s] Level 1:colcon.colcon_core.environment:checking '/home/william/repos/control_system_ws/install/shimmer_emg/bin'
[2.570s] Level 1:colcon.colcon_core.environment:checking '/home/william/repos/control_system_ws/install/shimmer_emg/lib/pkgconfig/shimmer_emg.pc'
[2.570s] Level 1:colcon.colcon_core.environment:checking '/home/william/repos/control_system_ws/install/shimmer_emg/lib/python3.10/site-packages'
[2.570s] Level 1:colcon.colcon_core.shell:create_environment_hook('shimmer_emg', 'pythonpath')
[2.581s] INFO:colcon.colcon_core.shell:Creating environment hook '/home/william/repos/control_system_ws/install/shimmer_emg/share/shimmer_emg/hook/pythonpath.ps1'
[2.581s] INFO:colcon.colcon_core.shell:Creating environment descriptor '/home/william/repos/control_system_ws/install/shimmer_emg/share/shimmer_emg/hook/pythonpath.dsv'
[2.581s] INFO:colcon.colcon_core.shell:Creating environment hook '/home/william/repos/control_system_ws/install/shimmer_emg/share/shimmer_emg/hook/pythonpath.sh'
[2.582s] Level 1:colcon.colcon_core.environment:checking '/home/william/repos/control_system_ws/install/shimmer_emg/bin'
[2.582s] Level 1:colcon.colcon_core.environment:create_environment_scripts_only(shimmer_emg)
[2.592s] INFO:colcon.colcon_core.shell:Creating package script '/home/william/repos/control_system_ws/install/shimmer_emg/share/shimmer_emg/package.ps1'
[2.593s] INFO:colcon.colcon_core.shell:Creating package descriptor '/home/william/repos/control_system_ws/install/shimmer_emg/share/shimmer_emg/package.dsv'
[2.593s] INFO:colcon.colcon_core.shell:Creating package script '/home/william/repos/control_system_ws/install/shimmer_emg/share/shimmer_emg/package.sh'
[2.593s] INFO:colcon.colcon_core.shell:Creating package script '/home/william/repos/control_system_ws/install/shimmer_emg/share/shimmer_emg/package.bash'
[2.593s] INFO:colcon.colcon_core.shell:Creating package script '/home/william/repos/control_system_ws/install/shimmer_emg/share/shimmer_emg/package.zsh'
[2.594s] Level 1:colcon.colcon_core.environment:create_file_with_runtime_dependencies(/home/william/repos/control_system_ws/install/shimmer_emg/share/colcon-core/packages/shimmer_emg)
[2.594s] DEBUG:colcon.colcon_parallel_executor.executor.parallel:closing loop
[2.594s] DEBUG:colcon.colcon_parallel_executor.executor.parallel:loop closed
[2.594s] DEBUG:colcon.colcon_parallel_executor.executor.parallel:run_until_complete finished with '0'
[2.594s] DEBUG:colcon.colcon_core.event_reactor:joining thread
[2.611s] INFO:colcon.colcon_core.plugin_system:Skipping extension 'colcon_notification.desktop_notification.terminal_notifier': Not used on non-Darwin systems
[2.611s] INFO:colcon.colcon_core.plugin_system:Skipping extension 'colcon_notification.desktop_notification.win32': Not used on non-Windows systems
[2.611s] INFO:colcon.colcon_notification.desktop_notification:Sending desktop notification using 'notify2'
[2.621s] DEBUG:colcon.colcon_core.event_reactor:joined thread
[2.633s] INFO:colcon.colcon_core.shell:Creating prefix script '/home/william/repos/control_system_ws/install/local_setup.ps1'
[2.634s] INFO:colcon.colcon_core.shell:Creating prefix util module '/home/william/repos/control_system_ws/install/_local_setup_util_ps1.py'
[2.635s] INFO:colcon.colcon_core.shell:Creating prefix chain script '/home/william/repos/control_system_ws/install/setup.ps1'
[2.647s] INFO:colcon.colcon_core.shell:Creating prefix script '/home/william/repos/control_system_ws/install/local_setup.sh'
[2.648s] INFO:colcon.colcon_core.shell:Creating prefix util module '/home/william/repos/control_system_ws/install/_local_setup_util_sh.py'
[2.648s] INFO:colcon.colcon_core.shell:Creating prefix chain script '/home/william/repos/control_system_ws/install/setup.sh'
[2.684s] INFO:colcon.colcon_core.shell:Creating prefix script '/home/william/repos/control_system_ws/install/local_setup.bash'
[2.684s] INFO:colcon.colcon_core.shell:Creating prefix chain script '/home/william/repos/control_system_ws/install/setup.bash'
[2.699s] INFO:colcon.colcon_core.shell:Creating prefix script '/home/william/repos/control_system_ws/install/local_setup.zsh'
[2.699s] INFO:colcon.colcon_core.shell:Creating prefix chain script '/home/william/repos/control_system_ws/install/setup.zsh'
