running egg_info
writing ../../build/shimmer_emg/shimmer_emg.egg-info/PKG-INFO
writing dependency_links to ../../build/shimmer_emg/shimmer_emg.egg-info/dependency_links.txt
writing entry points to ../../build/shimmer_emg/shimmer_emg.egg-info/entry_points.txt
writing requirements to ../../build/shimmer_emg/shimmer_emg.egg-info/requires.txt
writing top-level names to ../../build/shimmer_emg/shimmer_emg.egg-info/top_level.txt
reading manifest file '../../build/shimmer_emg/shimmer_emg.egg-info/SOURCES.txt'
writing manifest file '../../build/shimmer_emg/shimmer_emg.egg-info/SOURCES.txt'
running build
running build_py
copying shimmer_emg/shimmer.py -> /home/william/repos/control_system_ws/build/shimmer_emg/build/lib/shimmer_emg
copying shimmer_emg/imu_emg_aq.py -> /home/william/repos/control_system_ws/build/shimmer_emg/build/lib/shimmer_emg
copying shimmer_emg/plot_data.py -> /home/william/repos/control_system_ws/build/shimmer_emg/build/lib/shimmer_emg
copying shimmer_emg/config.py -> /home/william/repos/control_system_ws/build/shimmer_emg/build/lib/shimmer_emg
copying shimmer_emg/train_svm.py -> /home/william/repos/control_system_ws/build/shimmer_emg/build/lib/shimmer_emg
copying shimmer_emg/pca_test.py -> /home/william/repos/control_system_ws/build/shimmer_emg/build/lib/shimmer_emg
copying shimmer_emg/tcn_train.py -> /home/william/repos/control_system_ws/build/shimmer_emg/build/lib/shimmer_emg
copying shimmer_emg/random_forest_train.py -> /home/william/repos/control_system_ws/build/shimmer_emg/build/lib/shimmer_emg
copying shimmer_emg/rnn_train.py -> /home/william/repos/control_system_ws/build/shimmer_emg/build/lib/shimmer_emg
copying shimmer_emg/util.py -> /home/william/repos/control_system_ws/build/shimmer_emg/build/lib/shimmer_emg
copying shimmer_emg/__init__.py -> /home/william/repos/control_system_ws/build/shimmer_emg/build/lib/shimmer_emg
copying shimmer_emg/data_acquisition.py -> /home/william/repos/control_system_ws/build/shimmer_emg/build/lib/shimmer_emg
copying shimmer_emg/rp_enable_dc.py -> /home/william/repos/control_system_ws/build/shimmer_emg/build/lib/shimmer_emg
copying shimmer_emg/record_data.py -> /home/william/repos/control_system_ws/build/shimmer_emg/build/lib/shimmer_emg
running install
running install_lib
copying /home/william/repos/control_system_ws/build/shimmer_emg/build/lib/shimmer_emg/tcn_train.py -> /home/william/repos/control_system_ws/install/shimmer_emg/lib/python3.10/site-packages/shimmer_emg
copying /home/william/repos/control_system_ws/build/shimmer_emg/build/lib/shimmer_emg/random_forest_train.py -> /home/william/repos/control_system_ws/install/shimmer_emg/lib/python3.10/site-packages/shimmer_emg
byte-compiling /home/william/repos/control_system_ws/install/shimmer_emg/lib/python3.10/site-packages/shimmer_emg/tcn_train.py to tcn_train.cpython-310.pyc
byte-compiling /home/william/repos/control_system_ws/install/shimmer_emg/lib/python3.10/site-packages/shimmer_emg/random_forest_train.py to random_forest_train.cpython-310.pyc
running install_data
copying resource/shimmer_emg -> /home/william/repos/control_system_ws/install/shimmer_emg/share/ament_index/resource_index/packages
copying package.xml -> /home/william/repos/control_system_ws/install/shimmer_emg/share/shimmer_emg
running install_egg_info
removing '/home/william/repos/control_system_ws/install/shimmer_emg/lib/python3.10/site-packages/shimmer_emg-0.0.0-py3.10.egg-info' (and everything under it)
Copying ../../build/shimmer_emg/shimmer_emg.egg-info to /home/william/repos/control_system_ws/install/shimmer_emg/lib/python3.10/site-packages/shimmer_emg-0.0.0-py3.10.egg-info
running install_scripts
Installing data_acquisition script to /home/william/repos/control_system_ws/install/shimmer_emg/lib/shimmer_emg
Installing imu_emg_aq script to /home/william/repos/control_system_ws/install/shimmer_emg/lib/shimmer_emg
Installing plot_data script to /home/william/repos/control_system_ws/install/shimmer_emg/lib/shimmer_emg
Installing record_data script to /home/william/repos/control_system_ws/install/shimmer_emg/lib/shimmer_emg
Installing rp_enable_dc script to /home/william/repos/control_system_ws/install/shimmer_emg/lib/shimmer_emg
writing list of installed files to '/home/william/repos/control_system_ws/build/shimmer_emg/install.log'
