[0.111s] DEBUG:colcon:Command line arguments: ['/usr/bin/colcon', 'build']
[0.111s] DEBUG:colcon:Parsed command line arguments: Namespace(log_base=None, log_level=None, verb_name='build', build_base='build', install_base='install', merge_install=False, symlink_install=False, test_result_base=None, continue_on_error=False, executor='parallel', parallel_workers=16, event_handlers=None, ignore_user_meta=False, metas=['./colcon.meta'], base_paths=['.'], packages_ignore=None, packages_ignore_regex=None, paths=None, packages_up_to=None, packages_up_to_regex=None, packages_above=None, packages_above_and_dependencies=None, packages_above_depth=None, packages_select_by_dep=None, packages_skip_by_dep=None, packages_skip_up_to=None, packages_select_build_failed=False, packages_skip_build_finished=False, packages_select_test_failures=False, packages_skip_test_passed=False, packages_select=None, packages_skip=None, packages_select_regex=None, packages_skip_regex=None, packages_start=None, packages_end=None, allow_overriding=[], cmake_args=None, cmake_target=None, cmake_target_skip_unavailable=False, cmake_clean_cache=False, cmake_clean_first=False, cmake_force_configure=False, ament_cmake_args=None, catkin_cmake_args=None, catkin_skip_building_tests=False, verb_parser=<colcon_defaults.argument_parser.defaults.DefaultArgumentsDecorator object at 0x79dcb5f288b0>, verb_extension=<colcon_core.verb.build.BuildVerb object at 0x79dcb6025420>, main=<bound method BuildVerb.main of <colcon_core.verb.build.BuildVerb object at 0x79dcb6025420>>)
[0.151s] Level 1:colcon.colcon_core.package_discovery:discover_packages(colcon_meta) check parameters
[0.151s] Level 1:colcon.colcon_core.package_discovery:discover_packages(recursive) check parameters
[0.151s] Level 1:colcon.colcon_core.package_discovery:discover_packages(ignore) check parameters
[0.151s] Level 1:colcon.colcon_core.package_discovery:discover_packages(path) check parameters
[0.151s] Level 1:colcon.colcon_core.package_discovery:discover_packages(colcon_meta) discover
[0.151s] Level 1:colcon.colcon_core.package_discovery:discover_packages(recursive) discover
[0.151s] INFO:colcon.colcon_core.package_discovery:Crawling recursively for packages in '/home/william/repos/control_system_ws'
[0.151s] Level 1:colcon.colcon_core.package_identification:_identify(.) by extensions ['ignore', 'ignore_ament_install']
[0.152s] Level 1:colcon.colcon_core.package_identification:_identify(.) by extension 'ignore'
[0.152s] Level 1:colcon.colcon_core.package_identification:_identify(.) by extension 'ignore_ament_install'
[0.152s] Level 1:colcon.colcon_core.package_identification:_identify(.) by extensions ['colcon_pkg']
[0.152s] Level 1:colcon.colcon_core.package_identification:_identify(.) by extension 'colcon_pkg'
[0.152s] Level 1:colcon.colcon_core.package_identification:_identify(.) by extensions ['colcon_meta']
[0.152s] Level 1:colcon.colcon_core.package_identification:_identify(.) by extension 'colcon_meta'
[0.152s] Level 1:colcon.colcon_core.package_identification:_identify(.) by extensions ['ros']
[0.152s] Level 1:colcon.colcon_core.package_identification:_identify(.) by extension 'ros'
[0.167s] Level 1:colcon.colcon_core.package_identification:_identify(.) by extensions ['cmake', 'python']
[0.168s] Level 1:colcon.colcon_core.package_identification:_identify(.) by extension 'cmake'
[0.168s] Level 1:colcon.colcon_core.package_identification:_identify(.) by extension 'python'
[0.168s] Level 1:colcon.colcon_core.package_identification:_identify(.) by extensions ['python_setup_py']
[0.168s] Level 1:colcon.colcon_core.package_identification:_identify(.) by extension 'python_setup_py'
[0.168s] Level 1:colcon.colcon_core.package_identification:_identify(build) by extensions ['ignore', 'ignore_ament_install']
[0.168s] Level 1:colcon.colcon_core.package_identification:_identify(build) by extension 'ignore'
[0.168s] Level 1:colcon.colcon_core.package_identification:_identify(build) ignored
[0.168s] Level 1:colcon.colcon_core.package_identification:_identify(install) by extensions ['ignore', 'ignore_ament_install']
[0.168s] Level 1:colcon.colcon_core.package_identification:_identify(install) by extension 'ignore'
[0.168s] Level 1:colcon.colcon_core.package_identification:_identify(install) ignored
[0.169s] Level 1:colcon.colcon_core.package_identification:_identify(log) by extensions ['ignore', 'ignore_ament_install']
[0.169s] Level 1:colcon.colcon_core.package_identification:_identify(log) by extension 'ignore'
[0.169s] Level 1:colcon.colcon_core.package_identification:_identify(log) ignored
[0.169s] Level 1:colcon.colcon_core.package_identification:_identify(src) by extensions ['ignore', 'ignore_ament_install']
[0.169s] Level 1:colcon.colcon_core.package_identification:_identify(src) by extension 'ignore'
[0.169s] Level 1:colcon.colcon_core.package_identification:_identify(src) by extension 'ignore_ament_install'
[0.169s] Level 1:colcon.colcon_core.package_identification:_identify(src) by extensions ['colcon_pkg']
[0.169s] Level 1:colcon.colcon_core.package_identification:_identify(src) by extension 'colcon_pkg'
[0.169s] Level 1:colcon.colcon_core.package_identification:_identify(src) by extensions ['colcon_meta']
[0.169s] Level 1:colcon.colcon_core.package_identification:_identify(src) by extension 'colcon_meta'
[0.169s] Level 1:colcon.colcon_core.package_identification:_identify(src) by extensions ['ros']
[0.169s] Level 1:colcon.colcon_core.package_identification:_identify(src) by extension 'ros'
[0.169s] Level 1:colcon.colcon_core.package_identification:_identify(src) by extensions ['cmake', 'python']
[0.169s] Level 1:colcon.colcon_core.package_identification:_identify(src) by extension 'cmake'
[0.169s] Level 1:colcon.colcon_core.package_identification:_identify(src) by extension 'python'
[0.169s] Level 1:colcon.colcon_core.package_identification:_identify(src) by extensions ['python_setup_py']
[0.169s] Level 1:colcon.colcon_core.package_identification:_identify(src) by extension 'python_setup_py'
[0.169s] Level 1:colcon.colcon_core.package_identification:_identify(src/custom_interfaces) by extensions ['ignore', 'ignore_ament_install']
[0.170s] Level 1:colcon.colcon_core.package_identification:_identify(src/custom_interfaces) by extension 'ignore'
[0.170s] Level 1:colcon.colcon_core.package_identification:_identify(src/custom_interfaces) by extension 'ignore_ament_install'
[0.170s] Level 1:colcon.colcon_core.package_identification:_identify(src/custom_interfaces) by extensions ['colcon_pkg']
[0.170s] Level 1:colcon.colcon_core.package_identification:_identify(src/custom_interfaces) by extension 'colcon_pkg'
[0.170s] Level 1:colcon.colcon_core.package_identification:_identify(src/custom_interfaces) by extensions ['colcon_meta']
[0.170s] Level 1:colcon.colcon_core.package_identification:_identify(src/custom_interfaces) by extension 'colcon_meta'
[0.170s] Level 1:colcon.colcon_core.package_identification:_identify(src/custom_interfaces) by extensions ['ros']
[0.170s] Level 1:colcon.colcon_core.package_identification:_identify(src/custom_interfaces) by extension 'ros'
[0.172s] DEBUG:colcon.colcon_core.package_identification:Package 'src/custom_interfaces' with type 'ros.ament_cmake' and name 'custom_interfaces'
[0.172s] Level 1:colcon.colcon_core.package_identification:_identify(src/shimmer_emg) by extensions ['ignore', 'ignore_ament_install']
[0.172s] Level 1:colcon.colcon_core.package_identification:_identify(src/shimmer_emg) by extension 'ignore'
[0.172s] Level 1:colcon.colcon_core.package_identification:_identify(src/shimmer_emg) by extension 'ignore_ament_install'
[0.172s] Level 1:colcon.colcon_core.package_identification:_identify(src/shimmer_emg) by extensions ['colcon_pkg']
[0.173s] Level 1:colcon.colcon_core.package_identification:_identify(src/shimmer_emg) by extension 'colcon_pkg'
[0.173s] Level 1:colcon.colcon_core.package_identification:_identify(src/shimmer_emg) by extensions ['colcon_meta']
[0.173s] Level 1:colcon.colcon_core.package_identification:_identify(src/shimmer_emg) by extension 'colcon_meta'
[0.173s] Level 1:colcon.colcon_core.package_identification:_identify(src/shimmer_emg) by extensions ['ros']
[0.173s] Level 1:colcon.colcon_core.package_identification:_identify(src/shimmer_emg) by extension 'ros'
[0.173s] DEBUG:colcon.colcon_core.package_identification:Package 'src/shimmer_emg' with type 'ros.ament_python' and name 'shimmer_emg'
[0.173s] Level 1:colcon.colcon_core.package_discovery:discover_packages(recursive) using defaults
[0.174s] Level 1:colcon.colcon_core.package_discovery:discover_packages(ignore) discover
[0.174s] Level 1:colcon.colcon_core.package_discovery:discover_packages(ignore) using defaults
[0.174s] Level 1:colcon.colcon_core.package_discovery:discover_packages(path) discover
[0.174s] Level 1:colcon.colcon_core.package_discovery:discover_packages(path) using defaults
[0.194s] Level 1:colcon.colcon_core.package_discovery:discover_packages(prefix_path) check parameters
[0.194s] Level 1:colcon.colcon_core.package_discovery:discover_packages(prefix_path) discover
[0.196s] DEBUG:colcon.colcon_installed_package_information.package_discovery:Found 2 installed packages in /home/william/repos/control_system_ws/install
[0.198s] DEBUG:colcon.colcon_installed_package_information.package_discovery:Found 273 installed packages in /opt/ros/humble
[0.200s] Level 1:colcon.colcon_core.package_discovery:discover_packages(prefix_path) using defaults
[0.241s] Level 5:colcon.colcon_core.verb:set package 'custom_interfaces' build argument 'cmake_args' from command line to 'None'
[0.241s] Level 5:colcon.colcon_core.verb:set package 'custom_interfaces' build argument 'cmake_target' from command line to 'None'
[0.241s] Level 5:colcon.colcon_core.verb:set package 'custom_interfaces' build argument 'cmake_target_skip_unavailable' from command line to 'False'
[0.241s] Level 5:colcon.colcon_core.verb:set package 'custom_interfaces' build argument 'cmake_clean_cache' from command line to 'False'
[0.241s] Level 5:colcon.colcon_core.verb:set package 'custom_interfaces' build argument 'cmake_clean_first' from command line to 'False'
[0.241s] Level 5:colcon.colcon_core.verb:set package 'custom_interfaces' build argument 'cmake_force_configure' from command line to 'False'
[0.242s] Level 5:colcon.colcon_core.verb:set package 'custom_interfaces' build argument 'ament_cmake_args' from command line to 'None'
[0.242s] Level 5:colcon.colcon_core.verb:set package 'custom_interfaces' build argument 'catkin_cmake_args' from command line to 'None'
[0.242s] Level 5:colcon.colcon_core.verb:set package 'custom_interfaces' build argument 'catkin_skip_building_tests' from command line to 'False'
[0.242s] DEBUG:colcon.colcon_core.verb:Building package 'custom_interfaces' with the following arguments: {'ament_cmake_args': None, 'build_base': '/home/william/repos/control_system_ws/build/custom_interfaces', 'catkin_cmake_args': None, 'catkin_skip_building_tests': False, 'cmake_args': None, 'cmake_clean_cache': False, 'cmake_clean_first': False, 'cmake_force_configure': False, 'cmake_target': None, 'cmake_target_skip_unavailable': False, 'install_base': '/home/william/repos/control_system_ws/install/custom_interfaces', 'merge_install': False, 'path': '/home/william/repos/control_system_ws/src/custom_interfaces', 'symlink_install': False, 'test_result_base': None}
[0.242s] Level 5:colcon.colcon_core.verb:set package 'shimmer_emg' build argument 'cmake_args' from command line to 'None'
[0.242s] Level 5:colcon.colcon_core.verb:set package 'shimmer_emg' build argument 'cmake_target' from command line to 'None'
[0.242s] Level 5:colcon.colcon_core.verb:set package 'shimmer_emg' build argument 'cmake_target_skip_unavailable' from command line to 'False'
[0.242s] Level 5:colcon.colcon_core.verb:set package 'shimmer_emg' build argument 'cmake_clean_cache' from command line to 'False'
[0.242s] Level 5:colcon.colcon_core.verb:set package 'shimmer_emg' build argument 'cmake_clean_first' from command line to 'False'
[0.242s] Level 5:colcon.colcon_core.verb:set package 'shimmer_emg' build argument 'cmake_force_configure' from command line to 'False'
[0.242s] Level 5:colcon.colcon_core.verb:set package 'shimmer_emg' build argument 'ament_cmake_args' from command line to 'None'
[0.242s] Level 5:colcon.colcon_core.verb:set package 'shimmer_emg' build argument 'catkin_cmake_args' from command line to 'None'
[0.243s] Level 5:colcon.colcon_core.verb:set package 'shimmer_emg' build argument 'catkin_skip_building_tests' from command line to 'False'
[0.243s] DEBUG:colcon.colcon_core.verb:Building package 'shimmer_emg' with the following arguments: {'ament_cmake_args': None, 'build_base': '/home/william/repos/control_system_ws/build/shimmer_emg', 'catkin_cmake_args': None, 'catkin_skip_building_tests': False, 'cmake_args': None, 'cmake_clean_cache': False, 'cmake_clean_first': False, 'cmake_force_configure': False, 'cmake_target': None, 'cmake_target_skip_unavailable': False, 'install_base': '/home/william/repos/control_system_ws/install/shimmer_emg', 'merge_install': False, 'path': '/home/william/repos/control_system_ws/src/shimmer_emg', 'symlink_install': False, 'test_result_base': None}
[0.243s] INFO:colcon.colcon_core.executor:Executing jobs using 'parallel' executor
[0.244s] DEBUG:colcon.colcon_parallel_executor.executor.parallel:run_until_complete
[0.245s] INFO:colcon.colcon_ros.task.ament_cmake.build:Building ROS package in '/home/william/repos/control_system_ws/src/custom_interfaces' with build type 'ament_cmake'
[0.245s] INFO:colcon.colcon_cmake.task.cmake.build:Building CMake package in '/home/william/repos/control_system_ws/src/custom_interfaces'
[0.248s] INFO:colcon.colcon_core.plugin_system:Skipping extension 'colcon_core.shell.bat': Not used on non-Windows systems
[0.248s] INFO:colcon.colcon_core.shell:Skip shell extension 'powershell' for command environment: Not usable outside of PowerShell
[0.248s] DEBUG:colcon.colcon_core.shell:Skip shell extension 'dsv' for command environment
[0.261s] DEBUG:colcon.colcon_core.event_handler.log_command:Invoking command in '/home/william/repos/control_system_ws/build/custom_interfaces': CMAKE_PREFIX_PATH=${CMAKE_PREFIX_PATH}:/home/william/repos/control_system_ws/install/shimmer_emg:/opt/ros/humble /usr/bin/cmake --build /home/william/repos/control_system_ws/build/custom_interfaces -- -j16 -l16
[0.705s] DEBUG:colcon.colcon_core.event_handler.log_command:Invoked command in '/home/william/repos/control_system_ws/build/custom_interfaces' returned '0': CMAKE_PREFIX_PATH=${CMAKE_PREFIX_PATH}:/home/william/repos/control_system_ws/install/shimmer_emg:/opt/ros/humble /usr/bin/cmake --build /home/william/repos/control_system_ws/build/custom_interfaces -- -j16 -l16
[0.802s] DEBUG:colcon.colcon_core.event_handler.log_command:Invoking command in '/home/william/repos/control_system_ws/build/custom_interfaces': CMAKE_PREFIX_PATH=${CMAKE_PREFIX_PATH}:/home/william/repos/control_system_ws/install/shimmer_emg:/opt/ros/humble /usr/bin/cmake --install /home/william/repos/control_system_ws/build/custom_interfaces
[0.874s] Level 1:colcon.colcon_core.environment:create_environment_scripts_only(custom_interfaces)
[0.874s] DEBUG:colcon.colcon_core.event_handler.log_command:Invoked command in '/home/william/repos/control_system_ws/build/custom_interfaces' returned '0': CMAKE_PREFIX_PATH=${CMAKE_PREFIX_PATH}:/home/william/repos/control_system_ws/install/shimmer_emg:/opt/ros/humble /usr/bin/cmake --install /home/william/repos/control_system_ws/build/custom_interfaces
[0.877s] Level 1:colcon.colcon_core.environment:checking '/home/william/repos/control_system_ws/install/custom_interfaces' for CMake module files
[0.878s] Level 1:colcon.colcon_core.environment:checking '/home/william/repos/control_system_ws/install/custom_interfaces' for CMake config files
[0.878s] Level 1:colcon.colcon_core.shell:create_environment_hook('custom_interfaces', 'cmake_prefix_path')
[0.878s] INFO:colcon.colcon_core.shell:Creating environment hook '/home/william/repos/control_system_ws/install/custom_interfaces/share/custom_interfaces/hook/cmake_prefix_path.ps1'
[0.879s] INFO:colcon.colcon_core.shell:Creating environment descriptor '/home/william/repos/control_system_ws/install/custom_interfaces/share/custom_interfaces/hook/cmake_prefix_path.dsv'
[0.880s] INFO:colcon.colcon_core.shell:Creating environment hook '/home/william/repos/control_system_ws/install/custom_interfaces/share/custom_interfaces/hook/cmake_prefix_path.sh'
[0.881s] Level 1:colcon.colcon_core.environment:checking '/home/william/repos/control_system_ws/install/custom_interfaces/lib'
[0.881s] Level 1:colcon.colcon_core.shell:create_environment_hook('custom_interfaces', 'ld_library_path_lib')
[0.881s] INFO:colcon.colcon_core.shell:Creating environment hook '/home/william/repos/control_system_ws/install/custom_interfaces/share/custom_interfaces/hook/ld_library_path_lib.ps1'
[0.882s] INFO:colcon.colcon_core.shell:Creating environment descriptor '/home/william/repos/control_system_ws/install/custom_interfaces/share/custom_interfaces/hook/ld_library_path_lib.dsv'
[0.882s] INFO:colcon.colcon_core.shell:Creating environment hook '/home/william/repos/control_system_ws/install/custom_interfaces/share/custom_interfaces/hook/ld_library_path_lib.sh'
[0.883s] Level 1:colcon.colcon_core.environment:checking '/home/william/repos/control_system_ws/install/custom_interfaces/bin'
[0.883s] Level 1:colcon.colcon_core.environment:checking '/home/william/repos/control_system_ws/install/custom_interfaces/lib/pkgconfig/custom_interfaces.pc'
[0.883s] Level 1:colcon.colcon_core.environment:checking '/home/william/repos/control_system_ws/install/custom_interfaces/lib/python3.10/site-packages'
[0.883s] Level 1:colcon.colcon_core.environment:checking '/home/william/repos/control_system_ws/install/custom_interfaces/bin'
[0.884s] INFO:colcon.colcon_core.shell:Creating package script '/home/william/repos/control_system_ws/install/custom_interfaces/share/custom_interfaces/package.ps1'
[0.885s] INFO:colcon.colcon_core.shell:Creating package descriptor '/home/william/repos/control_system_ws/install/custom_interfaces/share/custom_interfaces/package.dsv'
[0.886s] INFO:colcon.colcon_core.shell:Creating package script '/home/william/repos/control_system_ws/install/custom_interfaces/share/custom_interfaces/package.sh'
[0.887s] INFO:colcon.colcon_core.shell:Creating package script '/home/william/repos/control_system_ws/install/custom_interfaces/share/custom_interfaces/package.bash'
[0.888s] INFO:colcon.colcon_core.shell:Creating package script '/home/william/repos/control_system_ws/install/custom_interfaces/share/custom_interfaces/package.zsh'
[0.889s] Level 1:colcon.colcon_core.environment:create_file_with_runtime_dependencies(/home/william/repos/control_system_ws/install/custom_interfaces/share/colcon-core/packages/custom_interfaces)
[0.970s] Level 1:colcon.colcon_core.environment:create_environment_scripts_only(custom_interfaces)
[0.971s] Level 1:colcon.colcon_core.environment:checking '/home/william/repos/control_system_ws/install/custom_interfaces' for CMake module files
[0.971s] Level 1:colcon.colcon_core.environment:checking '/home/william/repos/control_system_ws/install/custom_interfaces' for CMake config files
[0.972s] Level 1:colcon.colcon_core.shell:create_environment_hook('custom_interfaces', 'cmake_prefix_path')
[0.972s] INFO:colcon.colcon_core.shell:Creating environment hook '/home/william/repos/control_system_ws/install/custom_interfaces/share/custom_interfaces/hook/cmake_prefix_path.ps1'
[0.972s] INFO:colcon.colcon_core.shell:Creating environment descriptor '/home/william/repos/control_system_ws/install/custom_interfaces/share/custom_interfaces/hook/cmake_prefix_path.dsv'
[0.973s] INFO:colcon.colcon_core.shell:Creating environment hook '/home/william/repos/control_system_ws/install/custom_interfaces/share/custom_interfaces/hook/cmake_prefix_path.sh'
[0.973s] Level 1:colcon.colcon_core.environment:checking '/home/william/repos/control_system_ws/install/custom_interfaces/lib'
[0.973s] Level 1:colcon.colcon_core.shell:create_environment_hook('custom_interfaces', 'ld_library_path_lib')
[0.974s] INFO:colcon.colcon_core.shell:Creating environment hook '/home/william/repos/control_system_ws/install/custom_interfaces/share/custom_interfaces/hook/ld_library_path_lib.ps1'
[0.974s] INFO:colcon.colcon_core.shell:Creating environment descriptor '/home/william/repos/control_system_ws/install/custom_interfaces/share/custom_interfaces/hook/ld_library_path_lib.dsv'
[0.974s] INFO:colcon.colcon_core.shell:Creating environment hook '/home/william/repos/control_system_ws/install/custom_interfaces/share/custom_interfaces/hook/ld_library_path_lib.sh'
[0.975s] Level 1:colcon.colcon_core.environment:checking '/home/william/repos/control_system_ws/install/custom_interfaces/bin'
[0.975s] Level 1:colcon.colcon_core.environment:checking '/home/william/repos/control_system_ws/install/custom_interfaces/lib/pkgconfig/custom_interfaces.pc'
[0.975s] Level 1:colcon.colcon_core.environment:checking '/home/william/repos/control_system_ws/install/custom_interfaces/lib/python3.10/site-packages'
[0.975s] Level 1:colcon.colcon_core.environment:checking '/home/william/repos/control_system_ws/install/custom_interfaces/bin'
[0.976s] INFO:colcon.colcon_core.shell:Creating package script '/home/william/repos/control_system_ws/install/custom_interfaces/share/custom_interfaces/package.ps1'
[0.976s] INFO:colcon.colcon_core.shell:Creating package descriptor '/home/william/repos/control_system_ws/install/custom_interfaces/share/custom_interfaces/package.dsv'
[0.977s] INFO:colcon.colcon_core.shell:Creating package script '/home/william/repos/control_system_ws/install/custom_interfaces/share/custom_interfaces/package.sh'
[0.977s] INFO:colcon.colcon_core.shell:Creating package script '/home/william/repos/control_system_ws/install/custom_interfaces/share/custom_interfaces/package.bash'
[0.978s] INFO:colcon.colcon_core.shell:Creating package script '/home/william/repos/control_system_ws/install/custom_interfaces/share/custom_interfaces/package.zsh'
[0.978s] Level 1:colcon.colcon_core.environment:create_file_with_runtime_dependencies(/home/william/repos/control_system_ws/install/custom_interfaces/share/colcon-core/packages/custom_interfaces)
[0.978s] INFO:colcon.colcon_ros.task.ament_python.build:Building ROS package in '/home/william/repos/control_system_ws/src/shimmer_emg' with build type 'ament_python'
[0.978s] Level 1:colcon.colcon_core.shell:create_environment_hook('shimmer_emg', 'ament_prefix_path')
[0.979s] INFO:colcon.colcon_core.shell:Creating environment hook '/home/william/repos/control_system_ws/install/shimmer_emg/share/shimmer_emg/hook/ament_prefix_path.ps1'
[0.979s] INFO:colcon.colcon_core.shell:Creating environment descriptor '/home/william/repos/control_system_ws/install/shimmer_emg/share/shimmer_emg/hook/ament_prefix_path.dsv'
[0.980s] INFO:colcon.colcon_core.shell:Creating environment hook '/home/william/repos/control_system_ws/install/shimmer_emg/share/shimmer_emg/hook/ament_prefix_path.sh'
[0.980s] INFO:colcon.colcon_core.shell:Skip shell extension 'powershell' for command environment: Not usable outside of PowerShell
[0.980s] DEBUG:colcon.colcon_core.shell:Skip shell extension 'dsv' for command environment
[1.208s] INFO:colcon.colcon_core.task.python.build:Building Python package in '/home/william/repos/control_system_ws/src/shimmer_emg'
[1.209s] INFO:colcon.colcon_core.shell:Skip shell extension 'powershell' for command environment: Not usable outside of PowerShell
[1.209s] DEBUG:colcon.colcon_core.shell:Skip shell extension 'dsv' for command environment
[1.763s] DEBUG:colcon.colcon_core.event_handler.log_command:Invoking command in '/home/william/repos/control_system_ws/src/shimmer_emg': PYTHONPATH=/home/william/repos/control_system_ws/build/shimmer_emg/prefix_override:/home/william/repos/control_system_ws/install/shimmer_emg/lib/python3.10/site-packages:${PYTHONPATH} /usr/bin/python3 -W ignore:setup.py install is deprecated setup.py egg_info --egg-base ../../build/shimmer_emg build --build-base /home/william/repos/control_system_ws/build/shimmer_emg/build install --record /home/william/repos/control_system_ws/build/shimmer_emg/install.log --single-version-externally-managed install_data
[2.316s] Level 1:colcon.colcon_core.environment:checking '/home/william/repos/control_system_ws/install/shimmer_emg' for CMake module files
[2.316s] DEBUG:colcon.colcon_core.event_handler.log_command:Invoked command in '/home/william/repos/control_system_ws/src/shimmer_emg' returned '0': PYTHONPATH=/home/william/repos/control_system_ws/build/shimmer_emg/prefix_override:/home/william/repos/control_system_ws/install/shimmer_emg/lib/python3.10/site-packages:${PYTHONPATH} /usr/bin/python3 -W ignore:setup.py install is deprecated setup.py egg_info --egg-base ../../build/shimmer_emg build --build-base /home/william/repos/control_system_ws/build/shimmer_emg/build install --record /home/william/repos/control_system_ws/build/shimmer_emg/install.log --single-version-externally-managed install_data
[2.317s] Level 1:colcon.colcon_core.environment:checking '/home/william/repos/control_system_ws/install/shimmer_emg' for CMake config files
[2.318s] Level 1:colcon.colcon_core.environment:checking '/home/william/repos/control_system_ws/install/shimmer_emg/lib'
[2.318s] Level 1:colcon.colcon_core.environment:checking '/home/william/repos/control_system_ws/install/shimmer_emg/bin'
[2.318s] Level 1:colcon.colcon_core.environment:checking '/home/william/repos/control_system_ws/install/shimmer_emg/lib/pkgconfig/shimmer_emg.pc'
[2.318s] Level 1:colcon.colcon_core.environment:checking '/home/william/repos/control_system_ws/install/shimmer_emg/lib/python3.10/site-packages'
[2.318s] Level 1:colcon.colcon_core.shell:create_environment_hook('shimmer_emg', 'pythonpath')
[2.319s] INFO:colcon.colcon_core.shell:Creating environment hook '/home/william/repos/control_system_ws/install/shimmer_emg/share/shimmer_emg/hook/pythonpath.ps1'
[2.319s] INFO:colcon.colcon_core.shell:Creating environment descriptor '/home/william/repos/control_system_ws/install/shimmer_emg/share/shimmer_emg/hook/pythonpath.dsv'
[2.319s] INFO:colcon.colcon_core.shell:Creating environment hook '/home/william/repos/control_system_ws/install/shimmer_emg/share/shimmer_emg/hook/pythonpath.sh'
[2.320s] Level 1:colcon.colcon_core.environment:checking '/home/william/repos/control_system_ws/install/shimmer_emg/bin'
[2.320s] Level 1:colcon.colcon_core.environment:create_environment_scripts_only(shimmer_emg)
[2.320s] INFO:colcon.colcon_core.shell:Creating package script '/home/william/repos/control_system_ws/install/shimmer_emg/share/shimmer_emg/package.ps1'
[2.321s] INFO:colcon.colcon_core.shell:Creating package descriptor '/home/william/repos/control_system_ws/install/shimmer_emg/share/shimmer_emg/package.dsv'
[2.321s] INFO:colcon.colcon_core.shell:Creating package script '/home/william/repos/control_system_ws/install/shimmer_emg/share/shimmer_emg/package.sh'
[2.322s] INFO:colcon.colcon_core.shell:Creating package script '/home/william/repos/control_system_ws/install/shimmer_emg/share/shimmer_emg/package.bash'
[2.322s] INFO:colcon.colcon_core.shell:Creating package script '/home/william/repos/control_system_ws/install/shimmer_emg/share/shimmer_emg/package.zsh'
[2.322s] Level 1:colcon.colcon_core.environment:create_file_with_runtime_dependencies(/home/william/repos/control_system_ws/install/shimmer_emg/share/colcon-core/packages/shimmer_emg)
[2.323s] DEBUG:colcon.colcon_parallel_executor.executor.parallel:closing loop
[2.323s] DEBUG:colcon.colcon_parallel_executor.executor.parallel:loop closed
[2.323s] DEBUG:colcon.colcon_parallel_executor.executor.parallel:run_until_complete finished with '0'
[2.323s] DEBUG:colcon.colcon_core.event_reactor:joining thread
[2.329s] INFO:colcon.colcon_core.plugin_system:Skipping extension 'colcon_notification.desktop_notification.terminal_notifier': Not used on non-Darwin systems
[2.329s] INFO:colcon.colcon_core.plugin_system:Skipping extension 'colcon_notification.desktop_notification.win32': Not used on non-Windows systems
[2.329s] INFO:colcon.colcon_notification.desktop_notification:Sending desktop notification using 'notify2'
[2.341s] DEBUG:colcon.colcon_core.event_reactor:joined thread
[2.341s] INFO:colcon.colcon_core.shell:Creating prefix script '/home/william/repos/control_system_ws/install/local_setup.ps1'
[2.342s] INFO:colcon.colcon_core.shell:Creating prefix util module '/home/william/repos/control_system_ws/install/_local_setup_util_ps1.py'
[2.343s] INFO:colcon.colcon_core.shell:Creating prefix chain script '/home/william/repos/control_system_ws/install/setup.ps1'
[2.344s] INFO:colcon.colcon_core.shell:Creating prefix script '/home/william/repos/control_system_ws/install/local_setup.sh'
[2.345s] INFO:colcon.colcon_core.shell:Creating prefix util module '/home/william/repos/control_system_ws/install/_local_setup_util_sh.py'
[2.345s] INFO:colcon.colcon_core.shell:Creating prefix chain script '/home/william/repos/control_system_ws/install/setup.sh'
[2.346s] INFO:colcon.colcon_core.shell:Creating prefix script '/home/william/repos/control_system_ws/install/local_setup.bash'
[2.347s] INFO:colcon.colcon_core.shell:Creating prefix chain script '/home/william/repos/control_system_ws/install/setup.bash'
[2.348s] INFO:colcon.colcon_core.shell:Creating prefix script '/home/william/repos/control_system_ws/install/local_setup.zsh'
[2.348s] INFO:colcon.colcon_core.shell:Creating prefix chain script '/home/william/repos/control_system_ws/install/setup.zsh'
