[0.072s] Invoking command in '/home/william/repos/control_system_ws/build/custom_interfaces': CMAKE_PREFIX_PATH=${CMAKE_PREFIX_PATH}:/home/william/repos/control_system_ws/install/shimmer_emg:/opt/ros/humble /usr/bin/cmake --build /home/william/repos/control_system_ws/build/custom_interfaces -- -j16 -l16
[0.140s] [  3%] Built target custom_interfaces__cpp
[0.141s] [ 12%] Built target custom_interfaces__rosidl_generator_c
[0.156s] [ 12%] Built target ament_cmake_python_copy_custom_interfaces
[0.175s] [ 58%] Built target custom_interfaces__rosidl_typesupport_introspection_cpp
[0.175s] [ 58%] Built target custom_interfaces__rosidl_typesupport_fastrtps_c
[0.176s] [ 58%] Built target custom_interfaces__rosidl_typesupport_introspection_c
[0.176s] [ 61%] Built target custom_interfaces__rosidl_typesupport_fastrtps_cpp
[0.176s] [ 64%] Built target custom_interfaces__rosidl_typesupport_c
[0.176s] [ 70%] Built target custom_interfaces__rosidl_typesupport_cpp
[0.207s] [ 70%] Built target custom_interfaces
[0.237s] [ 74%] Built target custom_interfaces__py
[0.274s] [ 80%] Built target custom_interfaces__rosidl_generator_py
[0.307s] [100%] Built target custom_interfaces__rosidl_typesupport_c__pyext
[0.308s] [100%] Built target custom_interfaces__rosidl_typesupport_fastrtps_c__pyext
[0.308s] [100%] Built target custom_interfaces__rosidl_typesupport_introspection_c__pyext
[0.423s] running egg_info
[0.441s] writing custom_interfaces.egg-info/PKG-INFO
[0.442s] writing dependency_links to custom_interfaces.egg-info/dependency_links.txt
[0.442s] writing top-level names to custom_interfaces.egg-info/top_level.txt
[0.492s] reading manifest file 'custom_interfaces.egg-info/SOURCES.txt'
[0.493s] writing manifest file 'custom_interfaces.egg-info/SOURCES.txt'
[0.523s] [100%] Built target ament_cmake_python_build_custom_interfaces_egg
[0.539s] Invoked command in '/home/william/repos/control_system_ws/build/custom_interfaces' returned '0': CMAKE_PREFIX_PATH=${CMAKE_PREFIX_PATH}:/home/william/repos/control_system_ws/install/shimmer_emg:/opt/ros/humble /usr/bin/cmake --build /home/william/repos/control_system_ws/build/custom_interfaces -- -j16 -l16
[0.623s] Invoking command in '/home/william/repos/control_system_ws/build/custom_interfaces': CMAKE_PREFIX_PATH=${CMAKE_PREFIX_PATH}:/home/william/repos/control_system_ws/install/shimmer_emg:/opt/ros/humble /usr/bin/cmake --install /home/william/repos/control_system_ws/build/custom_interfaces
[0.631s] -- Install configuration: ""
[0.631s] -- Up-to-date: /home/william/repos/control_system_ws/install/custom_interfaces/share/ament_index/resource_index/rosidl_interfaces/custom_interfaces
[0.631s] -- Up-to-date: /home/william/repos/control_system_ws/install/custom_interfaces/include/custom_interfaces/custom_interfaces
[0.631s] -- Up-to-date: /home/william/repos/control_system_ws/install/custom_interfaces/include/custom_interfaces/custom_interfaces/msg
[0.631s] -- Up-to-date: /home/william/repos/control_system_ws/install/custom_interfaces/include/custom_interfaces/custom_interfaces/msg/detail
[0.631s] -- Up-to-date: /home/william/repos/control_system_ws/install/custom_interfaces/include/custom_interfaces/custom_interfaces/msg/detail/emg__struct.h
[0.631s] -- Up-to-date: /home/william/repos/control_system_ws/install/custom_interfaces/include/custom_interfaces/custom_interfaces/msg/detail/emg__functions.h
[0.631s] -- Up-to-date: /home/william/repos/control_system_ws/install/custom_interfaces/include/custom_interfaces/custom_interfaces/msg/detail/emg__type_support.h
[0.631s] -- Up-to-date: /home/william/repos/control_system_ws/install/custom_interfaces/include/custom_interfaces/custom_interfaces/msg/detail/emg__functions.c
[0.632s] -- Up-to-date: /home/william/repos/control_system_ws/install/custom_interfaces/include/custom_interfaces/custom_interfaces/msg/rosidl_generator_c__visibility_control.h
[0.632s] -- Up-to-date: /home/william/repos/control_system_ws/install/custom_interfaces/include/custom_interfaces/custom_interfaces/msg/emg.h
[0.632s] -- Up-to-date: /home/william/repos/control_system_ws/install/custom_interfaces/share/custom_interfaces/environment/library_path.sh
[0.632s] -- Up-to-date: /home/william/repos/control_system_ws/install/custom_interfaces/share/custom_interfaces/environment/library_path.dsv
[0.632s] -- Up-to-date: /home/william/repos/control_system_ws/install/custom_interfaces/lib/libcustom_interfaces__rosidl_generator_c.so
[0.632s] -- Up-to-date: /home/william/repos/control_system_ws/install/custom_interfaces/include/custom_interfaces/custom_interfaces
[0.632s] -- Up-to-date: /home/william/repos/control_system_ws/install/custom_interfaces/include/custom_interfaces/custom_interfaces/msg
[0.632s] -- Up-to-date: /home/william/repos/control_system_ws/install/custom_interfaces/include/custom_interfaces/custom_interfaces/msg/detail
[0.632s] -- Up-to-date: /home/william/repos/control_system_ws/install/custom_interfaces/include/custom_interfaces/custom_interfaces/msg/detail/emg__rosidl_typesupport_fastrtps_c.h
[0.632s] -- Up-to-date: /home/william/repos/control_system_ws/install/custom_interfaces/include/custom_interfaces/custom_interfaces/msg/rosidl_typesupport_fastrtps_c__visibility_control.h
[0.632s] -- Up-to-date: /home/william/repos/control_system_ws/install/custom_interfaces/lib/libcustom_interfaces__rosidl_typesupport_fastrtps_c.so
[0.632s] -- Up-to-date: /home/william/repos/control_system_ws/install/custom_interfaces/include/custom_interfaces/custom_interfaces
[0.632s] -- Up-to-date: /home/william/repos/control_system_ws/install/custom_interfaces/include/custom_interfaces/custom_interfaces/msg
[0.633s] -- Up-to-date: /home/william/repos/control_system_ws/install/custom_interfaces/include/custom_interfaces/custom_interfaces/msg/detail
[0.633s] -- Up-to-date: /home/william/repos/control_system_ws/install/custom_interfaces/include/custom_interfaces/custom_interfaces/msg/detail/emg__rosidl_typesupport_introspection_c.h
[0.633s] -- Up-to-date: /home/william/repos/control_system_ws/install/custom_interfaces/include/custom_interfaces/custom_interfaces/msg/detail/emg__type_support.c
[0.633s] -- Up-to-date: /home/william/repos/control_system_ws/install/custom_interfaces/include/custom_interfaces/custom_interfaces/msg/rosidl_typesupport_introspection_c__visibility_control.h
[0.633s] -- Up-to-date: /home/william/repos/control_system_ws/install/custom_interfaces/lib/libcustom_interfaces__rosidl_typesupport_introspection_c.so
[0.633s] -- Up-to-date: /home/william/repos/control_system_ws/install/custom_interfaces/lib/libcustom_interfaces__rosidl_typesupport_c.so
[0.633s] -- Up-to-date: /home/william/repos/control_system_ws/install/custom_interfaces/include/custom_interfaces/custom_interfaces
[0.633s] -- Up-to-date: /home/william/repos/control_system_ws/install/custom_interfaces/include/custom_interfaces/custom_interfaces/msg
[0.633s] -- Up-to-date: /home/william/repos/control_system_ws/install/custom_interfaces/include/custom_interfaces/custom_interfaces/msg/detail
[0.633s] -- Up-to-date: /home/william/repos/control_system_ws/install/custom_interfaces/include/custom_interfaces/custom_interfaces/msg/detail/emg__traits.hpp
[0.633s] -- Up-to-date: /home/william/repos/control_system_ws/install/custom_interfaces/include/custom_interfaces/custom_interfaces/msg/detail/emg__builder.hpp
[0.633s] -- Up-to-date: /home/william/repos/control_system_ws/install/custom_interfaces/include/custom_interfaces/custom_interfaces/msg/detail/emg__struct.hpp
[0.634s] -- Up-to-date: /home/william/repos/control_system_ws/install/custom_interfaces/include/custom_interfaces/custom_interfaces/msg/emg.hpp
[0.634s] -- Up-to-date: /home/william/repos/control_system_ws/install/custom_interfaces/include/custom_interfaces/custom_interfaces
[0.634s] -- Up-to-date: /home/william/repos/control_system_ws/install/custom_interfaces/include/custom_interfaces/custom_interfaces/msg
[0.634s] -- Up-to-date: /home/william/repos/control_system_ws/install/custom_interfaces/include/custom_interfaces/custom_interfaces/msg/detail
[0.634s] -- Up-to-date: /home/william/repos/control_system_ws/install/custom_interfaces/include/custom_interfaces/custom_interfaces/msg/detail/emg__rosidl_typesupport_fastrtps_cpp.hpp
[0.634s] -- Up-to-date: /home/william/repos/control_system_ws/install/custom_interfaces/include/custom_interfaces/custom_interfaces/msg/detail/dds_fastrtps
[0.634s] -- Up-to-date: /home/william/repos/control_system_ws/install/custom_interfaces/include/custom_interfaces/custom_interfaces/msg/rosidl_typesupport_fastrtps_cpp__visibility_control.h
[0.634s] -- Up-to-date: /home/william/repos/control_system_ws/install/custom_interfaces/lib/libcustom_interfaces__rosidl_typesupport_fastrtps_cpp.so
[0.634s] -- Up-to-date: /home/william/repos/control_system_ws/install/custom_interfaces/include/custom_interfaces/custom_interfaces
[0.634s] -- Up-to-date: /home/william/repos/control_system_ws/install/custom_interfaces/include/custom_interfaces/custom_interfaces/msg
[0.634s] -- Up-to-date: /home/william/repos/control_system_ws/install/custom_interfaces/include/custom_interfaces/custom_interfaces/msg/detail
[0.634s] -- Up-to-date: /home/william/repos/control_system_ws/install/custom_interfaces/include/custom_interfaces/custom_interfaces/msg/detail/emg__rosidl_typesupport_introspection_cpp.hpp
[0.634s] -- Up-to-date: /home/william/repos/control_system_ws/install/custom_interfaces/include/custom_interfaces/custom_interfaces/msg/detail/emg__type_support.cpp
[0.634s] -- Up-to-date: /home/william/repos/control_system_ws/install/custom_interfaces/lib/libcustom_interfaces__rosidl_typesupport_introspection_cpp.so
[0.635s] -- Up-to-date: /home/william/repos/control_system_ws/install/custom_interfaces/lib/libcustom_interfaces__rosidl_typesupport_cpp.so
[0.635s] -- Up-to-date: /home/william/repos/control_system_ws/install/custom_interfaces/share/custom_interfaces/environment/pythonpath.sh
[0.635s] -- Up-to-date: /home/william/repos/control_system_ws/install/custom_interfaces/share/custom_interfaces/environment/pythonpath.dsv
[0.635s] -- Up-to-date: /home/william/repos/control_system_ws/install/custom_interfaces/local/lib/python3.10/dist-packages/custom_interfaces-0.0.0-py3.10.egg-info
[0.635s] -- Installing: /home/william/repos/control_system_ws/install/custom_interfaces/local/lib/python3.10/dist-packages/custom_interfaces-0.0.0-py3.10.egg-info/SOURCES.txt
[0.635s] -- Installing: /home/william/repos/control_system_ws/install/custom_interfaces/local/lib/python3.10/dist-packages/custom_interfaces-0.0.0-py3.10.egg-info/PKG-INFO
[0.635s] -- Installing: /home/william/repos/control_system_ws/install/custom_interfaces/local/lib/python3.10/dist-packages/custom_interfaces-0.0.0-py3.10.egg-info/top_level.txt
[0.635s] -- Installing: /home/william/repos/control_system_ws/install/custom_interfaces/local/lib/python3.10/dist-packages/custom_interfaces-0.0.0-py3.10.egg-info/dependency_links.txt
[0.636s] -- Up-to-date: /home/william/repos/control_system_ws/install/custom_interfaces/local/lib/python3.10/dist-packages/custom_interfaces
[0.636s] -- Up-to-date: /home/william/repos/control_system_ws/install/custom_interfaces/local/lib/python3.10/dist-packages/custom_interfaces/custom_interfaces_s__rosidl_typesupport_fastrtps_c.cpython-310-x86_64-linux-gnu.so
[0.636s] -- Up-to-date: /home/william/repos/control_system_ws/install/custom_interfaces/local/lib/python3.10/dist-packages/custom_interfaces/_custom_interfaces_s.ep.rosidl_typesupport_fastrtps_c.c
[0.636s] -- Up-to-date: /home/william/repos/control_system_ws/install/custom_interfaces/local/lib/python3.10/dist-packages/custom_interfaces/_custom_interfaces_s.ep.rosidl_typesupport_c.c
[0.636s] -- Up-to-date: /home/william/repos/control_system_ws/install/custom_interfaces/local/lib/python3.10/dist-packages/custom_interfaces/libcustom_interfaces__rosidl_generator_py.so
[0.636s] -- Up-to-date: /home/william/repos/control_system_ws/install/custom_interfaces/local/lib/python3.10/dist-packages/custom_interfaces/custom_interfaces_s__rosidl_typesupport_introspection_c.cpython-310-x86_64-linux-gnu.so
[0.636s] -- Up-to-date: /home/william/repos/control_system_ws/install/custom_interfaces/local/lib/python3.10/dist-packages/custom_interfaces/custom_interfaces_s__rosidl_typesupport_c.cpython-310-x86_64-linux-gnu.so
[0.636s] -- Up-to-date: /home/william/repos/control_system_ws/install/custom_interfaces/local/lib/python3.10/dist-packages/custom_interfaces/_custom_interfaces_s.ep.rosidl_typesupport_introspection_c.c
[0.636s] -- Up-to-date: /home/william/repos/control_system_ws/install/custom_interfaces/local/lib/python3.10/dist-packages/custom_interfaces/msg
[0.636s] -- Up-to-date: /home/william/repos/control_system_ws/install/custom_interfaces/local/lib/python3.10/dist-packages/custom_interfaces/msg/_emg_s.c
[0.636s] -- Up-to-date: /home/william/repos/control_system_ws/install/custom_interfaces/local/lib/python3.10/dist-packages/custom_interfaces/msg/__init__.py
[0.636s] -- Up-to-date: /home/william/repos/control_system_ws/install/custom_interfaces/local/lib/python3.10/dist-packages/custom_interfaces/msg/_emg.py
[0.636s] -- Up-to-date: /home/william/repos/control_system_ws/install/custom_interfaces/local/lib/python3.10/dist-packages/custom_interfaces/__init__.py
[0.670s] Listing '/home/william/repos/control_system_ws/install/custom_interfaces/local/lib/python3.10/dist-packages/custom_interfaces'...
[0.670s] Listing '/home/william/repos/control_system_ws/install/custom_interfaces/local/lib/python3.10/dist-packages/custom_interfaces/msg'...
[0.674s] -- Up-to-date: /home/william/repos/control_system_ws/install/custom_interfaces/local/lib/python3.10/dist-packages/custom_interfaces/custom_interfaces_s__rosidl_typesupport_fastrtps_c.cpython-310-x86_64-linux-gnu.so
[0.675s] -- Up-to-date: /home/william/repos/control_system_ws/install/custom_interfaces/local/lib/python3.10/dist-packages/custom_interfaces/custom_interfaces_s__rosidl_typesupport_introspection_c.cpython-310-x86_64-linux-gnu.so
[0.675s] -- Up-to-date: /home/william/repos/control_system_ws/install/custom_interfaces/local/lib/python3.10/dist-packages/custom_interfaces/custom_interfaces_s__rosidl_typesupport_c.cpython-310-x86_64-linux-gnu.so
[0.675s] -- Up-to-date: /home/william/repos/control_system_ws/install/custom_interfaces/lib/libcustom_interfaces__rosidl_generator_py.so
[0.676s] -- Up-to-date: /home/william/repos/control_system_ws/install/custom_interfaces/share/custom_interfaces/msg/EMG.idl
[0.676s] -- Up-to-date: /home/william/repos/control_system_ws/install/custom_interfaces/share/custom_interfaces/msg/EMG.msg
[0.676s] -- Up-to-date: /home/william/repos/control_system_ws/install/custom_interfaces/share/ament_index/resource_index/package_run_dependencies/custom_interfaces
[0.676s] -- Up-to-date: /home/william/repos/control_system_ws/install/custom_interfaces/share/ament_index/resource_index/parent_prefix_path/custom_interfaces
[0.676s] -- Up-to-date: /home/william/repos/control_system_ws/install/custom_interfaces/share/custom_interfaces/environment/ament_prefix_path.sh
[0.676s] -- Up-to-date: /home/william/repos/control_system_ws/install/custom_interfaces/share/custom_interfaces/environment/ament_prefix_path.dsv
[0.676s] -- Up-to-date: /home/william/repos/control_system_ws/install/custom_interfaces/share/custom_interfaces/environment/path.sh
[0.676s] -- Up-to-date: /home/william/repos/control_system_ws/install/custom_interfaces/share/custom_interfaces/environment/path.dsv
[0.676s] -- Up-to-date: /home/william/repos/control_system_ws/install/custom_interfaces/share/custom_interfaces/local_setup.bash
[0.677s] -- Up-to-date: /home/william/repos/control_system_ws/install/custom_interfaces/share/custom_interfaces/local_setup.sh
[0.677s] -- Up-to-date: /home/william/repos/control_system_ws/install/custom_interfaces/share/custom_interfaces/local_setup.zsh
[0.677s] -- Up-to-date: /home/william/repos/control_system_ws/install/custom_interfaces/share/custom_interfaces/local_setup.dsv
[0.677s] -- Installing: /home/william/repos/control_system_ws/install/custom_interfaces/share/custom_interfaces/package.dsv
[0.677s] -- Up-to-date: /home/william/repos/control_system_ws/install/custom_interfaces/share/ament_index/resource_index/packages/custom_interfaces
[0.677s] -- Up-to-date: /home/william/repos/control_system_ws/install/custom_interfaces/share/custom_interfaces/cmake/export_custom_interfaces__rosidl_generator_cExport.cmake
[0.677s] -- Up-to-date: /home/william/repos/control_system_ws/install/custom_interfaces/share/custom_interfaces/cmake/export_custom_interfaces__rosidl_generator_cExport-noconfig.cmake
[0.677s] -- Up-to-date: /home/william/repos/control_system_ws/install/custom_interfaces/share/custom_interfaces/cmake/export_custom_interfaces__rosidl_typesupport_fastrtps_cExport.cmake
[0.677s] -- Up-to-date: /home/william/repos/control_system_ws/install/custom_interfaces/share/custom_interfaces/cmake/export_custom_interfaces__rosidl_typesupport_fastrtps_cExport-noconfig.cmake
[0.677s] -- Up-to-date: /home/william/repos/control_system_ws/install/custom_interfaces/share/custom_interfaces/cmake/custom_interfaces__rosidl_typesupport_introspection_cExport.cmake
[0.677s] -- Up-to-date: /home/william/repos/control_system_ws/install/custom_interfaces/share/custom_interfaces/cmake/custom_interfaces__rosidl_typesupport_introspection_cExport-noconfig.cmake
[0.677s] -- Up-to-date: /home/william/repos/control_system_ws/install/custom_interfaces/share/custom_interfaces/cmake/custom_interfaces__rosidl_typesupport_cExport.cmake
[0.677s] -- Up-to-date: /home/william/repos/control_system_ws/install/custom_interfaces/share/custom_interfaces/cmake/custom_interfaces__rosidl_typesupport_cExport-noconfig.cmake
[0.678s] -- Up-to-date: /home/william/repos/control_system_ws/install/custom_interfaces/share/custom_interfaces/cmake/export_custom_interfaces__rosidl_generator_cppExport.cmake
[0.678s] -- Up-to-date: /home/william/repos/control_system_ws/install/custom_interfaces/share/custom_interfaces/cmake/export_custom_interfaces__rosidl_typesupport_fastrtps_cppExport.cmake
[0.678s] -- Up-to-date: /home/william/repos/control_system_ws/install/custom_interfaces/share/custom_interfaces/cmake/export_custom_interfaces__rosidl_typesupport_fastrtps_cppExport-noconfig.cmake
[0.678s] -- Up-to-date: /home/william/repos/control_system_ws/install/custom_interfaces/share/custom_interfaces/cmake/custom_interfaces__rosidl_typesupport_introspection_cppExport.cmake
[0.678s] -- Up-to-date: /home/william/repos/control_system_ws/install/custom_interfaces/share/custom_interfaces/cmake/custom_interfaces__rosidl_typesupport_introspection_cppExport-noconfig.cmake
[0.678s] -- Up-to-date: /home/william/repos/control_system_ws/install/custom_interfaces/share/custom_interfaces/cmake/custom_interfaces__rosidl_typesupport_cppExport.cmake
[0.678s] -- Up-to-date: /home/william/repos/control_system_ws/install/custom_interfaces/share/custom_interfaces/cmake/custom_interfaces__rosidl_typesupport_cppExport-noconfig.cmake
[0.678s] -- Up-to-date: /home/william/repos/control_system_ws/install/custom_interfaces/share/custom_interfaces/cmake/export_custom_interfaces__rosidl_generator_pyExport.cmake
[0.678s] -- Up-to-date: /home/william/repos/control_system_ws/install/custom_interfaces/share/custom_interfaces/cmake/export_custom_interfaces__rosidl_generator_pyExport-noconfig.cmake
[0.678s] -- Up-to-date: /home/william/repos/control_system_ws/install/custom_interfaces/share/custom_interfaces/cmake/rosidl_cmake-extras.cmake
[0.678s] -- Up-to-date: /home/william/repos/control_system_ws/install/custom_interfaces/share/custom_interfaces/cmake/ament_cmake_export_dependencies-extras.cmake
[0.678s] -- Up-to-date: /home/william/repos/control_system_ws/install/custom_interfaces/share/custom_interfaces/cmake/ament_cmake_export_include_directories-extras.cmake
[0.679s] -- Up-to-date: /home/william/repos/control_system_ws/install/custom_interfaces/share/custom_interfaces/cmake/ament_cmake_export_libraries-extras.cmake
[0.679s] -- Up-to-date: /home/william/repos/control_system_ws/install/custom_interfaces/share/custom_interfaces/cmake/ament_cmake_export_targets-extras.cmake
[0.679s] -- Up-to-date: /home/william/repos/control_system_ws/install/custom_interfaces/share/custom_interfaces/cmake/rosidl_cmake_export_typesupport_targets-extras.cmake
[0.679s] -- Up-to-date: /home/william/repos/control_system_ws/install/custom_interfaces/share/custom_interfaces/cmake/rosidl_cmake_export_typesupport_libraries-extras.cmake
[0.679s] -- Up-to-date: /home/william/repos/control_system_ws/install/custom_interfaces/share/custom_interfaces/cmake/custom_interfacesConfig.cmake
[0.679s] -- Up-to-date: /home/william/repos/control_system_ws/install/custom_interfaces/share/custom_interfaces/cmake/custom_interfacesConfig-version.cmake
[0.679s] -- Up-to-date: /home/william/repos/control_system_ws/install/custom_interfaces/share/custom_interfaces/package.xml
[0.681s] Invoked command in '/home/william/repos/control_system_ws/build/custom_interfaces' returned '0': CMAKE_PREFIX_PATH=${CMAKE_PREFIX_PATH}:/home/william/repos/control_system_ws/install/shimmer_emg:/opt/ros/humble /usr/bin/cmake --install /home/william/repos/control_system_ws/build/custom_interfaces
