[1.013s] DEBUG:colcon:Command line arguments: ['/usr/bin/colcon', 'build']
[1.013s] DEBUG:colcon:Parsed command line arguments: Namespace(log_base=None, log_level=None, verb_name='build', build_base='build', install_base='install', merge_install=False, symlink_install=False, test_result_base=None, continue_on_error=False, executor='parallel', parallel_workers=16, event_handlers=None, ignore_user_meta=False, metas=['./colcon.meta'], base_paths=['.'], packages_ignore=None, packages_ignore_regex=None, paths=None, packages_up_to=None, packages_up_to_regex=None, packages_above=None, packages_above_and_dependencies=None, packages_above_depth=None, packages_select_by_dep=None, packages_skip_by_dep=None, packages_skip_up_to=None, packages_select_build_failed=False, packages_skip_build_finished=False, packages_select_test_failures=False, packages_skip_test_passed=False, packages_select=None, packages_skip=None, packages_select_regex=None, packages_skip_regex=None, packages_start=None, packages_end=None, allow_overriding=[], cmake_args=None, cmake_target=None, cmake_target_skip_unavailable=False, cmake_clean_cache=False, cmake_clean_first=False, cmake_force_configure=False, ament_cmake_args=None, catkin_cmake_args=None, catkin_skip_building_tests=False, verb_parser=<colcon_defaults.argument_parser.defaults.DefaultArgumentsDecorator object at 0x7fdf41bf7bb0>, verb_extension=<colcon_core.verb.build.BuildVerb object at 0x7fdf41bf75e0>, main=<bound method BuildVerb.main of <colcon_core.verb.build.BuildVerb object at 0x7fdf41bf75e0>>)
[1.070s] Level 1:colcon.colcon_core.package_discovery:discover_packages(colcon_meta) check parameters
[1.070s] Level 1:colcon.colcon_core.package_discovery:discover_packages(recursive) check parameters
[1.070s] Level 1:colcon.colcon_core.package_discovery:discover_packages(ignore) check parameters
[1.070s] Level 1:colcon.colcon_core.package_discovery:discover_packages(path) check parameters
[1.070s] Level 1:colcon.colcon_core.package_discovery:discover_packages(colcon_meta) discover
[1.071s] Level 1:colcon.colcon_core.package_discovery:discover_packages(recursive) discover
[1.071s] INFO:colcon.colcon_core.package_discovery:Crawling recursively for packages in '/home/william/repos/control_system_ws'
[1.071s] Level 1:colcon.colcon_core.package_identification:_identify(.) by extensions ['ignore', 'ignore_ament_install']
[1.071s] Level 1:colcon.colcon_core.package_identification:_identify(.) by extension 'ignore'
[1.071s] Level 1:colcon.colcon_core.package_identification:_identify(.) by extension 'ignore_ament_install'
[1.071s] Level 1:colcon.colcon_core.package_identification:_identify(.) by extensions ['colcon_pkg']
[1.071s] Level 1:colcon.colcon_core.package_identification:_identify(.) by extension 'colcon_pkg'
[1.071s] Level 1:colcon.colcon_core.package_identification:_identify(.) by extensions ['colcon_meta']
[1.071s] Level 1:colcon.colcon_core.package_identification:_identify(.) by extension 'colcon_meta'
[1.071s] Level 1:colcon.colcon_core.package_identification:_identify(.) by extensions ['ros']
[1.071s] Level 1:colcon.colcon_core.package_identification:_identify(.) by extension 'ros'
[1.085s] Level 1:colcon.colcon_core.package_identification:_identify(.) by extensions ['cmake', 'python']
[1.085s] Level 1:colcon.colcon_core.package_identification:_identify(.) by extension 'cmake'
[1.085s] Level 1:colcon.colcon_core.package_identification:_identify(.) by extension 'python'
[1.085s] Level 1:colcon.colcon_core.package_identification:_identify(.) by extensions ['python_setup_py']
[1.085s] Level 1:colcon.colcon_core.package_identification:_identify(.) by extension 'python_setup_py'
[1.085s] Level 1:colcon.colcon_core.package_identification:_identify(build) by extensions ['ignore', 'ignore_ament_install']
[1.086s] Level 1:colcon.colcon_core.package_identification:_identify(build) by extension 'ignore'
[1.086s] Level 1:colcon.colcon_core.package_identification:_identify(build) ignored
[1.086s] Level 1:colcon.colcon_core.package_identification:_identify(install) by extensions ['ignore', 'ignore_ament_install']
[1.086s] Level 1:colcon.colcon_core.package_identification:_identify(install) by extension 'ignore'
[1.086s] Level 1:colcon.colcon_core.package_identification:_identify(install) ignored
[1.086s] Level 1:colcon.colcon_core.package_identification:_identify(log) by extensions ['ignore', 'ignore_ament_install']
[1.086s] Level 1:colcon.colcon_core.package_identification:_identify(log) by extension 'ignore'
[1.086s] Level 1:colcon.colcon_core.package_identification:_identify(log) ignored
[1.086s] Level 1:colcon.colcon_core.package_identification:_identify(src) by extensions ['ignore', 'ignore_ament_install']
[1.086s] Level 1:colcon.colcon_core.package_identification:_identify(src) by extension 'ignore'
[1.086s] Level 1:colcon.colcon_core.package_identification:_identify(src) by extension 'ignore_ament_install'
[1.086s] Level 1:colcon.colcon_core.package_identification:_identify(src) by extensions ['colcon_pkg']
[1.086s] Level 1:colcon.colcon_core.package_identification:_identify(src) by extension 'colcon_pkg'
[1.087s] Level 1:colcon.colcon_core.package_identification:_identify(src) by extensions ['colcon_meta']
[1.087s] Level 1:colcon.colcon_core.package_identification:_identify(src) by extension 'colcon_meta'
[1.087s] Level 1:colcon.colcon_core.package_identification:_identify(src) by extensions ['ros']
[1.087s] Level 1:colcon.colcon_core.package_identification:_identify(src) by extension 'ros'
[1.087s] Level 1:colcon.colcon_core.package_identification:_identify(src) by extensions ['cmake', 'python']
[1.087s] Level 1:colcon.colcon_core.package_identification:_identify(src) by extension 'cmake'
[1.087s] Level 1:colcon.colcon_core.package_identification:_identify(src) by extension 'python'
[1.087s] Level 1:colcon.colcon_core.package_identification:_identify(src) by extensions ['python_setup_py']
[1.087s] Level 1:colcon.colcon_core.package_identification:_identify(src) by extension 'python_setup_py'
[1.087s] Level 1:colcon.colcon_core.package_identification:_identify(src/custom_interfaces) by extensions ['ignore', 'ignore_ament_install']
[1.087s] Level 1:colcon.colcon_core.package_identification:_identify(src/custom_interfaces) by extension 'ignore'
[1.087s] Level 1:colcon.colcon_core.package_identification:_identify(src/custom_interfaces) by extension 'ignore_ament_install'
[1.087s] Level 1:colcon.colcon_core.package_identification:_identify(src/custom_interfaces) by extensions ['colcon_pkg']
[1.087s] Level 1:colcon.colcon_core.package_identification:_identify(src/custom_interfaces) by extension 'colcon_pkg'
[1.087s] Level 1:colcon.colcon_core.package_identification:_identify(src/custom_interfaces) by extensions ['colcon_meta']
[1.087s] Level 1:colcon.colcon_core.package_identification:_identify(src/custom_interfaces) by extension 'colcon_meta'
[1.087s] Level 1:colcon.colcon_core.package_identification:_identify(src/custom_interfaces) by extensions ['ros']
[1.087s] Level 1:colcon.colcon_core.package_identification:_identify(src/custom_interfaces) by extension 'ros'
[1.090s] DEBUG:colcon.colcon_core.package_identification:Package 'src/custom_interfaces' with type 'ros.ament_cmake' and name 'custom_interfaces'
[1.090s] Level 1:colcon.colcon_core.package_identification:_identify(src/shimmer_emg) by extensions ['ignore', 'ignore_ament_install']
[1.090s] Level 1:colcon.colcon_core.package_identification:_identify(src/shimmer_emg) by extension 'ignore'
[1.090s] Level 1:colcon.colcon_core.package_identification:_identify(src/shimmer_emg) by extension 'ignore_ament_install'
[1.090s] Level 1:colcon.colcon_core.package_identification:_identify(src/shimmer_emg) by extensions ['colcon_pkg']
[1.090s] Level 1:colcon.colcon_core.package_identification:_identify(src/shimmer_emg) by extension 'colcon_pkg'
[1.090s] Level 1:colcon.colcon_core.package_identification:_identify(src/shimmer_emg) by extensions ['colcon_meta']
[1.090s] Level 1:colcon.colcon_core.package_identification:_identify(src/shimmer_emg) by extension 'colcon_meta'
[1.090s] Level 1:colcon.colcon_core.package_identification:_identify(src/shimmer_emg) by extensions ['ros']
[1.090s] Level 1:colcon.colcon_core.package_identification:_identify(src/shimmer_emg) by extension 'ros'
[1.091s] DEBUG:colcon.colcon_core.package_identification:Package 'src/shimmer_emg' with type 'ros.ament_python' and name 'shimmer_emg'
[1.091s] Level 1:colcon.colcon_core.package_discovery:discover_packages(recursive) using defaults
[1.091s] Level 1:colcon.colcon_core.package_discovery:discover_packages(ignore) discover
[1.091s] Level 1:colcon.colcon_core.package_discovery:discover_packages(ignore) using defaults
[1.091s] Level 1:colcon.colcon_core.package_discovery:discover_packages(path) discover
[1.091s] Level 1:colcon.colcon_core.package_discovery:discover_packages(path) using defaults
[1.183s] Level 1:colcon.colcon_core.package_discovery:discover_packages(prefix_path) check parameters
[1.183s] Level 1:colcon.colcon_core.package_discovery:discover_packages(prefix_path) discover
[1.213s] DEBUG:colcon.colcon_installed_package_information.package_discovery:Found 2 installed packages in /home/william/repos/control_system_ws/install
[1.229s] DEBUG:colcon.colcon_installed_package_information.package_discovery:Found 273 installed packages in /opt/ros/humble
[1.231s] Level 1:colcon.colcon_core.package_discovery:discover_packages(prefix_path) using defaults
[1.313s] Level 5:colcon.colcon_core.verb:set package 'custom_interfaces' build argument 'cmake_args' from command line to 'None'
[1.313s] Level 5:colcon.colcon_core.verb:set package 'custom_interfaces' build argument 'cmake_target' from command line to 'None'
[1.313s] Level 5:colcon.colcon_core.verb:set package 'custom_interfaces' build argument 'cmake_target_skip_unavailable' from command line to 'False'
[1.313s] Level 5:colcon.colcon_core.verb:set package 'custom_interfaces' build argument 'cmake_clean_cache' from command line to 'False'
[1.313s] Level 5:colcon.colcon_core.verb:set package 'custom_interfaces' build argument 'cmake_clean_first' from command line to 'False'
[1.313s] Level 5:colcon.colcon_core.verb:set package 'custom_interfaces' build argument 'cmake_force_configure' from command line to 'False'
[1.313s] Level 5:colcon.colcon_core.verb:set package 'custom_interfaces' build argument 'ament_cmake_args' from command line to 'None'
[1.313s] Level 5:colcon.colcon_core.verb:set package 'custom_interfaces' build argument 'catkin_cmake_args' from command line to 'None'
[1.313s] Level 5:colcon.colcon_core.verb:set package 'custom_interfaces' build argument 'catkin_skip_building_tests' from command line to 'False'
[1.313s] DEBUG:colcon.colcon_core.verb:Building package 'custom_interfaces' with the following arguments: {'ament_cmake_args': None, 'build_base': '/home/william/repos/control_system_ws/build/custom_interfaces', 'catkin_cmake_args': None, 'catkin_skip_building_tests': False, 'cmake_args': None, 'cmake_clean_cache': False, 'cmake_clean_first': False, 'cmake_force_configure': False, 'cmake_target': None, 'cmake_target_skip_unavailable': False, 'install_base': '/home/william/repos/control_system_ws/install/custom_interfaces', 'merge_install': False, 'path': '/home/william/repos/control_system_ws/src/custom_interfaces', 'symlink_install': False, 'test_result_base': None}
[1.328s] Level 5:colcon.colcon_core.verb:set package 'shimmer_emg' build argument 'cmake_args' from command line to 'None'
[1.328s] Level 5:colcon.colcon_core.verb:set package 'shimmer_emg' build argument 'cmake_target' from command line to 'None'
[1.328s] Level 5:colcon.colcon_core.verb:set package 'shimmer_emg' build argument 'cmake_target_skip_unavailable' from command line to 'False'
[1.328s] Level 5:colcon.colcon_core.verb:set package 'shimmer_emg' build argument 'cmake_clean_cache' from command line to 'False'
[1.328s] Level 5:colcon.colcon_core.verb:set package 'shimmer_emg' build argument 'cmake_clean_first' from command line to 'False'
[1.328s] Level 5:colcon.colcon_core.verb:set package 'shimmer_emg' build argument 'cmake_force_configure' from command line to 'False'
[1.328s] Level 5:colcon.colcon_core.verb:set package 'shimmer_emg' build argument 'ament_cmake_args' from command line to 'None'
[1.328s] Level 5:colcon.colcon_core.verb:set package 'shimmer_emg' build argument 'catkin_cmake_args' from command line to 'None'
[1.328s] Level 5:colcon.colcon_core.verb:set package 'shimmer_emg' build argument 'catkin_skip_building_tests' from command line to 'False'
[1.328s] DEBUG:colcon.colcon_core.verb:Building package 'shimmer_emg' with the following arguments: {'ament_cmake_args': None, 'build_base': '/home/william/repos/control_system_ws/build/shimmer_emg', 'catkin_cmake_args': None, 'catkin_skip_building_tests': False, 'cmake_args': None, 'cmake_clean_cache': False, 'cmake_clean_first': False, 'cmake_force_configure': False, 'cmake_target': None, 'cmake_target_skip_unavailable': False, 'install_base': '/home/william/repos/control_system_ws/install/shimmer_emg', 'merge_install': False, 'path': '/home/william/repos/control_system_ws/src/shimmer_emg', 'symlink_install': False, 'test_result_base': None}
[1.343s] INFO:colcon.colcon_core.executor:Executing jobs using 'parallel' executor
[1.359s] DEBUG:colcon.colcon_parallel_executor.executor.parallel:run_until_complete
[1.359s] INFO:colcon.colcon_ros.task.ament_cmake.build:Building ROS package in '/home/william/repos/control_system_ws/src/custom_interfaces' with build type 'ament_cmake'
[1.359s] INFO:colcon.colcon_cmake.task.cmake.build:Building CMake package in '/home/william/repos/control_system_ws/src/custom_interfaces'
[1.375s] INFO:colcon.colcon_core.plugin_system:Skipping extension 'colcon_core.shell.bat': Not used on non-Windows systems
[1.375s] INFO:colcon.colcon_core.shell:Skip shell extension 'powershell' for command environment: Not usable outside of PowerShell
[1.376s] DEBUG:colcon.colcon_core.shell:Skip shell extension 'dsv' for command environment
[1.436s] DEBUG:colcon.colcon_core.event_handler.log_command:Invoking command in '/home/william/repos/control_system_ws/build/custom_interfaces': CMAKE_PREFIX_PATH=${CMAKE_PREFIX_PATH}:/home/william/repos/control_system_ws/install/shimmer_emg:/opt/ros/humble /usr/bin/cmake --build /home/william/repos/control_system_ws/build/custom_interfaces -- -j16 -l16
[1.914s] DEBUG:colcon.colcon_core.event_handler.log_command:Invoked command in '/home/william/repos/control_system_ws/build/custom_interfaces' returned '0': CMAKE_PREFIX_PATH=${CMAKE_PREFIX_PATH}:/home/william/repos/control_system_ws/install/shimmer_emg:/opt/ros/humble /usr/bin/cmake --build /home/william/repos/control_system_ws/build/custom_interfaces -- -j16 -l16
[1.998s] DEBUG:colcon.colcon_core.event_handler.log_command:Invoking command in '/home/william/repos/control_system_ws/build/custom_interfaces': CMAKE_PREFIX_PATH=${CMAKE_PREFIX_PATH}:/home/william/repos/control_system_ws/install/shimmer_emg:/opt/ros/humble /usr/bin/cmake --install /home/william/repos/control_system_ws/build/custom_interfaces
[2.058s] Level 1:colcon.colcon_core.environment:create_environment_scripts_only(custom_interfaces)
[2.059s] DEBUG:colcon.colcon_core.event_handler.log_command:Invoked command in '/home/william/repos/control_system_ws/build/custom_interfaces' returned '0': CMAKE_PREFIX_PATH=${CMAKE_PREFIX_PATH}:/home/william/repos/control_system_ws/install/shimmer_emg:/opt/ros/humble /usr/bin/cmake --install /home/william/repos/control_system_ws/build/custom_interfaces
[2.079s] Level 1:colcon.colcon_core.environment:checking '/home/william/repos/control_system_ws/install/custom_interfaces' for CMake module files
[2.080s] Level 1:colcon.colcon_core.environment:checking '/home/william/repos/control_system_ws/install/custom_interfaces' for CMake config files
[2.080s] Level 1:colcon.colcon_core.shell:create_environment_hook('custom_interfaces', 'cmake_prefix_path')
[2.097s] INFO:colcon.colcon_core.shell:Creating environment hook '/home/william/repos/control_system_ws/install/custom_interfaces/share/custom_interfaces/hook/cmake_prefix_path.ps1'
[2.098s] INFO:colcon.colcon_core.shell:Creating environment descriptor '/home/william/repos/control_system_ws/install/custom_interfaces/share/custom_interfaces/hook/cmake_prefix_path.dsv'
[2.099s] INFO:colcon.colcon_core.shell:Creating environment hook '/home/william/repos/control_system_ws/install/custom_interfaces/share/custom_interfaces/hook/cmake_prefix_path.sh'
[2.100s] Level 1:colcon.colcon_core.environment:checking '/home/william/repos/control_system_ws/install/custom_interfaces/lib'
[2.100s] Level 1:colcon.colcon_core.shell:create_environment_hook('custom_interfaces', 'ld_library_path_lib')
[2.122s] INFO:colcon.colcon_core.shell:Creating environment hook '/home/william/repos/control_system_ws/install/custom_interfaces/share/custom_interfaces/hook/ld_library_path_lib.ps1'
[2.123s] INFO:colcon.colcon_core.shell:Creating environment descriptor '/home/william/repos/control_system_ws/install/custom_interfaces/share/custom_interfaces/hook/ld_library_path_lib.dsv'
[2.123s] INFO:colcon.colcon_core.shell:Creating environment hook '/home/william/repos/control_system_ws/install/custom_interfaces/share/custom_interfaces/hook/ld_library_path_lib.sh'
[2.123s] Level 1:colcon.colcon_core.environment:checking '/home/william/repos/control_system_ws/install/custom_interfaces/bin'
[2.123s] Level 1:colcon.colcon_core.environment:checking '/home/william/repos/control_system_ws/install/custom_interfaces/lib/pkgconfig/custom_interfaces.pc'
[2.124s] Level 1:colcon.colcon_core.environment:checking '/home/william/repos/control_system_ws/install/custom_interfaces/lib/python3.10/site-packages'
[2.124s] Level 1:colcon.colcon_core.environment:checking '/home/william/repos/control_system_ws/install/custom_interfaces/bin'
[2.141s] INFO:colcon.colcon_core.shell:Creating package script '/home/william/repos/control_system_ws/install/custom_interfaces/share/custom_interfaces/package.ps1'
[2.142s] INFO:colcon.colcon_core.shell:Creating package descriptor '/home/william/repos/control_system_ws/install/custom_interfaces/share/custom_interfaces/package.dsv'
[2.143s] INFO:colcon.colcon_core.shell:Creating package script '/home/william/repos/control_system_ws/install/custom_interfaces/share/custom_interfaces/package.sh'
[2.144s] INFO:colcon.colcon_core.shell:Creating package script '/home/william/repos/control_system_ws/install/custom_interfaces/share/custom_interfaces/package.bash'
[2.144s] INFO:colcon.colcon_core.shell:Creating package script '/home/william/repos/control_system_ws/install/custom_interfaces/share/custom_interfaces/package.zsh'
[2.145s] Level 1:colcon.colcon_core.environment:create_file_with_runtime_dependencies(/home/william/repos/control_system_ws/install/custom_interfaces/share/colcon-core/packages/custom_interfaces)
[2.244s] Level 1:colcon.colcon_core.environment:create_environment_scripts_only(custom_interfaces)
[2.259s] Level 1:colcon.colcon_core.environment:checking '/home/william/repos/control_system_ws/install/custom_interfaces' for CMake module files
[2.260s] Level 1:colcon.colcon_core.environment:checking '/home/william/repos/control_system_ws/install/custom_interfaces' for CMake config files
[2.260s] Level 1:colcon.colcon_core.shell:create_environment_hook('custom_interfaces', 'cmake_prefix_path')
[2.277s] INFO:colcon.colcon_core.shell:Creating environment hook '/home/william/repos/control_system_ws/install/custom_interfaces/share/custom_interfaces/hook/cmake_prefix_path.ps1'
[2.277s] INFO:colcon.colcon_core.shell:Creating environment descriptor '/home/william/repos/control_system_ws/install/custom_interfaces/share/custom_interfaces/hook/cmake_prefix_path.dsv'
[2.277s] INFO:colcon.colcon_core.shell:Creating environment hook '/home/william/repos/control_system_ws/install/custom_interfaces/share/custom_interfaces/hook/cmake_prefix_path.sh'
[2.278s] Level 1:colcon.colcon_core.environment:checking '/home/william/repos/control_system_ws/install/custom_interfaces/lib'
[2.278s] Level 1:colcon.colcon_core.shell:create_environment_hook('custom_interfaces', 'ld_library_path_lib')
[2.294s] INFO:colcon.colcon_core.shell:Creating environment hook '/home/william/repos/control_system_ws/install/custom_interfaces/share/custom_interfaces/hook/ld_library_path_lib.ps1'
[2.294s] INFO:colcon.colcon_core.shell:Creating environment descriptor '/home/william/repos/control_system_ws/install/custom_interfaces/share/custom_interfaces/hook/ld_library_path_lib.dsv'
[2.295s] INFO:colcon.colcon_core.shell:Creating environment hook '/home/william/repos/control_system_ws/install/custom_interfaces/share/custom_interfaces/hook/ld_library_path_lib.sh'
[2.295s] Level 1:colcon.colcon_core.environment:checking '/home/william/repos/control_system_ws/install/custom_interfaces/bin'
[2.295s] Level 1:colcon.colcon_core.environment:checking '/home/william/repos/control_system_ws/install/custom_interfaces/lib/pkgconfig/custom_interfaces.pc'
[2.296s] Level 1:colcon.colcon_core.environment:checking '/home/william/repos/control_system_ws/install/custom_interfaces/lib/python3.10/site-packages'
[2.296s] Level 1:colcon.colcon_core.environment:checking '/home/william/repos/control_system_ws/install/custom_interfaces/bin'
[2.312s] INFO:colcon.colcon_core.shell:Creating package script '/home/william/repos/control_system_ws/install/custom_interfaces/share/custom_interfaces/package.ps1'
[2.313s] INFO:colcon.colcon_core.shell:Creating package descriptor '/home/william/repos/control_system_ws/install/custom_interfaces/share/custom_interfaces/package.dsv'
[2.313s] INFO:colcon.colcon_core.shell:Creating package script '/home/william/repos/control_system_ws/install/custom_interfaces/share/custom_interfaces/package.sh'
[2.314s] INFO:colcon.colcon_core.shell:Creating package script '/home/william/repos/control_system_ws/install/custom_interfaces/share/custom_interfaces/package.bash'
[2.314s] INFO:colcon.colcon_core.shell:Creating package script '/home/william/repos/control_system_ws/install/custom_interfaces/share/custom_interfaces/package.zsh'
[2.315s] Level 1:colcon.colcon_core.environment:create_file_with_runtime_dependencies(/home/william/repos/control_system_ws/install/custom_interfaces/share/colcon-core/packages/custom_interfaces)
[2.315s] INFO:colcon.colcon_ros.task.ament_python.build:Building ROS package in '/home/william/repos/control_system_ws/src/shimmer_emg' with build type 'ament_python'
[2.315s] Level 1:colcon.colcon_core.shell:create_environment_hook('shimmer_emg', 'ament_prefix_path')
[2.332s] INFO:colcon.colcon_core.shell:Creating environment hook '/home/william/repos/control_system_ws/install/shimmer_emg/share/shimmer_emg/hook/ament_prefix_path.ps1'
[2.333s] INFO:colcon.colcon_core.shell:Creating environment descriptor '/home/william/repos/control_system_ws/install/shimmer_emg/share/shimmer_emg/hook/ament_prefix_path.dsv'
[2.333s] INFO:colcon.colcon_core.shell:Creating environment hook '/home/william/repos/control_system_ws/install/shimmer_emg/share/shimmer_emg/hook/ament_prefix_path.sh'
[2.350s] INFO:colcon.colcon_core.shell:Skip shell extension 'powershell' for command environment: Not usable outside of PowerShell
[2.350s] DEBUG:colcon.colcon_core.shell:Skip shell extension 'dsv' for command environment
[2.637s] INFO:colcon.colcon_core.task.python.build:Building Python package in '/home/william/repos/control_system_ws/src/shimmer_emg'
[2.657s] INFO:colcon.colcon_core.shell:Skip shell extension 'powershell' for command environment: Not usable outside of PowerShell
[2.657s] DEBUG:colcon.colcon_core.shell:Skip shell extension 'dsv' for command environment
[3.535s] DEBUG:colcon.colcon_core.event_handler.log_command:Invoking command in '/home/william/repos/control_system_ws/src/shimmer_emg': PYTHONPATH=/home/william/repos/control_system_ws/build/shimmer_emg/prefix_override:/home/william/repos/control_system_ws/install/shimmer_emg/lib/python3.10/site-packages:${PYTHONPATH} /usr/bin/python3 setup.py egg_info --egg-base ../../build/shimmer_emg build --build-base /home/william/repos/control_system_ws/build/shimmer_emg/build install --record /home/william/repos/control_system_ws/build/shimmer_emg/install.log --single-version-externally-managed
[4.309s] DEBUG:colcon.colcon_core.event_handler.log_command:Invoked command in '/home/william/repos/control_system_ws/src/shimmer_emg' returned '0': PYTHONPATH=/home/william/repos/control_system_ws/build/shimmer_emg/prefix_override:/home/william/repos/control_system_ws/install/shimmer_emg/lib/python3.10/site-packages:${PYTHONPATH} /usr/bin/python3 setup.py egg_info --egg-base ../../build/shimmer_emg build --build-base /home/william/repos/control_system_ws/build/shimmer_emg/build install --record /home/william/repos/control_system_ws/build/shimmer_emg/install.log --single-version-externally-managed
[4.330s] Level 1:colcon.colcon_core.environment:checking '/home/william/repos/control_system_ws/install/shimmer_emg' for CMake module files
[4.331s] Level 1:colcon.colcon_core.environment:checking '/home/william/repos/control_system_ws/install/shimmer_emg' for CMake config files
[4.332s] Level 1:colcon.colcon_core.environment:checking '/home/william/repos/control_system_ws/install/shimmer_emg/lib'
[4.332s] Level 1:colcon.colcon_core.environment:checking '/home/william/repos/control_system_ws/install/shimmer_emg/bin'
[4.332s] Level 1:colcon.colcon_core.environment:checking '/home/william/repos/control_system_ws/install/shimmer_emg/lib/pkgconfig/shimmer_emg.pc'
[4.332s] Level 1:colcon.colcon_core.environment:checking '/home/william/repos/control_system_ws/install/shimmer_emg/lib/python3.10/site-packages'
[4.332s] Level 1:colcon.colcon_core.shell:create_environment_hook('shimmer_emg', 'pythonpath')
[4.354s] INFO:colcon.colcon_core.shell:Creating environment hook '/home/william/repos/control_system_ws/install/shimmer_emg/share/shimmer_emg/hook/pythonpath.ps1'
[4.355s] INFO:colcon.colcon_core.shell:Creating environment descriptor '/home/william/repos/control_system_ws/install/shimmer_emg/share/shimmer_emg/hook/pythonpath.dsv'
[4.355s] INFO:colcon.colcon_core.shell:Creating environment hook '/home/william/repos/control_system_ws/install/shimmer_emg/share/shimmer_emg/hook/pythonpath.sh'
[4.356s] Level 1:colcon.colcon_core.environment:checking '/home/william/repos/control_system_ws/install/shimmer_emg/bin'
[4.356s] Level 1:colcon.colcon_core.environment:create_environment_scripts_only(shimmer_emg)
[4.400s] INFO:colcon.colcon_core.shell:Creating package script '/home/william/repos/control_system_ws/install/shimmer_emg/share/shimmer_emg/package.ps1'
[4.401s] INFO:colcon.colcon_core.shell:Creating package descriptor '/home/william/repos/control_system_ws/install/shimmer_emg/share/shimmer_emg/package.dsv'
[4.402s] INFO:colcon.colcon_core.shell:Creating package script '/home/william/repos/control_system_ws/install/shimmer_emg/share/shimmer_emg/package.sh'
[4.402s] INFO:colcon.colcon_core.shell:Creating package script '/home/william/repos/control_system_ws/install/shimmer_emg/share/shimmer_emg/package.bash'
[4.403s] INFO:colcon.colcon_core.shell:Creating package script '/home/william/repos/control_system_ws/install/shimmer_emg/share/shimmer_emg/package.zsh'
[4.403s] Level 1:colcon.colcon_core.environment:create_file_with_runtime_dependencies(/home/william/repos/control_system_ws/install/shimmer_emg/share/colcon-core/packages/shimmer_emg)
[4.404s] DEBUG:colcon.colcon_parallel_executor.executor.parallel:closing loop
[4.404s] DEBUG:colcon.colcon_parallel_executor.executor.parallel:loop closed
[4.405s] DEBUG:colcon.colcon_parallel_executor.executor.parallel:run_until_complete finished with '0'
[4.405s] DEBUG:colcon.colcon_core.event_reactor:joining thread
[4.461s] INFO:colcon.colcon_core.plugin_system:Skipping extension 'colcon_notification.desktop_notification.terminal_notifier': Not used on non-Darwin systems
[4.462s] INFO:colcon.colcon_core.plugin_system:Skipping extension 'colcon_notification.desktop_notification.win32': Not used on non-Windows systems
[4.462s] INFO:colcon.colcon_notification.desktop_notification:Sending desktop notification using 'notify2'
[4.483s] DEBUG:colcon.colcon_core.event_reactor:joined thread
[4.513s] INFO:colcon.colcon_core.shell:Creating prefix script '/home/william/repos/control_system_ws/install/local_setup.ps1'
[4.516s] INFO:colcon.colcon_core.shell:Creating prefix util module '/home/william/repos/control_system_ws/install/_local_setup_util_ps1.py'
[4.519s] INFO:colcon.colcon_core.shell:Creating prefix chain script '/home/william/repos/control_system_ws/install/setup.ps1'
[4.558s] INFO:colcon.colcon_core.shell:Creating prefix script '/home/william/repos/control_system_ws/install/local_setup.sh'
[4.559s] INFO:colcon.colcon_core.shell:Creating prefix util module '/home/william/repos/control_system_ws/install/_local_setup_util_sh.py'
[4.560s] INFO:colcon.colcon_core.shell:Creating prefix chain script '/home/william/repos/control_system_ws/install/setup.sh'
[4.592s] INFO:colcon.colcon_core.shell:Creating prefix script '/home/william/repos/control_system_ws/install/local_setup.bash'
[4.593s] INFO:colcon.colcon_core.shell:Creating prefix chain script '/home/william/repos/control_system_ws/install/setup.bash'
[4.621s] INFO:colcon.colcon_core.shell:Creating prefix script '/home/william/repos/control_system_ws/install/local_setup.zsh'
[4.622s] INFO:colcon.colcon_core.shell:Creating prefix chain script '/home/william/repos/control_system_ws/install/setup.zsh'
